Boot modules (12):
  obj/destdir.evbriscv64/service/ds @ 0x81000000
  obj/destdir.evbriscv64/service/rs @ 0x8101a000
  obj/destdir.evbriscv64/service/pm @ 0x8103f000
  obj/destdir.evbriscv64/service/sched @ 0x8105b000
  obj/destdir.evbriscv64/service/vfs @ 0x8106b000
  obj/destdir.evbriscv64/service/memory @ 0x810a5000
  obj/destdir.evbriscv64/service/tty @ 0x8134f000
  obj/destdir.evbriscv64/service/mib @ 0x81365000
  obj/destdir.evbriscv64/service/vm @ 0x81383000
  obj/destdir.evbriscv64/service/pfs @ 0x813ae000
  obj/destdir.evbriscv64/service/mfs @ 0x813c2000
  obj/destdir.evbriscv64/sbin/init @ 0x813e5000
Starting QEMU with: qemu-system-riscv64 -machine virt -cpu rv64 -smp 4 -m 256M -nographic -bios default -kernel minix/kernel/obj/kernel -device loader,file=/tmp/minix-rv64-modinfo.7o9wWe,addr=0x80f00000,force-raw=on -device loader,file=obj/destdir.evbriscv64/service/ds,addr=0x81000000,force-raw=on -device loader,file=obj/destdir.evbriscv64/service/rs,addr=0x8101a000,force-raw=on -device loader,file=obj/destdir.evbriscv64/service/pm,addr=0x8103f000,force-raw=on -device loader,file=obj/destdir.evbriscv64/service/sched,addr=0x8105b000,force-raw=on -device loader,file=obj/destdir.evbriscv64/service/vfs,addr=0x8106b000,force-raw=on -device loader,file=obj/destdir.evbriscv64/service/memory,addr=0x810a5000,force-raw=on -device loader,file=obj/destdir.evbriscv64/service/tty,addr=0x8134f000,force-raw=on -device loader,file=obj/destdir.evbriscv64/service/mib,addr=0x81365000,force-raw=on -device loader,file=obj/destdir.evbriscv64/service/vm,addr=0x81383000,force-raw=on -device loader,file=obj/destdir.evbriscv64/service/pfs,addr=0x813ae000,force-raw=on -device loader,file=obj/destdir.evbriscv64/service/mfs,addr=0x813c2000,force-raw=on -device loader,file=obj/destdir.evbriscv64/sbin/init,addr=0x813e5000,force-raw=on -drive if=none,file=minix/drivers/storage/ramdisk/obj/image,format=raw,id=hd0 -device virtio-blk-device,drive=hd0 -serial mon:stdio -device virtio-rng-device

OpenSBI v1.6
   ____                    _____ ____ _____
  / __ \                  / ____|  _ \_   _|
 | |  | |_ __   ___ _ __ | (___ | |_) || |
 | |  | | '_ \ / _ \ '_ \ \___ \|  _ < | |
 | |__| | |_) |  __/ | | |____) | |_) || |_
  \____/| .__/ \___|_| |_|_____/|____/_____|
        | |
        |_|

Platform Name               : riscv-virtio,qemu
Platform Features           : medeleg
Platform HART Count         : 4
Platform IPI Device         : aclint-mswi
Platform Timer Device       : aclint-mtimer @ 10000000Hz
Platform Console Device     : uart8250
Platform HSM Device         : ---
Platform PMU Device         : ---
Platform Reboot Device      : syscon-reboot
Platform Shutdown Device    : syscon-poweroff
Platform Suspend Device     : ---
Platform CPPC Device        : ---
Firmware Base               : 0x80000000
Firmware Size               : 361 KB
Firmware RW Offset          : 0x40000
Firmware RW Size            : 105 KB
Firmware Heap Offset        : 0x4e000
Firmware Heap Size          : 49 KB (total), 3 KB (reserved), 13 KB (used), 32 KB (free)
Firmware Scratch Size       : 4096 B (total), 440 B (used), 3656 B (free)
Runtime SBI Version         : 2.0
Standard SBI Extensions     : ipi,pmu,srst,hsm,rfnc,time,base,legacy,dbcn
Experimental SBI Extensions : sse,fwft,dbtr

Domain0 Name                : root
Domain0 Boot HART           : 1
Domain0 HARTs               : 0*,1*,2*,3*
Domain0 Region00            : 0x0000000000100000-0x0000000000100fff M: (I,R,W) S/U: (R,W)
Domain0 Region01            : 0x0000000010000000-0x0000000010000fff M: (I,R,W) S/U: (R,W)
Domain0 Region02            : 0x0000000002000000-0x000000000200ffff M: (I,R,W) S/U: ()
Domain0 Region03            : 0x0000000080040000-0x000000008005ffff M: (R,W) S/U: ()
Domain0 Region04            : 0x0000000080000000-0x000000008003ffff M: (R,X) S/U: ()
Domain0 Region05            : 0x000000000c400000-0x000000000c5fffff M: (I,R,W) S/U: (R,W)
Domain0 Region06            : 0x000000000c000000-0x000000000c3fffff M: (I,R,W) S/U: (R,W)
Domain0 Region07            : 0x0000000000000000-0xffffffffffffffff M: () S/U: (R,W,X)
Domain0 Next Address        : 0x0000000080200000
Domain0 Next Arg1           : 0x000000008fe00000
Domain0 Next Mode           : S-mode
Domain0 SysReset            : yes
Domain0 SysSuspend          : yes

Boot HART ID                : 1
Boot HART Domain            : root
Boot HART Priv Version      : v1.12
Boot HART Base ISA          : rv64imafdch
Boot HART ISA Extensions    : sstc,zicntr,zihpm,zicboz,zicbom,sdtrig,svadu
Boot HART PMP Count         : 16
Boot HART PMP Granularity   : 2 bits
Boot HART PMP Address Bits  : 54
Boot HART MHPM Info         : 16 (0x0007fff8)
Boot HART Debug Triggers    : 2 triggers
Boot HART MIDELEG           : 0x0000000000001666
Boot HART MEDELEG           : 0x0000000000f4b509
rv64: kernel_main
rv64: kmain entry
rv64: kinfo copy
rv64: kmess copy
rv64: board_id
rv64: may_alloc
rv64: boot_procs
rv64: cstart
rv64: init_clock
rv64: after cstart
rv64: after BKL
rv64: proc_init
rv64: ipcf_init
rv64: mods_count=12
rv64: boot procs init start
rv64: arch_boot_proc VM
rv64: load_vm_elf start
rv64: boot_pgdir synced
rv64: load_vm_elf map segs
rv64: load_vm_elf map stack
rv64: load_vm_elf pg_load
rv64: pg_load enter
rv64: pg_load _boot_pgdir=0x80232000
rv64: pg_load satp=0x8000000000080232
ABCrv64: pg_load leave
rv64: load_vm_elf copy segs
rv64: map va=0x800000 pte=0x21fffcdf pa=0x87fff000 L0
rv64: map va=0xefffff00 pte=0x21f368d7 pa=0x87cdaf00 L0
rv64: load_vm_elf done
rv64: VM loaded
rv64: boot procs init done
rv64: boot procs updated
rv64: arch_post_init start
rv64: arch_post_init
rv64: memory_init start
rv64: memory_init
rv64: system_init start
rv64: system_init done
rv64: add_memmap
rv64: bsp_finish_booting
rv64: finish_booting start
rv64: finish_booting announce
rv64: finish_booting announce done
rv64: finish_booting schedule
rv64: finish_booting timer
rv64: finish_booting timer done
rv64: finish_booting switch
rv64: trap scause=0x8 sepc=0x8143f4 stval=0x0 sstatus=0x200000020
rv64: syscall a7=0x8 a2=0x6 a0=0x0 a1=0x0
rv64: trap scause=0x8 sepc=0x814414 stval=0x0 sstatus=0x200000020
rv64: syscall a7=0x9 a2=0x0 a0=0xeffffae4 a1=0xeffffae4
rv64: kcall m_ptr=0xeffffae4 type=0x61a src=0x0 req=0xb
rv64: kcall GETINFO req=0xb res=0x0
rv64: trap scause=0x8 sepc=0x814414 stval=0x0 sstatus=0x200000020
rv64: syscall a7=0x9 a2=0x0 a0=0xeffffab4 a1=0xeffffab4
rv64: kcall m_ptr=0xeffffab4 type=0x61a src=0x823208 req=0x0
rv64: kcall GETINFO req=0x0 res=0x0
rv64: trap scause=0x8 sepc=0x814414 stval=0x0 sstatus=0x200000020
rv64: syscall a7=0x9 a2=0x80 a0=0xeffff954 a1=0xeffff954
rv64: kcall m_ptr=0xeffff954 type=0x61a src=0x0 req=0x4
rv64: getinfo MONPARAMS val_ptr=0x977200 len=0x400 max=0x400
rv64: vcopy start dst=0x977200 src=0x8021a5f0 bytes=0x400 vmcheck=0x1
rv64: vcopy src_phys=0x8021a5f0 src_off=0x8021a5f0 chunk=0x400
rv64: vcopy dst_phys=0x87e87200 dst_off=0x977200
Ccrv64: vcopy done
rv64: getinfo MONPARAMS res=0x0
rv64: kcall GETINFO req=0x4 res=0x0
rv64: trap scause=0x8 sepc=0x814414 stval=0x0 sstatus=0x200000020
rv64: syscall a7=0x9 a2=0x868000 a0=0xeffffa34 a1=0xeffffa34
rv64: kcall m_ptr=0xeffffa34 type=0x60e src=0x0
rv64: trap scause=0x8 sepc=0x814414 stval=0x0 sstatus=0x200000020
rv64: syscall a7=0x9 a2=0x869000 a0=0xeffffa34 a1=0xeffffa34
rv64: kcall m_ptr=0xeffffa34 type=0x60e src=0xfffffffffffffffe
rv64: trap scause=0x8 sepc=0x814414 stval=0x0 sstatus=0x200000020
rv64: syscall a7=0x9 a2=0x86a000 a0=0xeffffa34 a1=0xeffffa34
rv64: kcall m_ptr=0xeffffa34 type=0x60e src=0xfffffffffffffffe
rv64: trap scause=0x8 sepc=0x814414 stval=0x0 sstatus=0x200000020
rv64: syscall a7=0x9 a2=0x86b000 a0=0xeffffa34 a1=0xeffffa34
rv64: kcall m_ptr=0xeffffa34 type=0x60e src=0xfffffffffffffffe
rv64: trap scause=0x8 sepc=0x814414 stval=0x0 sstatus=0x200000020
rv64: kcall m_ptr=0xeffffa34 type=0x60e src=0xfffffffffffffffe
rv64: trap scause=0x8 sepc=0x814414 stval=0x0 sstatus=0x200000020
rv64: trap scause=0x8 sepc=0x814414 stval=0x0 sstatus=0x200000020
rv64: trap scause=0x8 sepc=0x814414 stval=0x0 sstatus=0x200000020
rv64: trap scause=0x8 sepc=0x814414 stval=0x0 sstatus=0x200000020
rv64: trap scause=0x8 sepc=0x814414 stval=0x0 sstatus=0x200000020
rv64: trap scause=0x8 sepc=0x814414 stval=0x0 sstatus=0x200000020
rv64: trap scause=0x8 sepc=0x814414 stval=0x0 sstatus=0x200000020
rv64: trap scause=0x8 sepc=0x814414 stval=0x0 sstatus=0x200000020
rv64: trap scause=0x8 sepc=0x814414 stval=0x0 sstatus=0x200000020
rv64: trap scause=0x8 sepc=0x814414 stval=0x0 sstatus=0x200000020
rv64: trap scause=0x8 sepc=0x814414 stval=0x0 sstatus=0x200000020
rv64: trap scause=0x8 sepc=0x814414 stval=0x0 sstatus=0x200000020
rv64: trap scause=0x8 sepc=0x814414 stval=0x0 sstatus=0x200000020
rv64: trap scause=0x8 sepc=0x814414 stval=0x0 sstatus=0x200000020
rv64: trap scause=0x8 sepc=0x814414 stval=0x0 sstatus=0x200000020
rv64: trap scause=0x8 sepc=0x814414 stval=0x0 sstatus=0x200000020
rv64: trap scause=0x8 sepc=0x814414 stval=0x0 sstatus=0x200000020
rv64: kcall GETINFO req=0x8 res=0x0
rv64: trap scause=0x8 sepc=0x814414 stval=0x0 sstatus=0x200000020
rv64: trap scause=0x8 sepc=0x814414 stval=0x0 sstatus=0x200000020
rv64: trap scause=0x8 sepc=0x814414 stval=0x0 sstatus=0x200000020
rv64: trap scause=0x8 sepc=0x814414 stval=0x0 sstatus=0x200000020
rv64: trap scause=0x8 sepc=0x814414 stval=0x0 sstatus=0x200000020
rv64: trap scause=0x8 sepc=0x814414 stval=0x0 sstatus=0x200000020
rv64: trap scause=0x8 sepc=0x814414 stval=0x0 sstatus=0x200000020
rv64: kcall GETINFO req=0x8 res=0x0
rv64: trap scause=0x8 sepc=0x814414 stval=0x0 sstatus=0x200000020
rv64: trap scause=0x8 sepc=0x814414 stval=0x0 sstatus=0x200000020
rv64: kcall SYS_EXIT caller=vm/0x8 kcall_ra=0x8122a0 sys_exit_ra=0x8112b0 caller_ra=0x811274 sef_exit_ra=0x812530
rv64: cause_sig target=vm/0x8 pc=0x814418 sp=0xeffff72c ra=0x80edb8
kernel panic: cause_sig: sig manager 8 gets lethal signal 6 for itself
rv64: panic skipping stacktrace

























MINIX will now reset.
System halted.
