Boot modules (12):
  obj/destdir.evbriscv64/service/ds @ 0x81000000
  obj/destdir.evbriscv64/service/rs @ 0x8101a000
  obj/destdir.evbriscv64/service/pm @ 0x8103f000
  obj/destdir.evbriscv64/service/sched @ 0x8105b000
  obj/destdir.evbriscv64/service/vfs @ 0x8106b000
  obj/destdir.evbriscv64/service/memory @ 0x810a5000
  obj/destdir.evbriscv64/service/tty @ 0x8134f000
  obj/destdir.evbriscv64/service/mib @ 0x81365000
  obj/destdir.evbriscv64/service/vm @ 0x81383000
  obj/destdir.evbriscv64/service/pfs @ 0x813b1000
  obj/destdir.evbriscv64/service/mfs @ 0x813c5000
  obj/destdir.evbriscv64/sbin/init @ 0x813e8000
Starting QEMU with: qemu-system-riscv64 -machine virt -cpu rv64 -smp 4 -m 256M -nographic -bios default -kernel minix/kernel/obj/kernel -device loader,file=/tmp/minix-rv64-modinfo.H3sXKC,addr=0x80f00000,force-raw=on -device loader,file=obj/destdir.evbriscv64/service/ds,addr=0x81000000,force-raw=on -device loader,file=obj/destdir.evbriscv64/service/rs,addr=0x8101a000,force-raw=on -device loader,file=obj/destdir.evbriscv64/service/pm,addr=0x8103f000,force-raw=on -device loader,file=obj/destdir.evbriscv64/service/sched,addr=0x8105b000,force-raw=on -device loader,file=obj/destdir.evbriscv64/service/vfs,addr=0x8106b000,force-raw=on -device loader,file=obj/destdir.evbriscv64/service/memory,addr=0x810a5000,force-raw=on -device loader,file=obj/destdir.evbriscv64/service/tty,addr=0x8134f000,force-raw=on -device loader,file=obj/destdir.evbriscv64/service/mib,addr=0x81365000,force-raw=on -device loader,file=obj/destdir.evbriscv64/service/vm,addr=0x81383000,force-raw=on -device loader,file=obj/destdir.evbriscv64/service/pfs,addr=0x813b1000,force-raw=on -device loader,file=obj/destdir.evbriscv64/service/mfs,addr=0x813c5000,force-raw=on -device loader,file=obj/destdir.evbriscv64/sbin/init,addr=0x813e8000,force-raw=on -serial mon:stdio -device virtio-rng-device

OpenSBI v1.6
   ____                    _____ ____ _____
  / __ \                  / ____|  _ \_   _|
 | |  | |_ __   ___ _ __ | (___ | |_) || |
 | |  | | '_ \ / _ \ '_ \ \___ \|  _ < | |
 | |__| | |_) |  __/ | | |____) | |_) || |_
  \____/| .__/ \___|_| |_|_____/|____/_____|
        | |
        |_|

Platform Name               : riscv-virtio,qemu
Platform Features           : medeleg
Platform HART Count         : 4
Platform IPI Device         : aclint-mswi
Platform Timer Device       : aclint-mtimer @ 10000000Hz
Platform Console Device     : uart8250
Platform HSM Device         : ---
Platform PMU Device         : ---
Platform Reboot Device      : syscon-reboot
Platform Shutdown Device    : syscon-poweroff
Platform Suspend Device     : ---
Platform CPPC Device        : ---
Firmware Base               : 0x80000000
Firmware Size               : 361 KB
Firmware RW Offset          : 0x40000
Firmware RW Size            : 105 KB
Firmware Heap Offset        : 0x4e000
Firmware Heap Size          : 49 KB (total), 3 KB (reserved), 13 KB (used), 32 KB (free)
Firmware Scratch Size       : 4096 B (total), 440 B (used), 3656 B (free)
Runtime SBI Version         : 2.0
Standard SBI Extensions     : ipi,pmu,srst,hsm,rfnc,time,base,legacy,dbcn
Experimental SBI Extensions : sse,fwft,dbtr

Domain0 Name                : root
Domain0 Boot HART           : 0
Domain0 HARTs               : 0*,1*,2*,3*
Domain0 Region00            : 0x0000000000100000-0x0000000000100fff M: (I,R,W) S/U: (R,W)
Domain0 Region01            : 0x0000000010000000-0x0000000010000fff M: (I,R,W) S/U: (R,W)
Domain0 Region02            : 0x0000000002000000-0x000000000200ffff M: (I,R,W) S/U: ()
Domain0 Region03            : 0x0000000080040000-0x000000008005ffff M: (R,W) S/U: ()
Domain0 Region04            : 0x0000000080000000-0x000000008003ffff M: (R,X) S/U: ()
Domain0 Region05            : 0x000000000c400000-0x000000000c5fffff M: (I,R,W) S/U: (R,W)
Domain0 Region06            : 0x000000000c000000-0x000000000c3fffff M: (I,R,W) S/U: (R,W)
Domain0 Region07            : 0x0000000000000000-0xffffffffffffffff M: () S/U: (R,W,X)
Domain0 Next Address        : 0x0000000080200000
Domain0 Next Arg1           : 0x000000008fe00000
Domain0 Next Mode           : S-mode
Domain0 SysReset            : yes
Domain0 SysSuspend          : yes

Boot HART ID                : 0
Boot HART Domain            : root
Boot HART Priv Version      : v1.12
Boot HART Base ISA          : rv64imafdch
Boot HART ISA Extensions    : sstc,zicntr,zihpm,zicboz,zicbom,sdtrig,svadu
Boot HART PMP Count         : 16
Boot HART PMP Granularity   : 2 bits
Boot HART PMP Address Bits  : 54
Boot HART MHPM Info         : 16 (0x0007fff8)
Boot HART Debug Triggers    : 2 triggers
Boot HART MIDELEG           : 0x0000000000001666
Boot HART MEDELEG           : 0x0000000000f4b509
rv64: kernel_main
rv64: kmain entry
rv64: kinfo copy
rv64: kmess copy
rv64: board_id
rv64: may_alloc
rv64: boot_procs
rv64: cstart
rv64: init_clock
rv64: after cstart
rv64: after BKL
rv64: proc_init
rv64: ipcf_init
rv64: mods_count=12
rv64: boot procs init start
rv64: arch_boot_proc VM
rv64: load_vm_elf start
rv64: boot_pgdir synced
rv64: load_vm_elf map segs
rv64: load_vm_elf map stack
rv64: load_vm_elf pg_load
ABCrv64: pg_load leave
rv64: load_vm_elf copy segs
rv64: map va=0x800000 pte=0x21fffcdf pa=0x87fff000 L0
rv64: map va=0xefffff00 pte=0x21e75cd7 pa=0x879d7f00 L0
rv64: load_vm_elf done
rv64: VM loaded
rv64: boot procs init done
rv64: boot procs updated
rv64: arch_post_init start
rv64: arch_post_init
rv64: memory_init start
rv64: memory_init
rv64: system_init start
rv64: system_init done
rv64: add_memmap
rv64: bsp_finish_booting
rv64: finish_booting start
rv64: finish_booting announce
rv64: finish_booting announce done
rv64: finish_booting schedule
rv64: finish_booting timer
rv64: finish_booting timer done
rv64: finish_booting switch
rv64: syscall a7=0x8 a2=0x6 a0=0x0 a1=0x0
rv64: syscall a7=0x9 a2=0x0 a0=0xeffffae4 a1=0xeffffae4
rv64: kcall m_ptr=0xeffffae4 type=0x61a src=0x0 req=0xb
rv64: kcall GETINFO req=0xb res=0x0
rv64: syscall a7=0x9 a2=0x0 a0=0xeffffab4 a1=0xeffffab4
rv64: kcall m_ptr=0xeffffab4 type=0x61a src=0x824118 req=0x0
rv64: kcall GETINFO req=0x0 res=0x0
rv64: syscall a7=0x9 a2=0x80 a0=0xeffff954 a1=0xeffff954
rv64: kcall m_ptr=0xeffff954 type=0x61a src=0x0 req=0x4
rv64: getinfo MONPARAMS val_ptr=0xb76200 len=0x400 max=0x400
rv64: vcopy start dst=0xb76200 src=0x8021a5f0 bytes=0x400 vmcheck=0x1
rv64: vcopy src_phys=0x8021a5f0 src_off=0x8021a5f0 chunk=0x400
rv64: vcopy dst_phys=0x87c86200 dst_off=0xb76200
Ccrv64: vcopy done
rv64: getinfo MONPARAMS res=0x0
rv64: kcall GETINFO req=0x4 res=0x0
rv64: syscall a7=0x9 a2=0x23 a0=0xefffd974 a1=0xefffd974
rv64: kcall m_ptr=0xefffd974 type=0x62c src=0x814fec
VM: mapping 480 static spare pages
rv64: syscall a7=0x9 a2=0x895000 a0=0xefffd9f4 a1=0xefffd9f4
rv64: kcall m_ptr=0xefffd9f4 type=0x60e src=0x824648
rv64: syscall a7=0x9 a2=0x896000 a0=0xefffd9f4 a1=0xefffd9f4
rv64: kcall m_ptr=0xefffd9f4 type=0x60e src=0xfffffffffffffffe
rv64: syscall a7=0x9 a2=0x897000 a0=0xefffd9f4 a1=0xefffd9f4
rv64: kcall m_ptr=0xefffd9f4 type=0x60e src=0xfffffffffffffffe
rv64: syscall a7=0x9 a2=0x898000 a0=0xefffd9f4 a1=0xefffd9f4
rv64: kcall m_ptr=0xefffd9f4 type=0x60e src=0xfffffffffffffffe
rv64: syscall a7=0x9 a2=0x899000 a0=0xefffd9f4 a1=0xefffd9f4
rv64: kcall m_ptr=0xefffd9f4 type=0x60e src=0xfffffffffffffffe
rv64: syscall a7=0x9 a2=0x89a000 a0=0xefffd9f4 a1=0xefffd9f4
rv64: kcall m_ptr=0xefffd9f4 type=0x60e src=0xfffffffffffffffe
rv64: syscall a7=0x9 a2=0x89b000 a0=0xefffd9f4 a1=0xefffd9f4
rv64: kcall m_ptr=0xefffd9f4 type=0x60e src=0xfffffffffffffffe
rv64: syscall a7=0x9 a2=0x89c000 a0=0xefffd9f4 a1=0xefffd9f4
rv64: kcall m_ptr=0xefffd9f4 type=0x60e src=0xfffffffffffffffe
rv64: syscall a7=0x9 a2=0x89d000 a0=0xefffd9f4 a1=0xefffd9f4
rv64: kcall m_ptr=0xefffd9f4 type=0x60e src=0xfffffffffffffffe
rv64: syscall a7=0x9 a2=0x89e000 a0=0xefffd9f4 a1=0xefffd9f4
rv64: kcall m_ptr=0xefffd9f4 type=0x60e src=0xfffffffffffffffe
rv64: syscall a7=0x9 a2=0x89f000 a0=0xefffd9f4 a1=0xefffd9f4
rv64: kcall m_ptr=0xefffd9f4 type=0x60e src=0xfffffffffffffffe
rv64: syscall a7=0x9 a2=0x8a0000 a0=0xefffd9f4 a1=0xefffd9f4
rv64: kcall m_ptr=0xefffd9f4 type=0x60e src=0xfffffffffffffffe
rv64: syscall a7=0x9 a2=0x8a1000 a0=0xefffd9f4 a1=0xefffd9f4
rv64: kcall m_ptr=0xefffd9f4 type=0x60e src=0xfffffffffffffffe
rv64: syscall a7=0x9 a2=0x8a2000 a0=0xefffd9f4 a1=0xefffd9f4
rv64: kcall m_ptr=0xefffd9f4 type=0x60e src=0xfffffffffffffffe
rv64: syscall a7=0x9 a2=0x8a3000 a0=0xefffd9f4 a1=0xefffd9f4
rv64: kcall m_ptr=0xefffd9f4 type=0x60e src=0xfffffffffffffffe
rv64: syscall a7=0x9 a2=0x8a4000 a0=0xefffd9f4 a1=0xefffd9f4
rv64: kcall m_ptr=0xefffd9f4 type=0x60e src=0xfffffffffffffffe
rv64: syscall a7=0x9 a2=0x8a5000 a0=0xefffd9f4 a1=0xefffd9f4
rv64: kcall m_ptr=0xefffd9f4 type=0x60e src=0xfffffffffffffffe
rv64: syscall a7=0x9 a2=0x8a6000 a0=0xefffd9f4 a1=0xefffd9f4
rv64: kcall m_ptr=0xefffd9f4 type=0x60e src=0xfffffffffffffffe
rv64: syscall a7=0x9 a2=0x8a7000 a0=0xefffd9f4 a1=0xefffd9f4
rv64: kcall m_ptr=0xefffd9f4 type=0x60e src=0xfffffffffffffffe
rv64: syscall a7=0x9 a2=0x8a8000 a0=0xefffd9f4 a1=0xefffd9f4
rv64: kcall m_ptr=0xefffd9f4 type=0x60e src=0xfffffffffffffffe
rv64: syscall a7=0x9 a2=0x8a9000 a0=0xefffd9f4 a1=0xefffd9f4
rv64: kcall m_ptr=0xefffd9f4 type=0x60e src=0xfffffffffffffffe
rv64: syscall a7=0x9 a2=0x8aa000 a0=0xefffd9f4 a1=0xefffd9f4
rv64: kcall m_ptr=0xefffd9f4 type=0x60e src=0xfffffffffffffffe
rv64: syscall a7=0x9 a2=0x8ab000 a0=0xefffd9f4 a1=0xefffd9f4
rv64: kcall m_ptr=0xefffd9f4 type=0x60e src=0xfffffffffffffffe
rv64: syscall a7=0x9 a2=0x8ac000 a0=0xefffd9f4 a1=0xefffd9f4
rv64: kcall m_ptr=0xefffd9f4 type=0x60e src=0xfffffffffffffffe
rv64: syscall a7=0x9 a2=0x8ad000 a0=0xefffd9f4 a1=0xefffd9f4
rv64: kcall m_ptr=0xefffd9f4 type=0x60e src=0xfffffffffffffffe
rv64: syscall a7=0x9 a2=0x8ae000 a0=0xefffd9f4 a1=0xefffd9f4
rv64: kcall m_ptr=0xefffd9f4 type=0x60e src=0xfffffffffffffffe
rv64: syscall a7=0x9 a2=0x8af000 a0=0xefffd9f4 a1=0xefffd9f4
rv64: kcall m_ptr=0xefffd9f4 type=0x60e src=0xfffffffffffffffe
rv64: syscall a7=0x9 a2=0x8b0000 a0=0xefffd9f4 a1=0xefffd9f4
rv64: kcall m_ptr=0xefffd9f4 type=0x60e src=0xfffffffffffffffe
rv64: syscall a7=0x9 a2=0x8b1000 a0=0xefffd9f4 a1=0xefffd9f4
rv64: kcall m_ptr=0xefffd9f4 type=0x60e src=0xfffffffffffffffe
rv64: syscall a7=0x9 a2=0x8b2000 a0=0xefffd9f4 a1=0xefffd9f4
rv64: kcall m_ptr=0xefffd9f4 type=0x60e src=0xfffffffffffffffe
rv64: syscall a7=0x9 a2=0x8b3000 a0=0xefffd9f4 a1=0xefffd9f4
rv64: kcall m_ptr=0xefffd9f4 type=0x60e src=0xfffffffffffffffe
rv64: syscall a7=0x9 a2=0x8b4000 a0=0xefffd9f4 a1=0xefffd9f4
rv64: kcall m_ptr=0xefffd9f4 type=0x60e src=0xfffffffffffffffe
rv64: syscall a7=0x9 a2=0x8b5000 a0=0xefffd9f4 a1=0xefffd9f4
rv64: kcall m_ptr=0xefffd9f4 type=0x60e src=0xfffffffffffffffe
rv64: syscall a7=0x9 a2=0x8b6000 a0=0xefffd9f4 a1=0xefffd9f4
rv64: kcall m_ptr=0xefffd9f4 type=0x60e src=0xfffffffffffffffe
rv64: syscall a7=0x9 a2=0x8b7000 a0=0xefffd9f4 a1=0xefffd9f4
rv64: kcall m_ptr=0xefffd9f4 type=0x60e src=0xfffffffffffffffe
rv64: syscall a7=0x9 a2=0x8b8000 a0=0xefffd9f4 a1=0xefffd9f4
rv64: kcall m_ptr=0xefffd9f4 type=0x60e src=0xfffffffffffffffe
rv64: syscall a7=0x9 a2=0x8b9000 a0=0xefffd9f4 a1=0xefffd9f4
rv64: kcall m_ptr=0xefffd9f4 type=0x60e src=0xfffffffffffffffe
rv64: syscall a7=0x9 a2=0x8ba000 a0=0xefffd9f4 a1=0xefffd9f4
rv64: kcall m_ptr=0xefffd9f4 type=0x60e src=0xfffffffffffffffe
rv64: syscall a7=0x9 a2=0x8bb000 a0=0xefffd9f4 a1=0xefffd9f4
rv64: kcall m_ptr=0xefffd9f4 type=0x60e src=0xfffffffffffffffe
rv64: syscall a7=0x9 a2=0x8bc000 a0=0xefffd9f4 a1=0xefffd9f4
rv64: kcall m_ptr=0xefffd9f4 type=0x60e src=0xfffffffffffffffe
rv64: syscall a7=0x9 a2=0x8bd000 a0=0xefffd9f4 a1=0xefffd9f4
rv64: kcall m_ptr=0xefffd9f4 type=0x60e src=0xfffffffffffffffe
rv64: syscall a7=0x9 a2=0x8be000 a0=0xefffd9f4 a1=0xefffd9f4
rv64: kcall m_ptr=0xefffd9f4 type=0x60e src=0xfffffffffffffffe
rv64: syscall a7=0x9 a2=0x8bf000 a0=0xefffd9f4 a1=0xefffd9f4
rv64: kcall m_ptr=0xefffd9f4 type=0x60e src=0xfffffffffffffffe
rv64: syscall a7=0x9 a2=0x8c0000 a0=0xefffd9f4 a1=0xefffd9f4
rv64: kcall m_ptr=0xefffd9f4 type=0x60e src=0xfffffffffffffffe
rv64: syscall a7=0x9 a2=0x8c1000 a0=0xefffd9f4 a1=0xefffd9f4
rv64: kcall m_ptr=0xefffd9f4 type=0x60e src=0xfffffffffffffffe
rv64: syscall a7=0x9 a2=0x8c2000 a0=0xefffd9f4 a1=0xefffd9f4
rv64: kcall m_ptr=0xefffd9f4 type=0x60e src=0xfffffffffffffffe
rv64: syscall a7=0x9 a2=0x8c3000 a0=0xefffd9f4 a1=0xefffd9f4
rv64: kcall m_ptr=0xefffd9f4 type=0x60e src=0xfffffffffffffffe
rv64: syscall a7=0x9 a2=0x8c4000 a0=0xefffd9f4 a1=0xefffd9f4
rv64: kcall m_ptr=0xefffd9f4 type=0x60e src=0xfffffffffffffffe
rv64: syscall a7=0x9 a2=0x8c5000 a0=0xefffd9f4 a1=0xefffd9f4
rv64: kcall m_ptr=0xefffd9f4 type=0x60e src=0xfffffffffffffffe
rv64: syscall a7=0x9 a2=0x8c6000 a0=0xefffd9f4 a1=0xefffd9f4
rv64: kcall m_ptr=0xefffd9f4 type=0x60e src=0xfffffffffffffffe
rv64: syscall a7=0x9 a2=0x8c7000 a0=0xefffd9f4 a1=0xefffd9f4
rv64: kcall m_ptr=0xefffd9f4 type=0x60e src=0xfffffffffffffffe
rv64: syscall a7=0x9 a2=0x8c8000 a0=0xefffd9f4 a1=0xefffd9f4
rv64: kcall m_ptr=0xefffd9f4 type=0x60e src=0xfffffffffffffffe
rv64: syscall a7=0x9 a2=0x8c9000 a0=0xefffd9f4 a1=0xefffd9f4
rv64: kcall m_ptr=0xefffd9f4 type=0x60e src=0xfffffffffffffffe
rv64: syscall a7=0x9 a2=0x8ca000 a0=0xefffd9f4 a1=0xefffd9f4
rv64: kcall m_ptr=0xefffd9f4 type=0x60e src=0xfffffffffffffffe
rv64: syscall a7=0x9 a2=0x8cb000 a0=0xefffd9f4 a1=0xefffd9f4
rv64: kcall m_ptr=0xefffd9f4 type=0x60e src=0xfffffffffffffffe
rv64: syscall a7=0x9 a2=0x8cc000 a0=0xefffd9f4 a1=0xefffd9f4
rv64: kcall m_ptr=0xefffd9f4 type=0x60e src=0xfffffffffffffffe
rv64: syscall a7=0x9 a2=0x8cd000 a0=0xefffd9f4 a1=0xefffd9f4
rv64: kcall m_ptr=0xefffd9f4 type=0x60e src=0xfffffffffffffffe
rv64: syscall a7=0x9 a2=0x8ce000 a0=0xefffd9f4 a1=0xefffd9f4
rv64: kcall m_ptr=0xefffd9f4 type=0x60e src=0xfffffffffffffffe
rv64: syscall a7=0x9 a2=0x8cf000 a0=0xefffd9f4 a1=0xefffd9f4
rv64: kcall m_ptr=0xefffd9f4 type=0x60e src=0xfffffffffffffffe
rv64: kcall m_ptr=0xefffd9f4 type=0x60e src=0xfffffffffffffffe
VM: static spare pages mapped
rv64: kcall VMCTL param=0x1b who=0x2 res=0x0
VM: kernmap set flags=0x13 userflag=0x10
VM: kernmap user pindex=0 phys=0x80217000 len=0x4000 flags=0x2 vir=0x100000000
rv64: phys_map_reply idx=0x0 addr=0x100000000 usermapped_start=0x80217000
rv64: phys_map_reply offset=0x7fde9000 kerninfo_user=0x100003cf8
rv64: kcall VMCTL param=0x1c who=0x7bfe res=0x0
rv64: kcall VMCTL param=0x1b who=0x7bfe res=0xffffffffffffffea
VM: pt_init kernel mapped page tables allocated
VM: pt_init newpt alloc
VM: pt_init newpt ready
rv64: kcall VMCTL param=0xd who=0x7bfe res=0x0
VM: pt_init copy pagetables start
VM: pt_init copy pde 0
VM: pt_init copy pde 128
VM: pt_init copy pde 256
VM: pt_init copy pde 384
VM: pt_init copy pagetables end
VM: pt_init pte2=0x200000ef kern_pde=256 val=0x200000ef
VM: pt_init pte2_phys=0x200000ef
VM: pt_init pd_phys=0x87d92000 check=0x87d92000
VM: pt_init before pt_bind
rv64: vmctl setaddrspace ep=0x8 root=0x87d92000 root_v=0x140008000
rv64: setaddrspace switch
rv64: setaddrspace fn=0x8021c8cc pgdir_fn=0x8021c8b0
rv64: setaddrspace switched
rv64: setaddrspace tlb
rv64: kcall VMCTL param=0x1d who=0x8 res=0x0
VM: pt_bind set_addrspace r=0
rv64: kcall VMCTL param=0xd who=0x7bfe res=0x0
VM: pt_init bound newpt
rv64: kcall VMCTL param=0x1a who=0x7bfe res=0x0
rv64: kcall VMCTL param=0x1a who=0x7bfe res=0x0
rv64: vmctl setaddrspace ep=0x8 root=0x87d92000 root_v=0x140008000
rv64: setaddrspace switch
rv64: setaddrspace fn=0x8021c8cc pgdir_fn=0x8021c8b0
rv64: setaddrspace switched
rv64: setaddrspace tlb
VM: pt_bind set_addrspace r=0
rv64: vmctl setaddrspace ep=0x8 root=0x8382e000 root_v=0x140008000
rv64: setaddrspace switch
rv64: setaddrspace fn=0x8021c8cc pgdir_fn=0x8021c8b0
rv64: setaddrspace switched
rv64: setaddrspace tlb
VM: pt_bind set_addrspace r=0
VM: kernmap check i=0 vir=0x100000000 flags=0x13
VM: kernmap pte vir=0x100000000 entry=0x20085cd3
VM: pt_init end
rv64: vmctl setaddrspace ep=0x6 root=0x83786000 root_v=0x140006000
VM: pt_bind set_addrspace r=0
libexec: ehdr class=2 data=1 ver=1 phoff=64 phentsize=56 phnum=3 entry=0x800120
libexec: ehdr class=2 data=1 ver=1 phoff=64 phentsize=56 phnum=3 entry=0x800120
rv64: vmctl setaddrspace ep=0x2 root=0x81019000 root_v=0x140002000
VM: pt_bind set_addrspace r=0
libexec: ehdr class=2 data=1 ver=1 phoff=64 phentsize=56 phnum=3 entry=0x800120
libexec: ehdr class=2 data=1 ver=1 phoff=64 phentsize=56 phnum=3 entry=0x800120
rv64: vmctl setaddrspace ep=0x0 root=0x8103e000 root_v=0x140000000
VM: pt_bind set_addrspace r=0
libexec: ehdr class=2 data=1 ver=1 phoff=64 phentsize=56 phnum=3 entry=0x800120
libexec: ehdr class=2 data=1 ver=1 phoff=64 phentsize=56 phnum=3 entry=0x800120
rv64: vmctl setaddrspace ep=0x4 root=0x8105a000 root_v=0x140004000
VM: pt_bind set_addrspace r=0
libexec: ehdr class=2 data=1 ver=1 phoff=64 phentsize=56 phnum=3 entry=0x800120
libexec: ehdr class=2 data=1 ver=1 phoff=64 phentsize=56 phnum=3 entry=0x800120
rv64: vmctl setaddrspace ep=0x1 root=0x8106a000 root_v=0x140001000
VM: pt_bind set_addrspace r=0
libexec: ehdr class=2 data=1 ver=1 phoff=64 phentsize=56 phnum=3 entry=0x800120
libexec: ehdr class=2 data=1 ver=1 phoff=64 phentsize=56 phnum=3 entry=0x800120
VM: pt_bind set_addrspace r=0
libexec: ehdr class=2 data=1 ver=1 phoff=64 phentsize=56 phnum=3 entry=0x800120
libexec: ehdr class=2 data=1 ver=1 phoff=64 phentsize=56 phnum=3 entry=0x800120
VM: pt_bind set_addrspace r=0
libexec: ehdr class=2 data=1 ver=1 phoff=64 phentsize=56 phnum=3 entry=0x800120
libexec: ehdr class=2 data=1 ver=1 phoff=64 phentsize=56 phnum=3 entry=0x800120
VM: pt_bind set_addrspace r=0
libexec: ehdr class=2 data=1 ver=1 phoff=64 phentsize=56 phnum=3 entry=0x800120
libexec: ehdr class=2 data=1 ver=1 phoff=64 phentsize=56 phnum=3 entry=0x800120
VM: pt_bind set_addrspace r=0
libexec: ehdr class=2 data=1 ver=1 phoff=64 phentsize=56 phnum=3 entry=0x800120
libexec: ehdr class=2 data=1 ver=1 phoff=64 phentsize=56 phnum=3 entry=0x800120
VM: pt_bind set_addrspace r=0
libexec: ehdr class=2 data=1 ver=1 phoff=64 phentsize=56 phnum=3 entry=0x800120
libexec: ehdr class=2 data=1 ver=1 phoff=64 phentsize=56 phnum=3 entry=0x800120
VM: pt_bind set_addrspace r=0
libexec: ehdr class=2 data=1 ver=1 phoff=64 phentsize=56 phnum=3 entry=0x800120
libexec: ehdr class=2 data=1 ver=1 phoff=64 phentsize=56 phnum=3 entry=0x800120
rv64: kcall GETINFO req=0x8 res=0x0
do_sync_ipc: bad dst priv caller=8 ep=8 dst_p=0 dst_ep=0 dst_priv=0x0 satp=0x800000000008382e
Krv64: trap scause=0x5 sepc=0x802231cc stval=0x4 sstatus=0x200000100
kernel panic: Access fault at 0x802231cc: addr 0x4
rv64: panic skipping stacktrace

























MINIX will now reset.
System halted.
