Boot modules (12):
  obj/destdir.evbriscv64/service/ds @ 0x81000000
  obj/destdir.evbriscv64/service/rs @ 0x8101a000
  obj/destdir.evbriscv64/service/pm @ 0x8119c000
  obj/destdir.evbriscv64/service/sched @ 0x811b8000
  obj/destdir.evbriscv64/service/vfs @ 0x811c9000
  obj/destdir.evbriscv64/service/memory @ 0x81205000
  obj/destdir.evbriscv64/service/tty @ 0x814af000
  obj/destdir.evbriscv64/service/mib @ 0x814c5000
  obj/destdir.evbriscv64/service/vm @ 0x814e3000
  obj/destdir.evbriscv64/service/pfs @ 0x81653000
  obj/destdir.evbriscv64/service/mfs @ 0x81667000
  obj/destdir.evbriscv64/sbin/init @ 0x8168b000
Starting QEMU with: qemu-system-riscv64 -machine virt -cpu rv64 -smp 4 -m 256M -nographic -bios default -kernel minix/kernel/obj/kernel -device loader,file=/tmp/minix-rv64-modinfo.BMrCs2,addr=0x80f00000,force-raw=on -device loader,file=obj/destdir.evbriscv64/service/ds,addr=0x81000000,force-raw=on -device loader,file=obj/destdir.evbriscv64/service/rs,addr=0x8101a000,force-raw=on -device loader,file=obj/destdir.evbriscv64/service/pm,addr=0x8119c000,force-raw=on -device loader,file=obj/destdir.evbriscv64/service/sched,addr=0x811b8000,force-raw=on -device loader,file=obj/destdir.evbriscv64/service/vfs,addr=0x811c9000,force-raw=on -device loader,file=obj/destdir.evbriscv64/service/memory,addr=0x81205000,force-raw=on -device loader,file=obj/destdir.evbriscv64/service/tty,addr=0x814af000,force-raw=on -device loader,file=obj/destdir.evbriscv64/service/mib,addr=0x814c5000,force-raw=on -device loader,file=obj/destdir.evbriscv64/service/vm,addr=0x814e3000,force-raw=on -device loader,file=obj/destdir.evbriscv64/service/pfs,addr=0x81653000,force-raw=on -device loader,file=obj/destdir.evbriscv64/service/mfs,addr=0x81667000,force-raw=on -device loader,file=obj/destdir.evbriscv64/sbin/init,addr=0x8168b000,force-raw=on -serial mon:stdio -device virtio-rng-device

OpenSBI v1.6
   ____                    _____ ____ _____
  / __ \                  / ____|  _ \_   _|
 | |  | |_ __   ___ _ __ | (___ | |_) || |
 | |  | | '_ \ / _ \ '_ \ \___ \|  _ < | |
 | |__| | |_) |  __/ | | |____) | |_) || |_
  \____/| .__/ \___|_| |_|_____/|____/_____|
        | |
        |_|

Platform Name               : riscv-virtio,qemu
Platform Features           : medeleg
Platform HART Count         : 4
Platform IPI Device         : aclint-mswi
Platform Timer Device       : aclint-mtimer @ 10000000Hz
Platform Console Device     : uart8250
Platform HSM Device         : ---
Platform PMU Device         : ---
Platform Reboot Device      : syscon-reboot
Platform Shutdown Device    : syscon-poweroff
Platform Suspend Device     : ---
Platform CPPC Device        : ---
Firmware Base               : 0x80000000
Firmware Size               : 361 KB
Firmware RW Offset          : 0x40000
Firmware RW Size            : 105 KB
Firmware Heap Offset        : 0x4e000
Firmware Heap Size          : 49 KB (total), 3 KB (reserved), 13 KB (used), 32 KB (free)
Firmware Scratch Size       : 4096 B (total), 440 B (used), 3656 B (free)
Runtime SBI Version         : 2.0
Standard SBI Extensions     : ipi,pmu,srst,hsm,rfnc,time,base,legacy,dbcn
Experimental SBI Extensions : sse,fwft,dbtr

Domain0 Name                : root
Domain0 Boot HART           : 1
Domain0 HARTs               : 0*,1*,2*,3*
Domain0 Region00            : 0x0000000000100000-0x0000000000100fff M: (I,R,W) S/U: (R,W)
Domain0 Region01            : 0x0000000010000000-0x0000000010000fff M: (I,R,W) S/U: (R,W)
Domain0 Region02            : 0x0000000002000000-0x000000000200ffff M: (I,R,W) S/U: ()
Domain0 Region03            : 0x0000000080040000-0x000000008005ffff M: (R,W) S/U: ()
Domain0 Region04            : 0x0000000080000000-0x000000008003ffff M: (R,X) S/U: ()
Domain0 Region05            : 0x000000000c400000-0x000000000c5fffff M: (I,R,W) S/U: (R,W)
Domain0 Region06            : 0x000000000c000000-0x000000000c3fffff M: (I,R,W) S/U: (R,W)
Domain0 Region07            : 0x0000000000000000-0xffffffffffffffff M: () S/U: (R,W,X)
Domain0 Next Address        : 0x0000000080200000
Domain0 Next Arg1           : 0x000000008fe00000
Domain0 Next Mode           : S-mode
Domain0 SysReset            : yes
Domain0 SysSuspend          : yes

Boot HART ID                : 1
Boot HART Domain            : root
Boot HART Priv Version      : v1.12
Boot HART Base ISA          : rv64imafdch
Boot HART ISA Extensions    : sstc,zicntr,zihpm,zicboz,zicbom,sdtrig,svadu
Boot HART PMP Count         : 16
Boot HART PMP Granularity   : 2 bits
Boot HART PMP Address Bits  : 54
Boot HART MHPM Info         : 16 (0x0007fff8)
Boot HART Debug Triggers    : 2 triggers
Boot HART MIDELEG           : 0x0000000000001666
Boot HART MEDELEG           : 0x0000000000f4b509
rv64: kernel_main
rv64: kmain entry
rv64: kinfo copy
rv64: kmess copy
rv64: board_id
rv64: may_alloc
rv64: boot_procs
rv64: cstart
rv64: init_clock
rv64: after cstart
rv64: after BKL
rv64: proc_init
rv64: ipcf_init
rv64: mods_count=12
rv64: boot procs init start
rv64: get_priv proc=18446744073709551611 ep=18446744073709551611 priv=0x80322e48
rv64: get_priv proc=18446744073709551612 ep=18446744073709551612 priv=0x80323298
rv64: get_priv proc=18446744073709551613 ep=18446744073709551613 priv=0x803236e8
rv64: get_priv proc=18446744073709551614 ep=18446744073709551614 priv=0x80323b38
rv64: get_priv proc=18446744073709551615 ep=18446744073709551615 priv=0x80323f88
rv64: get_priv proc=2 ep=2 priv=0x80324c78
rv64: preassign PM priv=0x803243d8
rv64: get_priv proc=8 ep=8 priv=0x80326658
rv64: arch_boot_proc VM
rv64: load_vm_elf start
rv64: boot_pgdir synced
rv64: load_vm_elf map segs
rv64: load_vm_elf map stack
rv64: load_vm_elf pg_load
ABCrv64: pg_load leave
rv64: load_vm_elf copy segs
rv64: map va=0x800000 pte=0x21fffcdf pa=0x87fff000 L0
rv64: map va=0xefffff00 pte=0x21e748d7 pa=0x879d2f00 L0
rv64: load_vm_elf done
rv64: VM loaded
rv64: boot procs init done
rv64: boot p_priv PM=0x803243d8 RS=0x80324c78 VM=0x80326658
rv64: boot procs updated
rv64: arch_post_init start
rv64: arch_post_init
rv64: memory_init start
rv64: memory_init
rv64: system_init start
rv64: system_init done
rv64: add_memmap
rv64: bsp_finish_booting
rv64: finish_booting start
rv64: finish_booting announce
rv64: finish_booting announce done
rv64: finish_booting schedule
rv64: finish_booting timer
rv64: finish_booting timer done
rv64: finish_booting switch
rv64: switch_to_user
rv64: syscall a7=0x8 a2=0x6 a0=0x0 a1=0x0
rv64: ipc vm call=0x6 r2=0x0 r3=0x0
rv64: exception switch_to_user
rv64: switch_to_user
rv64: syscall a7=0x9 a2=0x0 a0=0xeffffad8 a1=0xeffffad8
rv64: kcall m_ptr=0xeffffad8 type=0x61a src=0x0 req=0xb
rv64: kcall GETINFO req=0xb res=0x0
rv64: exception switch_to_user
rv64: switch_to_user
rv64: syscall a7=0x9 a2=0x0 a0=0xeffffaa8 a1=0xeffffaa8
rv64: kcall m_ptr=0xeffffaa8 type=0x61a src=0x829050 req=0x0
rv64: kcall GETINFO req=0x0 res=0x0
rv64: exception switch_to_user
rv64: switch_to_user
rv64: syscall a7=0x9 a2=0x80 a0=0xeffff948 a1=0xeffff948
rv64: kcall m_ptr=0xeffff948 type=0x61a src=0x0 req=0x4
rv64: getinfo MONPARAMS val_ptr=0xb7b200 len=0x400 max=0x400
rv64: vcopy start dst=0xb7b200 src=0x8024d5f0 bytes=0x400 vmcheck=0x1
rv64: vcopy src_phys=0x8024d5f0 src_off=0x8024d5f0 chunk=0x400
rv64: vcopy dst_phys=0x87c82200 dst_off=0xb7b200
Ccrv64: vcopy done
rv64: getinfo MONPARAMS res=0x0
rv64: kcall GETINFO req=0x4 res=0x0
rv64: exception switch_to_user
rv64: switch_to_user
rv64: exception switch_to_user
rv64: switch_to_user
rv64: exception switch_to_user
rv64: switch_to_user
rv64: syscall a7=0x9 a2=0x23 a0=0xefffd968 a1=0xefffd968
rv64: kcall m_ptr=0xefffd968 type=0x62c src=0x817230
VM: mapping 480 static spare pages
rv64: exception switch_to_user
rv64: switch_to_user
rv64: syscall a7=0x9 a2=0x89a000 a0=0xefffd9e8 a1=0xefffd9e8
rv64: kcall m_ptr=0xefffd9e8 type=0x60e src=0x8295b0
rv64: exception switch_to_user
rv64: syscall a7=0x9 a2=0x89b000 a0=0xefffd9e8 a1=0xefffd9e8
rv64: kcall m_ptr=0xefffd9e8 type=0x60e src=0xfffffffffffffffe
rv64: exception switch_to_user
rv64: syscall a7=0x9 a2=0x89c000 a0=0xefffd9e8 a1=0xefffd9e8
rv64: kcall m_ptr=0xefffd9e8 type=0x60e src=0xfffffffffffffffe
rv64: exception switch_to_user
rv64: syscall a7=0x9 a2=0x89d000 a0=0xefffd9e8 a1=0xefffd9e8
rv64: kcall m_ptr=0xefffd9e8 type=0x60e src=0xfffffffffffffffe
rv64: exception switch_to_user
rv64: syscall a7=0x9 a2=0x89e000 a0=0xefffd9e8 a1=0xefffd9e8
rv64: kcall m_ptr=0xefffd9e8 type=0x60e src=0xfffffffffffffffe
rv64: exception switch_to_user
rv64: syscall a7=0x9 a2=0x89f000 a0=0xefffd9e8 a1=0xefffd9e8
rv64: kcall m_ptr=0xefffd9e8 type=0x60e src=0xfffffffffffffffe
rv64: exception switch_to_user
rv64: syscall a7=0x9 a2=0x8a0000 a0=0xefffd9e8 a1=0xefffd9e8
rv64: kcall m_ptr=0xefffd9e8 type=0x60e src=0xfffffffffffffffe
rv64: exception switch_to_user
rv64: syscall a7=0x9 a2=0x8a1000 a0=0xefffd9e8 a1=0xefffd9e8
rv64: kcall m_ptr=0xefffd9e8 type=0x60e src=0xfffffffffffffffe
rv64: exception switch_to_user
rv64: syscall a7=0x9 a2=0x8a2000 a0=0xefffd9e8 a1=0xefffd9e8
rv64: kcall m_ptr=0xefffd9e8 type=0x60e src=0xfffffffffffffffe
rv64: exception switch_to_user
rv64: syscall a7=0x9 a2=0x8a3000 a0=0xefffd9e8 a1=0xefffd9e8
rv64: kcall m_ptr=0xefffd9e8 type=0x60e src=0xfffffffffffffffe
rv64: exception switch_to_user
rv64: syscall a7=0x9 a2=0x8a4000 a0=0xefffd9e8 a1=0xefffd9e8
rv64: kcall m_ptr=0xefffd9e8 type=0x60e src=0xfffffffffffffffe
rv64: exception switch_to_user
rv64: syscall a7=0x9 a2=0x8a5000 a0=0xefffd9e8 a1=0xefffd9e8
rv64: kcall m_ptr=0xefffd9e8 type=0x60e src=0xfffffffffffffffe
rv64: exception switch_to_user
rv64: syscall a7=0x9 a2=0x8a6000 a0=0xefffd9e8 a1=0xefffd9e8
rv64: kcall m_ptr=0xefffd9e8 type=0x60e src=0xfffffffffffffffe
rv64: exception switch_to_user
rv64: syscall a7=0x9 a2=0x8a7000 a0=0xefffd9e8 a1=0xefffd9e8
rv64: kcall m_ptr=0xefffd9e8 type=0x60e src=0xfffffffffffffffe
rv64: exception switch_to_user
rv64: syscall a7=0x9 a2=0x8a8000 a0=0xefffd9e8 a1=0xefffd9e8
rv64: kcall m_ptr=0xefffd9e8 type=0x60e src=0xfffffffffffffffe
rv64: exception switch_to_user
rv64: syscall a7=0x9 a2=0x8a9000 a0=0xefffd9e8 a1=0xefffd9e8
rv64: kcall m_ptr=0xefffd9e8 type=0x60e src=0xfffffffffffffffe
rv64: exception switch_to_user
rv64: syscall a7=0x9 a2=0x8aa000 a0=0xefffd9e8 a1=0xefffd9e8
rv64: kcall m_ptr=0xefffd9e8 type=0x60e src=0xfffffffffffffffe
rv64: exception switch_to_user
rv64: syscall a7=0x9 a2=0x8ab000 a0=0xefffd9e8 a1=0xefffd9e8
rv64: kcall m_ptr=0xefffd9e8 type=0x60e src=0xfffffffffffffffe
rv64: exception switch_to_user
rv64: syscall a7=0x9 a2=0x8ac000 a0=0xefffd9e8 a1=0xefffd9e8
rv64: kcall m_ptr=0xefffd9e8 type=0x60e src=0xfffffffffffffffe
rv64: exception switch_to_user
rv64: syscall a7=0x9 a2=0x8ad000 a0=0xefffd9e8 a1=0xefffd9e8
rv64: kcall m_ptr=0xefffd9e8 type=0x60e src=0xfffffffffffffffe
rv64: exception switch_to_user
rv64: syscall a7=0x9 a2=0x8ae000 a0=0xefffd9e8 a1=0xefffd9e8
rv64: kcall m_ptr=0xefffd9e8 type=0x60e src=0xfffffffffffffffe
rv64: exception switch_to_user
rv64: syscall a7=0x9 a2=0x8af000 a0=0xefffd9e8 a1=0xefffd9e8
rv64: kcall m_ptr=0xefffd9e8 type=0x60e src=0xfffffffffffffffe
rv64: exception switch_to_user
rv64: syscall a7=0x9 a2=0x8b0000 a0=0xefffd9e8 a1=0xefffd9e8
rv64: kcall m_ptr=0xefffd9e8 type=0x60e src=0xfffffffffffffffe
rv64: exception switch_to_user
rv64: syscall a7=0x9 a2=0x8b1000 a0=0xefffd9e8 a1=0xefffd9e8
rv64: kcall m_ptr=0xefffd9e8 type=0x60e src=0xfffffffffffffffe
rv64: exception switch_to_user
rv64: syscall a7=0x9 a2=0x8b2000 a0=0xefffd9e8 a1=0xefffd9e8
rv64: kcall m_ptr=0xefffd9e8 type=0x60e src=0xfffffffffffffffe
rv64: exception switch_to_user
rv64: syscall a7=0x9 a2=0x8b3000 a0=0xefffd9e8 a1=0xefffd9e8
rv64: kcall m_ptr=0xefffd9e8 type=0x60e src=0xfffffffffffffffe
rv64: syscall a7=0x9 a2=0x8b4000 a0=0xefffd9e8 a1=0xefffd9e8
rv64: kcall m_ptr=0xefffd9e8 type=0x60e src=0xfffffffffffffffe
rv64: syscall a7=0x9 a2=0x8b5000 a0=0xefffd9e8 a1=0xefffd9e8
rv64: kcall m_ptr=0xefffd9e8 type=0x60e src=0xfffffffffffffffe
rv64: syscall a7=0x9 a2=0x8b6000 a0=0xefffd9e8 a1=0xefffd9e8
rv64: kcall m_ptr=0xefffd9e8 type=0x60e src=0xfffffffffffffffe
rv64: syscall a7=0x9 a2=0x8b7000 a0=0xefffd9e8 a1=0xefffd9e8
rv64: kcall m_ptr=0xefffd9e8 type=0x60e src=0xfffffffffffffffe
rv64: syscall a7=0x9 a2=0x8b8000 a0=0xefffd9e8 a1=0xefffd9e8
rv64: kcall m_ptr=0xefffd9e8 type=0x60e src=0xfffffffffffffffe
rv64: syscall a7=0x9 a2=0x8b9000 a0=0xefffd9e8 a1=0xefffd9e8
rv64: kcall m_ptr=0xefffd9e8 type=0x60e src=0xfffffffffffffffe
rv64: syscall a7=0x9 a2=0x8ba000 a0=0xefffd9e8 a1=0xefffd9e8
rv64: kcall m_ptr=0xefffd9e8 type=0x60e src=0xfffffffffffffffe
rv64: syscall a7=0x9 a2=0x8bb000 a0=0xefffd9e8 a1=0xefffd9e8
rv64: kcall m_ptr=0xefffd9e8 type=0x60e src=0xfffffffffffffffe
rv64: syscall a7=0x9 a2=0x8bc000 a0=0xefffd9e8 a1=0xefffd9e8
rv64: kcall m_ptr=0xefffd9e8 type=0x60e src=0xfffffffffffffffe
rv64: syscall a7=0x9 a2=0x8bd000 a0=0xefffd9e8 a1=0xefffd9e8
rv64: kcall m_ptr=0xefffd9e8 type=0x60e src=0xfffffffffffffffe
rv64: syscall a7=0x9 a2=0x8be000 a0=0xefffd9e8 a1=0xefffd9e8
rv64: kcall m_ptr=0xefffd9e8 type=0x60e src=0xfffffffffffffffe
rv64: syscall a7=0x9 a2=0x8bf000 a0=0xefffd9e8 a1=0xefffd9e8
rv64: kcall m_ptr=0xefffd9e8 type=0x60e src=0xfffffffffffffffe
rv64: syscall a7=0x9 a2=0x8c0000 a0=0xefffd9e8 a1=0xefffd9e8
rv64: kcall m_ptr=0xefffd9e8 type=0x60e src=0xfffffffffffffffe
rv64: syscall a7=0x9 a2=0x8c1000 a0=0xefffd9e8 a1=0xefffd9e8
rv64: kcall m_ptr=0xefffd9e8 type=0x60e src=0xfffffffffffffffe
rv64: syscall a7=0x9 a2=0x8c2000 a0=0xefffd9e8 a1=0xefffd9e8
rv64: kcall m_ptr=0xefffd9e8 type=0x60e src=0xfffffffffffffffe
rv64: syscall a7=0x9 a2=0x8c3000 a0=0xefffd9e8 a1=0xefffd9e8
rv64: kcall m_ptr=0xefffd9e8 type=0x60e src=0xfffffffffffffffe
rv64: syscall a7=0x9 a2=0x8c4000 a0=0xefffd9e8 a1=0xefffd9e8
rv64: kcall m_ptr=0xefffd9e8 type=0x60e src=0xfffffffffffffffe
rv64: syscall a7=0x9 a2=0x8c5000 a0=0xefffd9e8 a1=0xefffd9e8
rv64: kcall m_ptr=0xefffd9e8 type=0x60e src=0xfffffffffffffffe
rv64: syscall a7=0x9 a2=0x8c6000 a0=0xefffd9e8 a1=0xefffd9e8
rv64: kcall m_ptr=0xefffd9e8 type=0x60e src=0xfffffffffffffffe
rv64: syscall a7=0x9 a2=0x8c7000 a0=0xefffd9e8 a1=0xefffd9e8
rv64: kcall m_ptr=0xefffd9e8 type=0x60e src=0xfffffffffffffffe
rv64: syscall a7=0x9 a2=0x8c8000 a0=0xefffd9e8 a1=0xefffd9e8
rv64: kcall m_ptr=0xefffd9e8 type=0x60e src=0xfffffffffffffffe
rv64: syscall a7=0x9 a2=0x8c9000 a0=0xefffd9e8 a1=0xefffd9e8
rv64: kcall m_ptr=0xefffd9e8 type=0x60e src=0xfffffffffffffffe
rv64: syscall a7=0x9 a2=0x8ca000 a0=0xefffd9e8 a1=0xefffd9e8
rv64: kcall m_ptr=0xefffd9e8 type=0x60e src=0xfffffffffffffffe
rv64: syscall a7=0x9 a2=0x8cb000 a0=0xefffd9e8 a1=0xefffd9e8
rv64: kcall m_ptr=0xefffd9e8 type=0x60e src=0xfffffffffffffffe
rv64: syscall a7=0x9 a2=0x8cc000 a0=0xefffd9e8 a1=0xefffd9e8
rv64: kcall m_ptr=0xefffd9e8 type=0x60e src=0xfffffffffffffffe
rv64: syscall a7=0x9 a2=0x8cd000 a0=0xefffd9e8 a1=0xefffd9e8
rv64: kcall m_ptr=0xefffd9e8 type=0x60e src=0xfffffffffffffffe
rv64: syscall a7=0x9 a2=0x8ce000 a0=0xefffd9e8 a1=0xefffd9e8
rv64: kcall m_ptr=0xefffd9e8 type=0x60e src=0xfffffffffffffffe
rv64: syscall a7=0x9 a2=0x8cf000 a0=0xefffd9e8 a1=0xefffd9e8
rv64: kcall m_ptr=0xefffd9e8 type=0x60e src=0xfffffffffffffffe
rv64: syscall a7=0x9 a2=0x8d0000 a0=0xefffd9e8 a1=0xefffd9e8
rv64: kcall m_ptr=0xefffd9e8 type=0x60e src=0xfffffffffffffffe
rv64: syscall a7=0x9 a2=0x8d1000 a0=0xefffd9e8 a1=0xefffd9e8
rv64: kcall m_ptr=0xefffd9e8 type=0x60e src=0xfffffffffffffffe
rv64: syscall a7=0x9 a2=0x8d2000 a0=0xefffd9e8 a1=0xefffd9e8
rv64: kcall m_ptr=0xefffd9e8 type=0x60e src=0xfffffffffffffffe
rv64: syscall a7=0x9 a2=0x8d3000 a0=0xefffd9e8 a1=0xefffd9e8
rv64: kcall m_ptr=0xefffd9e8 type=0x60e src=0xfffffffffffffffe
rv64: syscall a7=0x9 a2=0x8d4000 a0=0xefffd9e8 a1=0xefffd9e8
rv64: kcall m_ptr=0xefffd9e8 type=0x60e src=0xfffffffffffffffe
rv64: syscall a7=0x9 a2=0x8d5000 a0=0xefffd9e8 a1=0xefffd9e8
rv64: kcall m_ptr=0xefffd9e8 type=0x60e src=0xfffffffffffffffe
rv64: syscall a7=0x9 a2=0x8d6000 a0=0xefffd9e8 a1=0xefffd9e8
rv64: syscall a7=0x9 a2=0x8d7000 a0=0xefffd9e8 a1=0xefffd9e8
rv64: syscall a7=0x9 a2=0x8d8000 a0=0xefffd9e8 a1=0xefffd9e8
rv64: syscall a7=0x9 a2=0x8d9000 a0=0xefffd9e8 a1=0xefffd9e8
rv64: syscall a7=0x9 a2=0x8da000 a0=0xefffd9e8 a1=0xefffd9e8
rv64: syscall a7=0x9 a2=0x8db000 a0=0xefffd9e8 a1=0xefffd9e8
rv64: syscall a7=0x9 a2=0x8dc000 a0=0xefffd9e8 a1=0xefffd9e8
rv64: syscall a7=0x9 a2=0x8dd000 a0=0xefffd9e8 a1=0xefffd9e8
rv64: syscall a7=0x9 a2=0x8de000 a0=0xefffd9e8 a1=0xefffd9e8
rv64: syscall a7=0x9 a2=0x8df000 a0=0xefffd9e8 a1=0xefffd9e8
rv64: syscall a7=0x9 a2=0x8e0000 a0=0xefffd9e8 a1=0xefffd9e8
rv64: syscall a7=0x9 a2=0x8e1000 a0=0xefffd9e8 a1=0xefffd9e8
rv64: syscall a7=0x9 a2=0x8e2000 a0=0xefffd9e8 a1=0xefffd9e8
rv64: syscall a7=0x9 a2=0x8e3000 a0=0xefffd9e8 a1=0xefffd9e8
rv64: syscall a7=0x9 a2=0x8e4000 a0=0xefffd9e8 a1=0xefffd9e8
rv64: syscall a7=0x9 a2=0x8e5000 a0=0xefffd9e8 a1=0xefffd9e8
rv64: syscall a7=0x9 a2=0x8e6000 a0=0xefffd9e8 a1=0xefffd9e8
rv64: syscall a7=0x9 a2=0x8e7000 a0=0xefffd9e8 a1=0xefffd9e8
rv64: syscall a7=0x9 a2=0x8e8000 a0=0xefffd9e8 a1=0xefffd9e8
rv64: syscall a7=0x9 a2=0x8e9000 a0=0xefffd9e8 a1=0xefffd9e8
rv64: syscall a7=0x9 a2=0x8ea000 a0=0xefffd9e8 a1=0xefffd9e8
rv64: syscall a7=0x9 a2=0x8eb000 a0=0xefffd9e8 a1=0xefffd9e8
rv64: syscall a7=0x9 a2=0x8ec000 a0=0xefffd9e8 a1=0xefffd9e8
rv64: syscall a7=0x9 a2=0x8ed000 a0=0xefffd9e8 a1=0xefffd9e8
rv64: syscall a7=0x9 a2=0x8ee000 a0=0xefffd9e8 a1=0xefffd9e8
rv64: syscall a7=0x9 a2=0x8ef000 a0=0xefffd9e8 a1=0xefffd9e8
rv64: syscall a7=0x9 a2=0x8f0000 a0=0xefffd9e8 a1=0xefffd9e8
rv64: syscall a7=0x9 a2=0x8f1000 a0=0xefffd9e8 a1=0xefffd9e8
rv64: syscall a7=0x9 a2=0x8f2000 a0=0xefffd9e8 a1=0xefffd9e8
rv64: syscall a7=0x9 a2=0x8f3000 a0=0xefffd9e8 a1=0xefffd9e8
rv64: syscall a7=0x9 a2=0x8f4000 a0=0xefffd9e8 a1=0xefffd9e8
rv64: syscall a7=0x9 a2=0x8f5000 a0=0xefffd9e8 a1=0xefffd9e8
rv64: syscall a7=0x9 a2=0x8f6000 a0=0xefffd9e8 a1=0xefffd9e8
rv64: syscall a7=0x9 a2=0x8f7000 a0=0xefffd9e8 a1=0xefffd9e8
rv64: syscall a7=0x9 a2=0x8f8000 a0=0xefffd9e8 a1=0xefffd9e8
rv64: syscall a7=0x9 a2=0x8f9000 a0=0xefffd9e8 a1=0xefffd9e8
rv64: syscall a7=0x9 a2=0x8fa000 a0=0xefffd9e8 a1=0xefffd9e8
rv64: syscall a7=0x9 a2=0x8fb000 a0=0xefffd9e8 a1=0xefffd9e8
rv64: syscall a7=0x9 a2=0x8fc000 a0=0xefffd9e8 a1=0xefffd9e8
rv64: syscall a7=0x9 a2=0x8fd000 a0=0xefffd9e8 a1=0xefffd9e8
rv64: syscall a7=0x9 a2=0x8fe000 a0=0xefffd9e8 a1=0xefffd9e8
rv64: syscall a7=0x9 a2=0x8ff000 a0=0xefffd9e8 a1=0xefffd9e8
rv64: syscall a7=0x9 a2=0x900000 a0=0xefffd9e8 a1=0xefffd9e8
rv64: syscall a7=0x9 a2=0x901000 a0=0xefffd9e8 a1=0xefffd9e8
rv64: syscall a7=0x9 a2=0x902000 a0=0xefffd9e8 a1=0xefffd9e8
rv64: syscall a7=0x9 a2=0x903000 a0=0xefffd9e8 a1=0xefffd9e8
rv64: syscall a7=0x9 a2=0x904000 a0=0xefffd9e8 a1=0xefffd9e8
rv64: syscall a7=0x9 a2=0x905000 a0=0xefffd9e8 a1=0xefffd9e8
rv64: syscall a7=0x9 a2=0x906000 a0=0xefffd9e8 a1=0xefffd9e8
rv64: syscall a7=0x9 a2=0x907000 a0=0xefffd9e8 a1=0xefffd9e8
rv64: syscall a7=0x9 a2=0x908000 a0=0xefffd9e8 a1=0xefffd9e8
rv64: syscall a7=0x9 a2=0x909000 a0=0xefffd9e8 a1=0xefffd9e8
rv64: syscall a7=0x9 a2=0x90a000 a0=0xefffd9e8 a1=0xefffd9e8
rv64: syscall a7=0x9 a2=0x90b000 a0=0xefffd9e8 a1=0xefffd9e8
rv64: syscall a7=0x9 a2=0x90c000 a0=0xefffd9e8 a1=0xefffd9e8
rv64: syscall a7=0x9 a2=0x90d000 a0=0xefffd9e8 a1=0xefffd9e8
rv64: syscall a7=0x9 a2=0x90e000 a0=0xefffd9e8 a1=0xefffd9e8
rv64: syscall a7=0x9 a2=0x90f000 a0=0xefffd9e8 a1=0xefffd9e8
rv64: syscall a7=0x9 a2=0x910000 a0=0xefffd9e8 a1=0xefffd9e8
rv64: syscall a7=0x9 a2=0x911000 a0=0xefffd9e8 a1=0xefffd9e8
rv64: syscall a7=0x9 a2=0x912000 a0=0xefffd9e8 a1=0xefffd9e8
rv64: syscall a7=0x9 a2=0x913000 a0=0xefffd9e8 a1=0xefffd9e8
rv64: syscall a7=0x9 a2=0x914000 a0=0xefffd9e8 a1=0xefffd9e8
rv64: syscall a7=0x9 a2=0x915000 a0=0xefffd9e8 a1=0xefffd9e8
rv64: syscall a7=0x9 a2=0x916000 a0=0xefffd9e8 a1=0xefffd9e8
rv64: syscall a7=0x9 a2=0x917000 a0=0xefffd9e8 a1=0xefffd9e8
rv64: syscall a7=0x9 a2=0x918000 a0=0xefffd9e8 a1=0xefffd9e8
rv64: syscall a7=0x9 a2=0x919000 a0=0xefffd9e8 a1=0xefffd9e8
rv64: syscall a7=0x9 a2=0x91a000 a0=0xefffd9e8 a1=0xefffd9e8
rv64: syscall a7=0x9 a2=0x91b000 a0=0xefffd9e8 a1=0xefffd9e8
rv64: syscall a7=0x9 a2=0x91c000 a0=0xefffd9e8 a1=0xefffd9e8
rv64: syscall a7=0x9 a2=0x91d000 a0=0xefffd9e8 a1=0xefffd9e8
rv64: syscall a7=0x9 a2=0x91e000 a0=0xefffd9e8 a1=0xefffd9e8
rv64: syscall a7=0x9 a2=0x91f000 a0=0xefffd9e8 a1=0xefffd9e8
rv64: syscall a7=0x9 a2=0x920000 a0=0xefffd9e8 a1=0xefffd9e8
rv64: syscall a7=0x9 a2=0x921000 a0=0xefffd9e8 a1=0xefffd9e8
rv64: syscall a7=0x9 a2=0x922000 a0=0xefffd9e8 a1=0xefffd9e8
rv64: syscall a7=0x9 a2=0x923000 a0=0xefffd9e8 a1=0xefffd9e8
rv64: syscall a7=0x9 a2=0x924000 a0=0xefffd9e8 a1=0xefffd9e8
rv64: syscall a7=0x9 a2=0x925000 a0=0xefffd9e8 a1=0xefffd9e8
rv64: syscall a7=0x9 a2=0x926000 a0=0xefffd9e8 a1=0xefffd9e8
rv64: syscall a7=0x9 a2=0x927000 a0=0xefffd9e8 a1=0xefffd9e8
rv64: syscall a7=0x9 a2=0x928000 a0=0xefffd9e8 a1=0xefffd9e8
rv64: syscall a7=0x9 a2=0x929000 a0=0xefffd9e8 a1=0xefffd9e8
rv64: syscall a7=0x9 a2=0x92a000 a0=0xefffd9e8 a1=0xefffd9e8
rv64: syscall a7=0x9 a2=0x92b000 a0=0xefffd9e8 a1=0xefffd9e8
rv64: syscall a7=0x9 a2=0x92c000 a0=0xefffd9e8 a1=0xefffd9e8
rv64: syscall a7=0x9 a2=0x92d000 a0=0xefffd9e8 a1=0xefffd9e8
rv64: syscall a7=0x9 a2=0x92e000 a0=0xefffd9e8 a1=0xefffd9e8
rv64: syscall a7=0x9 a2=0x92f000 a0=0xefffd9e8 a1=0xefffd9e8
rv64: syscall a7=0x9 a2=0x930000 a0=0xefffd9e8 a1=0xefffd9e8
rv64: syscall a7=0x9 a2=0x931000 a0=0xefffd9e8 a1=0xefffd9e8
rv64: syscall a7=0x9 a2=0x932000 a0=0xefffd9e8 a1=0xefffd9e8
rv64: syscall a7=0x9 a2=0x933000 a0=0xefffd9e8 a1=0xefffd9e8
rv64: syscall a7=0x9 a2=0x934000 a0=0xefffd9e8 a1=0xefffd9e8
rv64: syscall a7=0x9 a2=0x935000 a0=0xefffd9e8 a1=0xefffd9e8
rv64: syscall a7=0x9 a2=0x936000 a0=0xefffd9e8 a1=0xefffd9e8
rv64: syscall a7=0x9 a2=0x937000 a0=0xefffd9e8 a1=0xefffd9e8
rv64: syscall a7=0x9 a2=0x938000 a0=0xefffd9e8 a1=0xefffd9e8
rv64: syscall a7=0x9 a2=0x939000 a0=0xefffd9e8 a1=0xefffd9e8
rv64: syscall a7=0x9 a2=0x93a000 a0=0xefffd9e8 a1=0xefffd9e8
rv64: syscall a7=0x9 a2=0x93b000 a0=0xefffd9e8 a1=0xefffd9e8
rv64: syscall a7=0x9 a2=0x93c000 a0=0xefffd9e8 a1=0xefffd9e8
rv64: syscall a7=0x9 a2=0x93d000 a0=0xefffd9e8 a1=0xefffd9e8
rv64: syscall a7=0x9 a2=0x93e000 a0=0xefffd9e8 a1=0xefffd9e8
rv64: syscall a7=0x9 a2=0x93f000 a0=0xefffd9e8 a1=0xefffd9e8
rv64: syscall a7=0x9 a2=0x940000 a0=0xefffd9e8 a1=0xefffd9e8
rv64: syscall a7=0x9 a2=0x941000 a0=0xefffd9e8 a1=0xefffd9e8
rv64: syscall a7=0x9 a2=0x942000 a0=0xefffd9e8 a1=0xefffd9e8
rv64: syscall a7=0x9 a2=0x943000 a0=0xefffd9e8 a1=0xefffd9e8
rv64: syscall a7=0x9 a2=0x944000 a0=0xefffd9e8 a1=0xefffd9e8
rv64: syscall a7=0x9 a2=0x945000 a0=0xefffd9e8 a1=0xefffd9e8
rv64: syscall a7=0x9 a2=0x946000 a0=0xefffd9e8 a1=0xefffd9e8
rv64: syscall a7=0x9 a2=0x947000 a0=0xefffd9e8 a1=0xefffd9e8
rv64: syscall a7=0x9 a2=0x948000 a0=0xefffd9e8 a1=0xefffd9e8
rv64: syscall a7=0x9 a2=0x949000 a0=0xefffd9e8 a1=0xefffd9e8
rv64: syscall a7=0x9 a2=0x94a000 a0=0xefffd9e8 a1=0xefffd9e8
rv64: syscall a7=0x9 a2=0x94b000 a0=0xefffd9e8 a1=0xefffd9e8
rv64: syscall a7=0x9 a2=0x94c000 a0=0xefffd9e8 a1=0xefffd9e8
rv64: syscall a7=0x9 a2=0x94d000 a0=0xefffd9e8 a1=0xefffd9e8
rv64: syscall a7=0x9 a2=0x94e000 a0=0xefffd9e8 a1=0xefffd9e8
rv64: syscall a7=0x9 a2=0x94f000 a0=0xefffd9e8 a1=0xefffd9e8
rv64: syscall a7=0x9 a2=0x950000 a0=0xefffd9e8 a1=0xefffd9e8
rv64: syscall a7=0x9 a2=0x951000 a0=0xefffd9e8 a1=0xefffd9e8
rv64: syscall a7=0x9 a2=0x952000 a0=0xefffd9e8 a1=0xefffd9e8
rv64: syscall a7=0x9 a2=0x953000 a0=0xefffd9e8 a1=0xefffd9e8
rv64: syscall a7=0x9 a2=0x954000 a0=0xefffd9e8 a1=0xefffd9e8
rv64: syscall a7=0x9 a2=0x955000 a0=0xefffd9e8 a1=0xefffd9e8
rv64: syscall a7=0x9 a2=0x956000 a0=0xefffd9e8 a1=0xefffd9e8
rv64: syscall a7=0x9 a2=0x957000 a0=0xefffd9e8 a1=0xefffd9e8
rv64: syscall a7=0x9 a2=0x958000 a0=0xefffd9e8 a1=0xefffd9e8
rv64: syscall a7=0x9 a2=0x959000 a0=0xefffd9e8 a1=0xefffd9e8
rv64: syscall a7=0x9 a2=0x95a000 a0=0xefffd9e8 a1=0xefffd9e8
rv64: syscall a7=0x9 a2=0x95b000 a0=0xefffd9e8 a1=0xefffd9e8
rv64: syscall a7=0x9 a2=0x95c000 a0=0xefffd9e8 a1=0xefffd9e8
rv64: syscall a7=0x9 a2=0x95d000 a0=0xefffd9e8 a1=0xefffd9e8
rv64: syscall a7=0x9 a2=0x95e000 a0=0xefffd9e8 a1=0xefffd9e8
rv64: syscall a7=0x9 a2=0x95f000 a0=0xefffd9e8 a1=0xefffd9e8
rv64: syscall a7=0x9 a2=0x960000 a0=0xefffd9e8 a1=0xefffd9e8
rv64: syscall a7=0x9 a2=0x961000 a0=0xefffd9e8 a1=0xefffd9e8
rv64: syscall a7=0x9 a2=0x962000 a0=0xefffd9e8 a1=0xefffd9e8
rv64: syscall a7=0x9 a2=0x963000 a0=0xefffd9e8 a1=0xefffd9e8
rv64: syscall a7=0x9 a2=0x964000 a0=0xefffd9e8 a1=0xefffd9e8
rv64: syscall a7=0x9 a2=0x965000 a0=0xefffd9e8 a1=0xefffd9e8
rv64: syscall a7=0x9 a2=0x966000 a0=0xefffd9e8 a1=0xefffd9e8
rv64: syscall a7=0x9 a2=0x967000 a0=0xefffd9e8 a1=0xefffd9e8
rv64: syscall a7=0x9 a2=0x968000 a0=0xefffd9e8 a1=0xefffd9e8
rv64: syscall a7=0x9 a2=0x969000 a0=0xefffd9e8 a1=0xefffd9e8
rv64: syscall a7=0x9 a2=0x96a000 a0=0xefffd9e8 a1=0xefffd9e8
rv64: syscall a7=0x9 a2=0x96b000 a0=0xefffd9e8 a1=0xefffd9e8
rv64: syscall a7=0x9 a2=0x96c000 a0=0xefffd9e8 a1=0xefffd9e8
rv64: syscall a7=0x9 a2=0x96d000 a0=0xefffd9e8 a1=0xefffd9e8
rv64: syscall a7=0x9 a2=0x96e000 a0=0xefffd9e8 a1=0xefffd9e8
rv64: syscall a7=0x9 a2=0x96f000 a0=0xefffd9e8 a1=0xefffd9e8
rv64: syscall a7=0x9 a2=0x970000 a0=0xefffd9e8 a1=0xefffd9e8
rv64: syscall a7=0x9 a2=0x971000 a0=0xefffd9e8 a1=0xefffd9e8
rv64: syscall a7=0x9 a2=0x972000 a0=0xefffd9e8 a1=0xefffd9e8
rv64: syscall a7=0x9 a2=0x973000 a0=0xefffd9e8 a1=0xefffd9e8
rv64: syscall a7=0x9 a2=0x974000 a0=0xefffd9e8 a1=0xefffd9e8
rv64: syscall a7=0x9 a2=0x975000 a0=0xefffd9e8 a1=0xefffd9e8
rv64: syscall a7=0x9 a2=0x976000 a0=0xefffd9e8 a1=0xefffd9e8
rv64: syscall a7=0x9 a2=0x977000 a0=0xefffd9e8 a1=0xefffd9e8
rv64: syscall a7=0x9 a2=0x978000 a0=0xefffd9e8 a1=0xefffd9e8
rv64: syscall a7=0x9 a2=0x979000 a0=0xefffd9e8 a1=0xefffd9e8
rv64: syscall a7=0x9 a2=0x97a000 a0=0xefffd9e8 a1=0xefffd9e8
rv64: syscall a7=0x9 a2=0x97b000 a0=0xefffd9e8 a1=0xefffd9e8
rv64: syscall a7=0x9 a2=0x97c000 a0=0xefffd9e8 a1=0xefffd9e8
rv64: syscall a7=0x9 a2=0x97d000 a0=0xefffd9e8 a1=0xefffd9e8
rv64: syscall a7=0x9 a2=0x97e000 a0=0xefffd9e8 a1=0xefffd9e8
rv64: syscall a7=0x9 a2=0x97f000 a0=0xefffd9e8 a1=0xefffd9e8
rv64: syscall a7=0x9 a2=0x980000 a0=0xefffd9e8 a1=0xefffd9e8
rv64: syscall a7=0x9 a2=0x981000 a0=0xefffd9e8 a1=0xefffd9e8
rv64: syscall a7=0x9 a2=0x982000 a0=0xefffd9e8 a1=0xefffd9e8
rv64: syscall a7=0x9 a2=0x983000 a0=0xefffd9e8 a1=0xefffd9e8
rv64: syscall a7=0x9 a2=0x984000 a0=0xefffd9e8 a1=0xefffd9e8
rv64: syscall a7=0x9 a2=0x985000 a0=0xefffd9e8 a1=0xefffd9e8
rv64: syscall a7=0x9 a2=0x986000 a0=0xefffd9e8 a1=0xefffd9e8
rv64: syscall a7=0x9 a2=0x987000 a0=0xefffd9e8 a1=0xefffd9e8
rv64: syscall a7=0x9 a2=0x988000 a0=0xefffd9e8 a1=0xefffd9e8
rv64: syscall a7=0x9 a2=0x989000 a0=0xefffd9e8 a1=0xefffd9e8
rv64: syscall a7=0x9 a2=0x98a000 a0=0xefffd9e8 a1=0xefffd9e8
rv64: syscall a7=0x9 a2=0x98b000 a0=0xefffd9e8 a1=0xefffd9e8
rv64: syscall a7=0x9 a2=0x98c000 a0=0xefffd9e8 a1=0xefffd9e8
rv64: syscall a7=0x9 a2=0x98d000 a0=0xefffd9e8 a1=0xefffd9e8
rv64: syscall a7=0x9 a2=0x98e000 a0=0xefffd9e8 a1=0xefffd9e8
rv64: syscall a7=0x9 a2=0x98f000 a0=0xefffd9e8 a1=0xefffd9e8
rv64: syscall a7=0x9 a2=0x990000 a0=0xefffd9e8 a1=0xefffd9e8
rv64: syscall a7=0x9 a2=0x991000 a0=0xefffd9e8 a1=0xefffd9e8
rv64: syscall a7=0x9 a2=0x992000 a0=0xefffd9e8 a1=0xefffd9e8
rv64: syscall a7=0x9 a2=0x993000 a0=0xefffd9e8 a1=0xefffd9e8
rv64: syscall a7=0x9 a2=0x994000 a0=0xefffd9e8 a1=0xefffd9e8
VM: static spare pages mapped
rv64: kcall VMCTL param=0x1b who=0x2 res=0x0
VM: kernmap set flags=0x13 userflag=0x10
VM: kernmap user pindex=0 phys=0x8024a000 len=0x4000 flags=0x2 vir=0x100000000
rv64: phys_map_reply idx=0x0 addr=0x100000000 usermapped_start=0x8024a000
rv64: phys_map_reply offset=0x7fdb6000 kerninfo_user=0x100003cf8
rv64: kcall VMCTL param=0x1c who=0x7bfe res=0x0
rv64: kcall VMCTL param=0x1b who=0x7bfe res=0xffffffffffffffea
VM: pt_init kernel mapped page tables allocated
VM: pt_init newpt alloc
VM: pt_init newpt ready
rv64: kcall VMCTL param=0xd who=0x7bfe res=0x0
VM: pt_init copy pagetables start
VM: pt_init copy pde 0
VM: pt_init copy pde 128
VM: pt_init copy pde 256
VM: pt_init copy pde 384
VM: pt_init copy pagetables end
VM: pt_init pte2=0x200000ef kern_pde=510 val=0x200000ef
VM: pt_init pte2_phys=0x200000ef
VM: pt_init pd_phys=0x87d8e000 check=0x87d8e000
VM: pt_init before pt_bind
rv64: vmctl setaddrspace ep=0x8 root=0x87d8e000 root_v=0x140008000
rv64: setaddrspace switch
rv64: setaddrspace fn=0x8024f8d8 pgdir_fn=0x8024f8bc
rv64: setaddrspace switched
rv64: setaddrspace tlb
rv64: kcall VMCTL param=0x1d who=0x8 res=0x0
VM: pt_bind set_addrspace r=0
rv64: kcall VMCTL param=0xd who=0x7bfe res=0x0
VM: pt_init bound newpt
rv64: kcall VMCTL param=0x1a who=0x7bfe res=0x0
rv64: kcall VMCTL param=0x1a who=0x7bfe res=0x0
rv64: vmctl setaddrspace ep=0x8 root=0x87d8e000 root_v=0x140008000
rv64: setaddrspace switch
rv64: setaddrspace fn=0x8024f8d8 pgdir_fn=0x8024f8bc
rv64: setaddrspace switched
rv64: setaddrspace tlb
VM: pt_bind set_addrspace r=0
rv64: vmctl setaddrspace ep=0x8 root=0x8395c000 root_v=0x140008000
rv64: setaddrspace switch
rv64: setaddrspace fn=0x8024f8d8 pgdir_fn=0x8024f8bc
rv64: setaddrspace switched
rv64: setaddrspace tlb
VM: pt_bind set_addrspace r=0
VM: kernmap check i=0 vir=0x100000000 flags=0x13
VM: kernmap pte vir=0x100000000 entry=0x200928d3
VM: pt_init end
rv64: ipc vm call=0x6 r2=0x0 r3=0x0
rv64: vmctl setaddrspace ep=0x6 root=0x838b4000 root_v=0x140006000
VM: pt_bind set_addrspace r=0
libexec: ehdr class=2 data=1 ver=1 phoff=64 phentsize=56 phnum=3 entry=0x800120
libexec: ehdr class=2 data=1 ver=1 phoff=64 phentsize=56 phnum=3 entry=0x800120
vm: handle_memory_once enter ep=6 mem=0xeffffa70 len=0x590 wr=1
vm: handle_memory_once pdbr=0x8395c000 vm_pt=0x8395c000 tgt_pt=0x838b4000 ep=6 r=0
rv64: vmctl setaddrspace ep=0x2 root=0x81019000 root_v=0x140002000
VM: pt_bind set_addrspace r=0
libexec: ehdr class=2 data=1 ver=1 phoff=64 phentsize=56 phnum=3 entry=0x800120
libexec: ehdr class=2 data=1 ver=1 phoff=64 phentsize=56 phnum=3 entry=0x800120
vm: handle_memory_once enter ep=2 mem=0xeffffa70 len=0x590 wr=1
vm: handle_memory_once pdbr=0x8395c000 vm_pt=0x8395c000 tgt_pt=0x81019000 ep=2 r=0
rv64: vmctl setaddrspace ep=0x0 root=0x8119b000 root_v=0x140000000
VM: pt_bind set_addrspace r=0
libexec: ehdr class=2 data=1 ver=1 phoff=64 phentsize=56 phnum=3 entry=0x800120
libexec: ehdr class=2 data=1 ver=1 phoff=64 phentsize=56 phnum=3 entry=0x800120
vm: handle_memory_once enter ep=0 mem=0xeffffa70 len=0x590 wr=1
vm: handle_memory_once pdbr=0x8395c000 vm_pt=0x8395c000 tgt_pt=0x8119b000 ep=0 r=0
rv64: vmctl setaddrspace ep=0x4 root=0x811b7000 root_v=0x140004000
VM: pt_bind set_addrspace r=0
libexec: ehdr class=2 data=1 ver=1 phoff=64 phentsize=56 phnum=3 entry=0x800120
libexec: ehdr class=2 data=1 ver=1 phoff=64 phentsize=56 phnum=3 entry=0x800120
vm: handle_memory_once enter ep=4 mem=0xeffffa70 len=0x590 wr=1
vm: handle_memory_once pdbr=0x8395c000 vm_pt=0x8395c000 tgt_pt=0x811b7000 ep=4 r=0
rv64: vmctl setaddrspace ep=0x1 root=0x811c8000 root_v=0x140001000
VM: pt_bind set_addrspace r=0
libexec: ehdr class=2 data=1 ver=1 phoff=64 phentsize=56 phnum=3 entry=0x800120
libexec: ehdr class=2 data=1 ver=1 phoff=64 phentsize=56 phnum=3 entry=0x800120
vm: handle_memory_once enter ep=1 mem=0xeffffa70 len=0x590 wr=1
vm: handle_memory_once pdbr=0x8395c000 vm_pt=0x8395c000 tgt_pt=0x811c8000 ep=1 r=0
VM: pt_bind set_addrspace r=0
libexec: ehdr class=2 data=1 ver=1 phoff=64 phentsize=56 phnum=3 entry=0x800120
libexec: ehdr class=2 data=1 ver=1 phoff=64 phentsize=56 phnum=3 entry=0x800120
vm: handle_memory_once enter ep=3 mem=0xeffffa70 len=0x590 wr=1
vm: handle_memory_once pdbr=0x8395c000 vm_pt=0x8395c000 tgt_pt=0x81204000 ep=3 r=0
VM: pt_bind set_addrspace r=0
libexec: ehdr class=2 data=1 ver=1 phoff=64 phentsize=56 phnum=3 entry=0x800120
libexec: ehdr class=2 data=1 ver=1 phoff=64 phentsize=56 phnum=3 entry=0x800120
vm: handle_memory_once enter ep=5 mem=0xeffffa70 len=0x590 wr=1
vm: handle_memory_once pdbr=0x8395c000 vm_pt=0x8395c000 tgt_pt=0x814ae000 ep=5 r=0
VM: pt_bind set_addrspace r=0
libexec: ehdr class=2 data=1 ver=1 phoff=64 phentsize=56 phnum=3 entry=0x800120
libexec: ehdr class=2 data=1 ver=1 phoff=64 phentsize=56 phnum=3 entry=0x800120
vm: handle_memory_once enter ep=7 mem=0xeffffa70 len=0x590 wr=1
vm: handle_memory_once pdbr=0x8395c000 vm_pt=0x8395c000 tgt_pt=0x814c4000 ep=7 r=0
VM: pt_bind set_addrspace r=0
libexec: ehdr class=2 data=1 ver=1 phoff=64 phentsize=56 phnum=3 entry=0x800120
libexec: ehdr class=2 data=1 ver=1 phoff=64 phentsize=56 phnum=3 entry=0x800120
VM: pt_bind set_addrspace r=0
libexec: ehdr class=2 data=1 ver=1 phoff=64 phentsize=56 phnum=3 entry=0x800120
libexec: ehdr class=2 data=1 ver=1 phoff=64 phentsize=56 phnum=3 entry=0x800120
VM: pt_bind set_addrspace r=0
libexec: ehdr class=2 data=1 ver=1 phoff=64 phentsize=56 phnum=3 entry=0x800120
libexec: ehdr class=2 data=1 ver=1 phoff=64 phentsize=56 phnum=3 entry=0x800120
rv64: kcall GETINFO req=0x8 res=0x0
rv64: ipc vm call=0x2 r2=0x7c00 r3=0xeffffb58
rv64: kcall GETINFO req=0x2 res=0x0
rv64: kcall GETINFO req=0x4 res=0x0
rv64: kcall GETINFO req=0x12 res=0x0
rv64: kcall GETINFO req=0x11 res=0x0
RS: rproctab_gid=1 grant_table=0x81e2f8 entries=3 r=0
rv64: kcall GETINFO req=0x1 res=0x0
rv64: kcall GETINFO req=0x11 res=0x0
rv64: kcall GETINFO req=0x11 res=0x0
privctl:set_sys pre req=3 caller=2 target=0 priv_id=5 r=0 p_priv=0x803243d8 satp=0x8000000000081019
privctl:set_sys reuse req=3 caller=2 target=0 priv_id=5 r=0 p_priv=0x803243d8 satp=0x8000000000081019
privctl:set_sys post req=3 caller=2 target=0 priv_id=5 r=0 p_priv=0x803243d8 satp=0x8000000000081019
privctl:set_sys done req=3 caller=2 target=0 priv_id=5 r=0 p_priv=0x803243d8 satp=0x8000000000081019
rv64: kcall GETINFO req=0x11 res=0x0
privctl:set_sys pre req=3 caller=2 target=4 priv_id=9 r=0 p_priv=0x0 satp=0x8000000000081019
rv64: kcall GETINFO req=0x11 res=0x0
privctl:set_sys pre req=3 caller=2 target=1 priv_id=6 r=0 p_priv=0x0 satp=0x8000000000081019
rv64: kcall GETINFO req=0x11 res=0x0
privctl:set_sys pre req=3 caller=2 target=6 priv_id=11 r=0 p_priv=0x0 satp=0x8000000000081019
rv64: kcall GETINFO req=0x11 res=0x0
privctl:set_sys pre req=3 caller=2 target=5 priv_id=10 r=0 p_priv=0x0 satp=0x8000000000081019
rv64: kcall GETINFO req=0x11 res=0x0
privctl:set_sys pre req=3 caller=2 target=3 priv_id=8 r=0 p_priv=0x0 satp=0x8000000000081019
rv64: kcall GETINFO req=0x11 res=0x0
privctl:set_sys pre req=3 caller=2 target=7 priv_id=12 r=0 p_priv=0x0 satp=0x8000000000081019
rv64: kcall GETINFO req=0x11 res=0x0
privctl:set_sys pre req=3 caller=2 target=9 priv_id=14 r=0 p_priv=0x0 satp=0x8000000000081019
rv64: kcall GETINFO req=0x11 res=0x0
privctl:set_sys pre req=3 caller=2 target=10 priv_id=15 r=0 p_priv=0x0 satp=0x8000000000081019
rv64: kcall GETINFO req=0x11 res=0x0
privctl:set_sys pre req=3 caller=2 target=11 priv_id=16 r=0 p_priv=0x0 satp=0x8000000000081019
rv64: kcall GETINFO req=0x11 res=0x0
RS: init vm ep=8 gid=1
privctl:allow req=1 caller=2 target=0 priv_id=0 r=0 p_priv=0x803243d8 satp=0x8000000000081019
RS: init pm ep=0 gid=1
RS: init sched ep=4 gid=1
RS: init vfs ep=1 gid=1
RS: init ds ep=6 gid=1
RS: init tty ep=5 gid=1
RS: init memory ep=3 gid=1
RS: init mib ep=7 gid=1
rv64: ipc vm op=0x10 src=0x2 ptr=0x81e370
rv64: delivermsg to=8 name=vm src=2 type=1812
rv64: delivermsg vm src=0x2 mtype=0x714 vir=0xeffffb58 misc=0x40
VM: recv src=2 type=1812 hex=0x714 status=0x10 i1=1 i2=31743 i3=1
rv64: ipc vm call=0x10 r2=0x1 r3=0xb7b678
rv64: ipc vm call=0x10 r2=0x1 r3=0xb7b678
rv64: ipc vm call=0x2 r2=0x7c00 r3=0xeffffb58
rv64: ipc pm call=0x6 r2=0x0 r3=0x0
rv64: kcall GETINFO req=0x0 res=0x0
rv64: ipc pm call=0x2 r2=0x2 r3=0xeffff918
rv64: delivermsg to=0 name=pm src=2 type=1812
rv64: kcall GETINFO req=0x4 res=0x0
rv64: kcall GETINFO req=0x1 res=0x0
rv64: ipc pm call=0x1 r2=0x1 r3=0xeffff738
rv64: kcall GETINFO req=0x4 res=0x0
rv64: delivermsg to=4 name=sched src=2 type=1812
rv64: kcall GETINFO req=0xc res=0x0
rv64: kcall GETINFO req=0x12 res=0x0
rv64: kcall GETINFO req=0x1 res=0x0
rv64: delivermsg to=1 name=vfs src=2 type=1812
rv64: user pagefault ep=0x1 name=vfs pc=0x81a434 ra=0x80045c sp=0xefffda50 addr=0xefffda78 cause=0xf satp=0x80000000000811c8 root=0x811c8000 p_seg=0x811c8000 p_seg_v=0x140001000
mini_send: enter to vm from=1 name=vfs msg=0x802ad000 flags=0x0x100
rv64: to vm deliver mtype=0xcff from=0x1 m_ptr=0x802ad000
mini_send: deliver to vm from=1 name=vfs mtype=3327 rts=0x8 misc=0x40
rv64: kcall GETINFO req=0x6 res=0x0
rv64: delivermsg to=6 name=ds src=2 type=1812
rv64: user pagefault ep=0x6 name=ds pc=0x801cfc ra=0x800884 sp=0xefffdb10 addr=0xefffdb20 cause=0xf satp=0x80000000000838b4 root=0x838b4000 p_seg=0x838b4000 p_seg_v=0x140006000
mini_send: enter to vm from=6 name=ds msg=0x802ad000 flags=0x0x100
rv64: kcall GETINFO req=0x5 res=0x0
rv64: delivermsg to=5 name=tty src=2 type=1812
rv64: kcall GETINFO req=0xc res=0x0
rv64: kcall GETINFO req=0x4 res=0x0
rv64: kcall GETINFO req=0x4 res=0x0
rv64: kcall GETINFO req=0x12 res=0x0
rv64: kcall GETINFO req=0x3 res=0x0
rv64: delivermsg to=3 name=memory src=2 type=1812
rv64: kcall GETINFO req=0x7 res=0x0
rv64: delivermsg to=7 name=mib src=2 type=1812
rv64: kcall GETINFO req=0x9 res=0x0
rv64: delivermsg to=9 name=pfs src=2 type=1812
rv64: kcall GETINFO req=0xa res=0x0
rv64: delivermsg to=10 name=mfs src=2 type=1812
rv64: ipc vm op=0x3 src=0xa ptr=0xeffff6f8 mtype=0xc0a
mini_send: enter to vm from=10 name=mfs msg=0xeffff6f8 flags=0x0x0
rv64: delivermsg to=2 name=rs src=8 type=1812
rv64: delivermsg to=2 name=rs src=4 type=1812
rv64: delivermsg to=2 name=rs src=5 type=1812
rv64: delivermsg to=2 name=rs src=7 type=1812
rv64: delivermsg to=8 name=vm src=1 type=3327
rv64: delivermsg vm src=0x1 mtype=0xcff vir=0xeffffb58 misc=0x40
VM: recv src=1 type=3327 hex=0xcff status=0x10001 i1=0 i2=15 i3=0
VM: pf name=vfs addr=0xefffda78 r=ok
rv64: ipc vm call=0x2 r2=0x7c00 r3=0xeffffb58
rv64: vm recv from=0x6 mtype=0xcff
mini_receive: vm from=6 name=ds mtype=3327 src_rts=0x404 dst_getfrom=31744
rv64: delivermsg to=8 name=vm src=6 type=3327
rv64: delivermsg vm src=0x6 mtype=0xcff vir=0xeffffb58 misc=0x40
VM: recv src=6 type=3327 hex=0xcff status=0x10001 i1=0 i2=15 i3=0
VM: pf name=ds addr=0xefffdb20 r=ok
rv64: ipc vm call=0x2 r2=0x7c00 r3=0xeffffb58
rv64: vm recv from=0xa mtype=0xc0a
mini_receive: vm from=10 name=mfs mtype=3082 src_rts=0xc dst_getfrom=31744
rv64: delivermsg vm src=0xa mtype=0xc0a vir=0xeffffb58 misc=0x40
VM: recv src=10 type=3082 hex=0xc0a status=0x3 i1=0 i2=0 i3=4096
rv64: user pagefault ep=0x5 name=tty pc=0x80a628 ra=0x8018b4 sp=0xefffcdc0 addr=0xefffd120 cause=0xf satp=0x80000000000814ae root=0x814ae000 p_seg=0x814ae000 p_seg_v=0x140005000
mini_send: enter to vm from=5 name=tty msg=0x802ad000 flags=0x0x100
rv64: to vm deliver mtype=0xcff from=0x5 m_ptr=0x802ad000
mini_send: deliver to vm from=5 name=tty mtype=3327 rts=0x8 misc=0x40
rv64: safecopy_from err=0xfffffffffffffc1c caller=0x6 from_to=0x2 gid=0x1 addr=0xefffdb98 bytes=0x1be4
rv64: kcall safecopy err=0xfffffffffffffc1c caller=ds/0x6 from_to=0x2 gid=0x1 off=0x0 addr=0xefffdb98 bytes=0x1be4
rv64: user pagefault ep=0xa name=mfs pc=0x812950 ra=0x812d54 sp=0xeffff750 addr=0xefbfe030 cause=0xd satp=0x8000000000081666 root=0x81666000 p_seg=0x81666000 p_seg_v=0x14000a000
mini_send: enter to vm from=10 name=mfs msg=0x802ad000 flags=0x0x100
rv64: delivermsg vm src=0x5 mtype=0xcff vir=0xeffffb58 misc=0x40
VM: recv src=5 type=3327 hex=0xcff status=0x10001 i1=0 i2=15 i3=0
VM: pf name=tty addr=0xefffd120 r=ok
mini_receive: vm notify from=18446744073709551614 name=system
rv64: delivermsg vm src=0xfffffffffffffffe mtype=0x1000 vir=0xeffffb58 misc=0x40
rv64: vm recv from=0xa mtype=0xcff
mini_receive: vm from=10 name=mfs mtype=3327 src_rts=0x404 dst_getfrom=31744
rv64: delivermsg vm src=0xa mtype=0xcff vir=0xeffffb58 misc=0x40
VM: recv src=10 type=3327 hex=0xcff status=0x10001 i1=0 i2=13 i3=0
VM: pf name=mfs addr=0xefbfe030 r=ok
rv64: ipc pm call=0x1 r2=0x1 r3=0xeffff738
rv64: ipc pm call=0x1 r2=0x1 r3=0xeffff738
rv64: user pagefault ep=0x5 name=tty pc=0x80a628 ra=0x8018b4 sp=0xefffcdc0 addr=0xefffe000 cause=0xf satp=0x80000000000814ae root=0x814ae000 p_seg=0x814ae000 p_seg_v=0x140005000
mini_send: enter to vm from=5 name=tty msg=0x802ad000 flags=0x0x100
rv64: to vm deliver mtype=0xcff from=0x5 m_ptr=0x802ad000
mini_send: deliver to vm from=5 name=tty mtype=3327 rts=0x8 misc=0x40
rv64: ipc vm op=0x3 src=0xa ptr=0xeffff638 mtype=0xc02
mini_send: enter to vm from=10 name=mfs msg=0xeffff638 flags=0x0x0
rv64: delivermsg vm src=0x5 mtype=0xcff vir=0xeffffb58 misc=0x40
VM: recv src=5 type=3327 hex=0xcff status=0x10001 i1=0 i2=15 i3=0
VM: pf name=tty addr=0xefffe000 r=ok
rv64: vm recv from=0xa mtype=0xc02
mini_receive: vm from=10 name=mfs mtype=3074 src_rts=0xc dst_getfrom=31744
VM: recv src=10 type=3074 hex=0xc02 status=0x3 i1=0 i2=0 i3=0
rv64: ipc pm call=0x1 r2=0x1 r3=0xeffff738
rv64: ipc pm call=0x1 r2=0x1 r3=0xeffff738
rv64: user pagefault ep=0x5 name=tty pc=0x8016fc ra=0x801970 sp=0xefffcd80 addr=0xefffcdb0 cause=0xf satp=0x80000000000814ae root=0x814ae000 p_seg=0x814ae000 p_seg_v=0x140005000
mini_send: enter to vm from=5 name=tty msg=0x802ad000 flags=0x0x100
rv64: to vm deliver mtype=0xcff from=0x5 m_ptr=0x802ad000
mini_send: deliver to vm from=5 name=tty mtype=3327 rts=0x8 misc=0x40
rv64: ipc vm op=0x3 src=0xa ptr=0xeffff638 mtype=0xc02
VM: recv src=5 type=3327 hex=0xcff status=0x10001 i1=0 i2=15 i3=0
VM: pf name=tty addr=0xefffcdb0 r=ok
rv64: vm recv from=0xa mtype=0xc02
mini_receive: vm from=10 name=mfs mtype=3074 src_rts=0xc dst_getfrom=31744
VM: recv src=10 type=3074 hex=0xc02 status=0x3 i1=0 i2=0 i3=0
rv64: ipc pm call=0x1 r2=0x1 r3=0xeffff738
rv64: user pagefault ep=0xa name=mfs pc=0x812ae8 ra=0x812a90 sp=0xeffff750 addr=0x846010 cause=0xf satp=0x8000000000081666 root=0x81666000 p_seg=0x81666000 p_seg_v=0x14000a000
rv64: to vm deliver mtype=0xcff from=0xa m_ptr=0x802ad000
mini_send: deliver to vm from=10 name=mfs mtype=3327 rts=0x8 misc=0x40
VM: recv src=10 type=3327 hex=0xcff status=0x10001 i1=0 i2=15 i3=0
VM: pf name=mfs addr=0x846010 r=ok
rv64: ipc vm op=0x3 src=0xa ptr=0xeffff6b8 mtype=0xc02
rv64: to vm deliver mtype=0xc02 from=0xa m_ptr=0xeffff6b8
mini_send: deliver to vm from=10 name=mfs mtype=3074 rts=0x8 misc=0x40
VM: recv src=10 type=3074 hex=0xc02 status=0x3 i1=0 i2=0 i3=0
rv64: user pagefault ep=0xa name=mfs pc=0x813dc8 ra=0x813290 sp=0xeffff810 addr=0x847000 cause=0xf satp=0x8000000000081666 root=0x81666000 p_seg=0x81666000 p_seg_v=0x14000a000
rv64: to vm deliver mtype=0xcff from=0xa m_ptr=0x802ad000
mini_send: deliver to vm from=10 name=mfs mtype=3327 rts=0x8 misc=0x40
VM: recv src=10 type=3327 hex=0xcff status=0x10001 i1=0 i2=15 i3=0
VM: pf name=mfs addr=0x847000 r=ok
rv64: user pagefault ep=0xa name=mfs pc=0x813dc8 ra=0x813290 sp=0xeffff810 addr=0x848000 cause=0xf satp=0x8000000000081666 root=0x81666000 p_seg=0x81666000 p_seg_v=0x14000a000
rv64: to vm deliver mtype=0xcff from=0xa m_ptr=0x802ad000
mini_send: deliver to vm from=10 name=mfs mtype=3327 rts=0x8 misc=0x40
rv64: kcall GETINFO req=0x12 res=0x0
VM: recv src=10 type=3327 hex=0xcff status=0x10001 i1=0 i2=15 i3=0
VM: pf name=mfs addr=0x848000 r=ok
rv64: kcall GETINFO req=0x12 res=0x0
rv64: ipc vm op=0x3 src=0x6 ptr=0xeffff638 mtype=0xc0a
rv64: user pagefault ep=0xa name=mfs pc=0x813dc8 ra=0x813290 sp=0xeffff810 addr=0x849000 cause=0xf satp=0x8000000000081666 root=0x81666000 p_seg=0x81666000 p_seg_v=0x14000a000
VM: recv src=6 type=3082 hex=0xc0a status=0x3 i1=0 i2=0 i3=4096
rv64: vm recv from=0xa mtype=0xcff
mini_receive: vm from=10 name=mfs mtype=3327 src_rts=0x404 dst_getfrom=31744
VM: recv src=10 type=3327 hex=0xcff status=0x10001 i1=0 i2=15 i3=0
VM: pf name=mfs addr=0x849000 r=ok
PM: coredump signal 11 for 1 / init
taskcall: who=8 call=3077
rv64: ipc vm op=0x3 src=0x0 ptr=0xeffff5d8 mtype=0xc05
rv64: user pagefault ep=0x6 name=ds pc=0x80d5d4 ra=0x80d9d8 sp=0xeffff690 addr=0xefbfe030 cause=0xd satp=0x80000000000838b4 root=0x838b4000 p_seg=0x838b4000 p_seg_v=0x140006000
rv64: user pagefault ep=0xa name=mfs pc=0x813dc8 ra=0x813290 sp=0xeffff810 addr=0x84a000 cause=0xf satp=0x8000000000081666 root=0x81666000 p_seg=0x81666000 p_seg_v=0x14000a000
VM: recv src=0 type=3077 hex=0xc05 status=0x3 i1=11 i2=0 i3=0
rv64: vm recv from=0x6 mtype=0xcff
mini_receive: vm from=6 name=ds mtype=3327 src_rts=0x404 dst_getfrom=31744
VM: recv src=6 type=3327 hex=0xcff status=0x10001 i1=0 i2=13 i3=0
VM: pf name=ds addr=0xefbfe030 r=ok
rv64: vm recv from=0xa mtype=0xcff
mini_receive: vm from=10 name=mfs mtype=3327 src_rts=0x404 dst_getfrom=31744
VM: recv src=10 type=3327 hex=0xcff status=0x10001 i1=0 i2=15 i3=0
VM: pf name=mfs addr=0x84a000 r=ok
PM: INIT died with exit status 0; showing stacktrace
rv64: ipc vm op=0x3 src=0x6 ptr=0xeffff578 mtype=0xc02
rv64: user pagefault ep=0xa name=mfs pc=0x813dc8 ra=0x813290 sp=0xeffff810 addr=0x84b000 cause=0xf satp=0x8000000000081666 root=0x81666000 p_seg=0x81666000 p_seg_v=0x14000a000
VM: recv src=6 type=3074 hex=0xc02 status=0x3 i1=0 i2=0 i3=0
VM: recv src=10 type=3327 hex=0xcff status=0x10001 i1=0 i2=15 i3=0
VM: pf name=mfs addr=0x84b000 r=ok
rv64: ipc vm op=0x3 src=0x6 ptr=0xeffff578 mtype=0xc02
rv64: user pagefault ep=0xa name=mfs pc=0x813dc8 ra=0x813290 sp=0xeffff810 addr=0x84c000 cause=0xf satp=0x8000000000081666 root=0x81666000 p_seg=0x81666000 p_seg_v=0x14000a000
VM: recv src=6 type=3074 hex=0xc02 status=0x3 i1=0 i2=0 i3=0
VM: recv src=10 type=3327 hex=0xcff status=0x10001 i1=0 i2=15 i3=0
VM: pf name=mfs addr=0x84c000 r=ok
rv64: user pagefault ep=0x6 name=ds pc=0x80d76c ra=0x80d714 sp=0xeffff690 addr=0x834010 cause=0xf satp=0x80000000000838b4 root=0x838b4000 p_seg=0x838b4000 p_seg_v=0x140006000
rv64: user pagefault ep=0xa name=mfs pc=0x813dc8 ra=0x813290 sp=0xeffff810 addr=0x84d000 cause=0xf satp=0x8000000000081666 root=0x81666000 p_seg=0x81666000 p_seg_v=0x14000a000
VM: recv src=6 type=3327 hex=0xcff status=0x10001 i1=0 i2=15 i3=0
VM: pf name=ds addr=0x834010 r=ok
VM: recv src=10 type=3327 hex=0xcff status=0x10001 i1=0 i2=15 i3=0
VM: pf name=mfs addr=0x84d000 r=ok
rv64: ipc vm op=0x3 src=0x6 ptr=0xeffff5a8 mtype=0xc02
rv64: user pagefault ep=0xa name=mfs pc=0x813dc8 ra=0x813290 sp=0xeffff810 addr=0x84e000 cause=0xf satp=0x8000000000081666 root=0x81666000 p_seg=0x81666000 p_seg_v=0x14000a000
VM: recv src=6 type=3074 hex=0xc02 status=0x3 i1=0 i2=0 i3=0
VM: recv src=10 type=3327 hex=0xcff status=0x10001 i1=0 i2=15 i3=0
VM: pf name=mfs addr=0x84e000 r=ok
rv64: ipc vm op=0x3 src=0x6 ptr=0xeffff558 mtype=0xc02
rv64: user pagefault ep=0xa name=mfs pc=0x813dc8 ra=0x813290 sp=0xeffff810 addr=0x84f000 cause=0xf satp=0x8000000000081666 root=0x81666000 p_seg=0x81666000 p_seg_v=0x14000a000
VM: recv src=6 type=3074 hex=0xc02 status=0x3 i1=0 i2=0 i3=0
VM: recv src=10 type=3327 hex=0xcff status=0x10001 i1=0 i2=15 i3=0
VM: pf name=mfs addr=0x84f000 r=ok
rv64: user pagefault ep=0x6 name=ds pc=0x80d76c ra=0x80d714 sp=0xeffff670 addr=0x836010 cause=0xf satp=0x80000000000838b4 root=0x838b4000 p_seg=0x838b4000 p_seg_v=0x140006000
rv64: user pagefault ep=0xa name=mfs pc=0x813dc8 ra=0x813290 sp=0xeffff810 addr=0x850000 cause=0xf satp=0x8000000000081666 root=0x81666000 p_seg=0x81666000 p_seg_v=0x14000a000
VM: recv src=6 type=3327 hex=0xcff status=0x10001 i1=0 i2=15 i3=0
VM: pf name=ds addr=0x836010 r=ok
VM: recv src=10 type=3327 hex=0xcff status=0x10001 i1=0 i2=15 i3=0
VM: pf name=mfs addr=0x850000 r=ok
rv64: ipc vm op=0x3 src=0x6 ptr=0xeffff588 mtype=0xc02
rv64: user pagefault ep=0xa name=mfs pc=0x813dc8 ra=0x813290 sp=0xeffff810 addr=0x851000 cause=0xf satp=0x8000000000081666 root=0x81666000 p_seg=0x81666000 p_seg_v=0x14000a000
VM: recv src=6 type=3074 hex=0xc02 status=0x3 i1=0 i2=0 i3=0
VM: recv src=10 type=3327 hex=0xcff status=0x10001 i1=0 i2=15 i3=0
VM: pf name=mfs addr=0x851000 r=ok
rv64: user pagefault ep=0x6 name=ds pc=0x80ead8 ra=0x80df14 sp=0xeffff730 addr=0x837000 cause=0xf satp=0x80000000000838b4 root=0x838b4000 p_seg=0x838b4000 p_seg_v=0x140006000
rv64: user pagefault ep=0xa name=mfs pc=0x813dc8 ra=0x813290 sp=0xeffff810 addr=0x852000 cause=0xf satp=0x8000000000081666 root=0x81666000 p_seg=0x81666000 p_seg_v=0x14000a000
VM: recv src=6 type=3327 hex=0xcff status=0x10001 i1=0 i2=15 i3=0
VM: pf name=ds addr=0x837000 r=ok
VM: recv src=10 type=3327 hex=0xcff status=0x10001 i1=0 i2=15 i3=0
VM: pf name=mfs addr=0x852000 r=ok
rv64: user pagefault ep=0x6 name=ds pc=0x80accc ra=0x80ac84 sp=0xeffff750 addr=0x835068 cause=0xf satp=0x80000000000838b4 root=0x838b4000 p_seg=0x838b4000 p_seg_v=0x140006000
rv64: user pagefault ep=0xa name=mfs pc=0x813dc8 ra=0x813290 sp=0xeffff810 addr=0x853000 cause=0xf satp=0x8000000000081666 root=0x81666000 p_seg=0x81666000 p_seg_v=0x14000a000
VM: recv src=6 type=3327 hex=0xcff status=0x10001 i1=0 i2=15 i3=0
VM: pf name=ds addr=0x835068 r=ok
VM: recv src=10 type=3327 hex=0xcff status=0x10001 i1=0 i2=15 i3=0
VM: pf name=mfs addr=0x853000 r=ok
rv64: ipc vm op=0x3 src=0x6 ptr=0xeffff458 mtype=0xc02
rv64: user pagefault ep=0xa name=mfs pc=0x813dc8 ra=0x813290 sp=0xeffff810 addr=0x854000 cause=0xf satp=0x8000000000081666 root=0x81666000 p_seg=0x81666000 p_seg_v=0x14000a000
VM: recv src=6 type=3074 hex=0xc02 status=0x3 i1=0 i2=0 i3=0
VM: recv src=10 type=3327 hex=0xcff status=0x10001 i1=0 i2=15 i3=0
VM: pf name=mfs addr=0x854000 r=ok
rv64: user pagefault ep=0x6 name=ds pc=0x80ead8 ra=0x808ce8 sp=0xeffff640 addr=0x838100 cause=0xf satp=0x80000000000838b4 root=0x838b4000 p_seg=0x838b4000 p_seg_v=0x140006000
rv64: user pagefault ep=0xa name=mfs pc=0x813dc8 ra=0x813290 sp=0xeffff810 addr=0x855000 cause=0xf satp=0x8000000000081666 root=0x81666000 p_seg=0x81666000 p_seg_v=0x14000a000
VM: recv src=6 type=3327 hex=0xcff status=0x10001 i1=0 i2=15 i3=0
VM: pf name=ds addr=0x838100 r=ok
VM: recv src=10 type=3327 hex=0xcff status=0x10001 i1=0 i2=15 i3=0
VM: pf name=mfs addr=0x855000 r=ok
rv64: ipc vm op=0x3 src=0x6 ptr=0xeffff5a8 mtype=0xc02
rv64: user pagefault ep=0xa name=mfs pc=0x813dc8 ra=0x813290 sp=0xeffff810 addr=0x856000 cause=0xf satp=0x8000000000081666 root=0x81666000 p_seg=0x81666000 p_seg_v=0x14000a000
VM: recv src=6 type=3074 hex=0xc02 status=0x3 i1=0 i2=0 i3=0
VM: recv src=10 type=3327 hex=0xcff status=0x10001 i1=0 i2=15 i3=0
VM: pf name=mfs addr=0x856000 r=ok
rv64: user pagefault ep=0x6 name=ds pc=0x80d76c ra=0x80d714 sp=0xeffff6c0 addr=0x839010 cause=0xf satp=0x80000000000838b4 root=0x838b4000 p_seg=0x838b4000 p_seg_v=0x140006000
rv64: user pagefault ep=0xa name=mfs pc=0x813dc8 ra=0x813290 sp=0xeffff810 addr=0x857000 cause=0xf satp=0x8000000000081666 root=0x81666000 p_seg=0x81666000 p_seg_v=0x14000a000
VM: recv src=6 type=3327 hex=0xcff status=0x10001 i1=0 i2=15 i3=0
VM: pf name=ds addr=0x839010 r=ok
VM: recv src=10 type=3327 hex=0xcff status=0x10001 i1=0 i2=15 i3=0
VM: pf name=mfs addr=0x857000 r=ok
rv64: user pagefault ep=0xa name=mfs pc=0x813dc8 ra=0x813290 sp=0xeffff810 addr=0x858000 cause=0xf satp=0x8000000000081666 root=0x81666000 p_seg=0x81666000 p_seg_v=0x14000a000
rv64: ipc vm op=0x3 src=0x1 ptr=0xefffd958 mtype=0xc0a
VM: recv src=10 type=3327 hex=0xcff status=0x10001 i1=0 i2=15 i3=0
VM: pf name=mfs addr=0x858000 r=ok
VM: recv src=1 type=3082 hex=0xc0a status=0x3 i1=0 i2=0 i3=4096
rv64: user pagefault ep=0xa name=mfs pc=0x813dc8 ra=0x813290 sp=0xeffff810 addr=0x859000 cause=0xf satp=0x8000000000081666 root=0x81666000 p_seg=0x81666000 p_seg_v=0x14000a000
rv64: user pagefault ep=0x1 name=vfs pc=0x821bd0 ra=0x821fe4 sp=0xefffd9b0 addr=0xefbfe030 cause=0xd satp=0x80000000000811c8 root=0x811c8000 p_seg=0x811c8000 p_seg_v=0x140001000
VM: recv src=10 type=3327 hex=0xcff status=0x10001 i1=0 i2=15 i3=0
VM: pf name=mfs addr=0x859000 r=ok
VM: recv src=1 type=3327 hex=0xcff status=0x10001 i1=0 i2=13 i3=0
VM: pf name=vfs addr=0xefbfe030 r=ok
rv64: user pagefault ep=0xa name=mfs pc=0x813dc8 ra=0x813290 sp=0xeffff810 addr=0x85a000 cause=0xf satp=0x8000000000081666 root=0x81666000 p_seg=0x81666000 p_seg_v=0x14000a000
rv64: ipc vm op=0x3 src=0x1 ptr=0xefffd898 mtype=0xc02
VM: recv src=10 type=3327 hex=0xcff status=0x10001 i1=0 i2=15 i3=0
VM: pf name=mfs addr=0x85a000 r=ok
VM: recv src=1 type=3074 hex=0xc02 status=0x3 i1=0 i2=0 i3=0
rv64: user pagefault ep=0xa name=mfs pc=0x813dc8 ra=0x813290 sp=0xeffff810 addr=0x85b000 cause=0xf satp=0x8000000000081666 root=0x81666000 p_seg=0x81666000 p_seg_v=0x14000a000
rv64: ipc vm op=0x3 src=0x1 ptr=0xefffd898 mtype=0xc02
VM: recv src=10 type=3327 hex=0xcff status=0x10001 i1=0 i2=15 i3=0
VM: pf name=mfs addr=0x85b000 r=ok
VM: recv src=1 type=3074 hex=0xc02 status=0x3 i1=0 i2=0 i3=0
rv64: user pagefault ep=0xa name=mfs pc=0x813dc8 ra=0x813290 sp=0xeffff810 addr=0x85c000 cause=0xf satp=0x8000000000081666 root=0x81666000 p_seg=0x81666000 p_seg_v=0x14000a000
rv64: user pagefault ep=0x1 name=vfs pc=0x8237f8 ra=0x8218e4 sp=0xefffd930 addr=0x982000 cause=0xf satp=0x80000000000811c8 root=0x811c8000 p_seg=0x811c8000 p_seg_v=0x140001000
VM: recv src=10 type=3327 hex=0xcff status=0x10001 i1=0 i2=15 i3=0
VM: pf name=mfs addr=0x85c000 r=ok
VM: recv src=1 type=3327 hex=0xcff status=0x10001 i1=0 i2=15 i3=0
VM: pf name=vfs addr=0x982000 r=ok
rv64: ipc vm op=0x3 src=0xa ptr=0xeffff6b8 mtype=0xc02
libminc malloc op=M seq=0 ptr=0x982080 ptr2=0 size=40 size2=0 caller=0x81eb50
rv64: ipc vm op=0x3 src=0x1 ptr=0xefffd8c8 mtype=0xc02
VM: recv src=10 type=3074 hex=0xc02 status=0x3 i1=0 i2=0 i3=0
VM: recv src=1 type=3074 hex=0xc02 status=0x3 i1=0 i2=0 i3=0
rv64: user pagefault ep=0xa name=mfs pc=0x813dc8 ra=0x813290 sp=0xeffff810 addr=0x85d000 cause=0xf satp=0x8000000000081666 root=0x81666000 p_seg=0x81666000 p_seg_v=0x14000a000
rv64: user pagefault ep=0x1 name=vfs pc=0x8237f8 ra=0x8218e4 sp=0xefffd960 addr=0x983000 cause=0xf satp=0x80000000000811c8 root=0x811c8000 p_seg=0x811c8000 p_seg_v=0x140001000
VM: recv src=10 type=3327 hex=0xcff status=0x10001 i1=0 i2=15 i3=0
VM: pf name=mfs addr=0x85d000 r=ok
VM: recv src=1 type=3327 hex=0xcff status=0x10001 i1=0 i2=15 i3=0
VM: pf name=vfs addr=0x983000 r=ok
rv64: user pagefault ep=0xa name=mfs pc=0x813dc8 ra=0x813290 sp=0xeffff810 addr=0x85e000 cause=0xf satp=0x8000000000081666 root=0x81666000 p_seg=0x81666000 p_seg_v=0x14000a000
libminc malloc op=M seq=1 ptr=0x983040 ptr2=0 size=24 size2=0 caller=0x81d944
rv64: ipc vm op=0x3 src=0x1 ptr=0xefffd8d8 mtype=0xc02
VM: recv src=10 type=3327 hex=0xcff status=0x10001 i1=0 i2=15 i3=0
VM: pf name=mfs addr=0x85e000 r=ok
VM: recv src=1 type=3074 hex=0xc02 status=0x3 i1=0 i2=0 i3=0
rv64: user pagefault ep=0x1 name=vfs pc=0x8237f8 ra=0x8218e4 sp=0xefffd970 addr=0x984000 cause=0xf satp=0x80000000000811c8 root=0x811c8000 p_seg=0x811c8000 p_seg_v=0x140001000
VM: recv src=1 type=3327 hex=0xcff status=0x10001 i1=0 i2=15 i3=0
VM: pf name=vfs addr=0x984000 r=ok
libminc malloc op=M seq=2 ptr=0x984040 ptr2=0 size=16 size2=0 caller=0x81dca4
libminc malloc op=C seq=3 ptr=0x983060 ptr2=0 size=4 size2=8 caller=0x81e148
rv64: ipc vm op=0x3 src=0x1 ptr=0xefffd858 mtype=0xc02
VM: recv src=1 type=3074 hex=0xc02 status=0x3 i1=0 i2=0 i3=0
rv64: user pagefault ep=0x1 name=vfs pc=0x8237f8 ra=0x8218e4 sp=0xefffd8f0 addr=0x985000 cause=0xf satp=0x80000000000811c8 root=0x811c8000 p_seg=0x811c8000 p_seg_v=0x140001000
VM: recv src=1 type=3327 hex=0xcff status=0x10001 i1=0 i2=15 i3=0
VM: pf name=vfs addr=0x985000 r=ok
libminc malloc op=M seq=4 ptr=0x985000 ptr2=0 size=424 size2=0 caller=0x81e0a8
libminc malloc op=M seq=5 ptr=0x985200 ptr2=0 size=424 size2=0 caller=0x81e0a8
libminc malloc op=M seq=6 ptr=0x985400 ptr2=0 size=424 size2=0 caller=0x81e0a8
libminc malloc op=M seq=7 ptr=0x985600 ptr2=0 size=424 size2=0 caller=0x81e0a8
libminc malloc op=M seq=8 ptr=0x984050 ptr2=0 size=16 size2=0 caller=0x81dca4
rv64: ipc vm op=0x3 src=0x1 ptr=0xefffd978 mtype=0xc0a
rv64: ipc vm op=0x3 src=0x1 ptr=0xefffd978 mtype=0xc0a
mthread: tid=0 ucp=0x985060 mctx=0x985098 gregs=0x985098 off_gregs=56 pc=0x81e578 ra=0x823260 sp=0xefbfd000
libminc malloc op=M seq=9 ptr=0x9830a0 ptr2=0 size=24 size2=0 caller=0x81d944
libminc malloc op=M seq=10 ptr=0x984060 ptr2=0 size=16 size2=0 caller=0x81dca4
libminc malloc op=M seq=11 ptr=0x984070 ptr2=0 size=16 size2=0 caller=0x81dca4
rv64: ipc vm op=0x3 src=0x1 ptr=0xefffd978 mtype=0xc0a
rv64: ipc vm op=0x3 src=0x1 ptr=0xefffd978 mtype=0xc0a
mthread: tid=1 ucp=0x985260 mctx=0x985298 gregs=0x985298 off_gregs=56 pc=0x81e578 ra=0x823260 sp=0xefbf4000
libminc malloc op=M seq=12 ptr=0x9830c0 ptr2=0 size=24 size2=0 caller=0x81d944
libminc malloc op=M seq=13 ptr=0x984080 ptr2=0 size=16 size2=0 caller=0x81dca4
libminc malloc op=M seq=14 ptr=0x984090 ptr2=0 size=16 size2=0 caller=0x81dca4
rv64: ipc vm op=0x3 src=0x1 ptr=0xefffd978 mtype=0xc0a
rv64: ipc vm op=0x3 src=0x1 ptr=0xefffd978 mtype=0xc0a
mthread: tid=2 ucp=0x985460 mctx=0x985498 gregs=0x985498 off_gregs=56 pc=0x81e578 ra=0x823260 sp=0xefbeb000
libminc malloc op=M seq=15 ptr=0x9830e0 ptr2=0 size=24 size2=0 caller=0x81d944
libminc malloc op=M seq=16 ptr=0x9840a0 ptr2=0 size=16 size2=0 caller=0x81dca4
libminc malloc op=M seq=17 ptr=0x9840b0 ptr2=0 size=16 size2=0 caller=0x81dca4
rv64: ipc vm op=0x3 src=0x1 ptr=0xefffd978 mtype=0xc0a
rv64: ipc vm op=0x3 src=0x1 ptr=0xefffd978 mtype=0xc0a
mthread: tid=3 ucp=0x985660 mctx=0x985698 gregs=0x985698 off_gregs=56 pc=0x81e578 ra=0x823260 sp=0xefbe2000
libminc malloc op=M seq=18 ptr=0x983100 ptr2=0 size=24 size2=0 caller=0x81d944
libminc malloc op=M seq=19 ptr=0x9840c0 ptr2=0 size=16 size2=0 caller=0x81dca4
libminc malloc op=R seq=20 ptr=0x983060 ptr2=0x9820c0 size=64 size2=0 caller=0x81e068
libminc malloc op=M seq=21 ptr=0x985800 ptr2=0 size=424 size2=0 caller=0x81e0a8
libminc malloc op=M seq=22 ptr=0x985a00 ptr2=0 size=424 size2=0 caller=0x81e0a8
libminc malloc op=M seq=23 ptr=0x985c00 ptr2=0 size=424 size2=0 caller=0x81e0a8
libminc malloc op=M seq=24 ptr=0x985e00 ptr2=0 size=424 size2=0 caller=0x81e0a8
libminc malloc op=M seq=25 ptr=0x9840d0 ptr2=0 size=16 size2=0 caller=0x81dca4
rv64: ipc vm op=0x3 src=0x1 ptr=0xefffd978 mtype=0xc0a
rv64: ipc vm op=0x3 src=0x1 ptr=0xefffd978 mtype=0xc0a
mthread: tid=4 ucp=0x985860 mctx=0x985898 gregs=0x985898 off_gregs=56 pc=0x81e578 ra=0x823260 sp=0xefbd9000
libminc malloc op=M seq=26 ptr=0x983060 ptr2=0 size=24 size2=0 caller=0x81d944
libminc malloc op=M seq=27 ptr=0x9840e0 ptr2=0 size=16 size2=0 caller=0x81dca4
libminc malloc op=M seq=28 ptr=0x9840f0 ptr2=0 size=16 size2=0 caller=0x81dca4
rv64: ipc vm op=0x3 src=0x1 ptr=0xefffd978 mtype=0xc0a
rv64: ipc vm op=0x3 src=0x1 ptr=0xefffd978 mtype=0xc0a
mthread: tid=5 ucp=0x985a60 mctx=0x985a98 gregs=0x985a98 off_gregs=56 pc=0x81e578 ra=0x823260 sp=0xefbd0000
libminc malloc op=M seq=29 ptr=0x983120 ptr2=0 size=24 size2=0 caller=0x81d944
libminc malloc op=M seq=30 ptr=0x984100 ptr2=0 size=16 size2=0 caller=0x81dca4
libminc malloc op=M seq=31 ptr=0x984110 ptr2=0 size=16 size2=0 caller=0x81dca4
rv64: ipc vm op=0x3 src=0x1 ptr=0xefffd978 mtype=0xc0a
rv64: ipc vm op=0x3 src=0x1 ptr=0xefffd978 mtype=0xc0a
mthread: tid=6 ucp=0x985c60 mctx=0x985c98 gregs=0x985c98 off_gregs=56 pc=0x81e578 ra=0x823260 sp=0xefbc7000
libminc malloc op=M seq=32 ptr=0x983140 ptr2=0 size=24 size2=0 caller=0x81d944
libminc malloc op=M seq=33 ptr=0x984120 ptr2=0 size=16 size2=0 caller=0x81dca4
libminc malloc op=M seq=34 ptr=0x984130 ptr2=0 size=16 size2=0 caller=0x81dca4
rv64: ipc vm op=0x3 src=0x1 ptr=0xefffd978 mtype=0xc0a
rv64: ipc vm op=0x3 src=0x1 ptr=0xefffd978 mtype=0xc0a
mthread: tid=7 ucp=0x985e60 mctx=0x985e98 gregs=0x985e98 off_gregs=56 pc=0x81e578 ra=0x823260 sp=0xefbbe000
libminc malloc op=M seq=35 ptr=0x983160 ptr2=0 size=24 size2=0 caller=0x81d944
libminc malloc op=M seq=36 ptr=0x984140 ptr2=0 size=16 size2=0 caller=0x81dca4
rv64: ipc vm op=0x3 src=0x1 ptr=0xefffd848 mtype=0xc02
rv64: user pagefault ep=0x1 name=vfs pc=0x8237f8 ra=0x8218e4 sp=0xefffd8e0 addr=0x986000 cause=0xf satp=0x80000000000811c8 root=0x811c8000 p_seg=0x811c8000 p_seg_v=0x140001000
VM: pf name=vfs addr=0x986000 r=ok
libminc malloc op=R seq=37 ptr=0x9820c0 ptr2=0x986000 size=128 size2=0 caller=0x81e068
rv64: ipc vm op=0x3 src=0x1 ptr=0xefffd858 mtype=0xc02
rv64: user pagefault ep=0x1 name=vfs pc=0x8237f8 ra=0x8218e4 sp=0xefffd8f0 addr=0x987000 cause=0xf satp=0x80000000000811c8 root=0x811c8000 p_seg=0x811c8000 p_seg_v=0x140001000
VM: pf name=vfs addr=0x987000 r=ok
libminc malloc op=M seq=38 ptr=0x987000 ptr2=0 size=424 size2=0 caller=0x81e0a8
libminc malloc op=M seq=39 ptr=0x987200 ptr2=0 size=424 size2=0 caller=0x81e0a8
libminc malloc op=M seq=40 ptr=0x987400 ptr2=0 size=424 size2=0 caller=0x81e0a8
libminc malloc op=M seq=41 ptr=0x987600 ptr2=0 size=424 size2=0 caller=0x81e0a8
libminc malloc op=M seq=42 ptr=0x987800 ptr2=0 size=424 size2=0 caller=0x81e0a8
libminc malloc op=M seq=43 ptr=0x987a00 ptr2=0 size=424 size2=0 caller=0x81e0a8
libminc malloc op=M seq=44 ptr=0x987c00 ptr2=0 size=424 size2=0 caller=0x81e0a8
libminc malloc op=M seq=45 ptr=0x987e00 ptr2=0 size=424 size2=0 caller=0x81e0a8
libminc malloc op=M seq=46 ptr=0x984150 ptr2=0 size=16 size2=0 caller=0x81dca4
rv64: ipc vm op=0x3 src=0x1 ptr=0xefffd978 mtype=0xc0a
rv64: ipc vm op=0x3 src=0x1 ptr=0xefffd978 mtype=0xc0a
mthread: tid=8 ucp=0x987060 mctx=0x987098 gregs=0x987098 off_gregs=56 pc=0x81e578 ra=0x823260 sp=0xefbb5000
libminc malloc op=M seq=47 ptr=0x9831c0 ptr2=0 size=24 size2=0 caller=0x81d944
libminc malloc op=M seq=48 ptr=0x9831e0 ptr2=0 size=24 size2=0 caller=0x81d944
libminc malloc op=M seq=49 ptr=0x983200 ptr2=0 size=24 size2=0 caller=0x81d944
libminc malloc op=M seq=50 ptr=0x983220 ptr2=0 size=24 size2=0 caller=0x81d944
libminc malloc op=M seq=51 ptr=0x983240 ptr2=0 size=24 size2=0 caller=0x81d944
libminc malloc op=M seq=52 ptr=0x983260 ptr2=0 size=24 size2=0 caller=0x81d944
libminc malloc op=M seq=53 ptr=0x983280 ptr2=0 size=24 size2=0 caller=0x81d944
libminc malloc op=M seq=54 ptr=0x9832a0 ptr2=0 size=24 size2=0 caller=0x81d944
libminc malloc op=M seq=55 ptr=0x9832c0 ptr2=0 size=24 size2=0 caller=0x81d944
libminc malloc op=M seq=56 ptr=0x9832e0 ptr2=0 size=24 size2=0 caller=0x81d944
libminc malloc op=M seq=57 ptr=0x983300 ptr2=0 size=24 size2=0 caller=0x81d944
libminc malloc op=M seq=58 ptr=0x983320 ptr2=0 size=24 size2=0 caller=0x81d944
libminc malloc op=M seq=59 ptr=0x983340 ptr2=0 size=24 size2=0 caller=0x81d944
libminc malloc op=M seq=60 ptr=0x983360 ptr2=0 size=24 size2=0 caller=0x81d944
libminc malloc op=M seq=61 ptr=0x983380 ptr2=0 size=24 size2=0 caller=0x81d944
libminc malloc op=M seq=62 ptr=0x9833a0 ptr2=0 size=24 size2=0 caller=0x81d944
libminc malloc op=M seq=63 ptr=0x9833c0 ptr2=0 size=24 size2=0 caller=0x81d944
libminc malloc op=M seq=64 ptr=0x9833e0 ptr2=0 size=24 size2=0 caller=0x81d944
libminc malloc op=M seq=65 ptr=0x983400 ptr2=0 size=24 size2=0 caller=0x81d944
libminc malloc op=M seq=66 ptr=0x983420 ptr2=0 size=24 size2=0 caller=0x81d944
libminc malloc op=M seq=67 ptr=0x983440 ptr2=0 size=24 size2=0 caller=0x81d944
libminc malloc op=M seq=68 ptr=0x983460 ptr2=0 size=24 size2=0 caller=0x81d944
libminc malloc op=M seq=69 ptr=0x983480 ptr2=0 size=24 size2=0 caller=0x81d944
libminc malloc op=M seq=70 ptr=0x9834a0 ptr2=0 size=24 size2=0 caller=0x81d944
libminc malloc op=M seq=71 ptr=0x9834c0 ptr2=0 size=24 size2=0 caller=0x81d944
libminc malloc op=M seq=72 ptr=0x9834e0 ptr2=0 size=24 size2=0 caller=0x81d944
libminc malloc op=M seq=73 ptr=0x983500 ptr2=0 size=24 size2=0 caller=0x81d944
libminc malloc op=M seq=74 ptr=0x983520 ptr2=0 size=24 size2=0 caller=0x81d944
libminc malloc op=M seq=75 ptr=0x983540 ptr2=0 size=24 size2=0 caller=0x81d944
libminc malloc op=M seq=76 ptr=0x983560 ptr2=0 size=24 size2=0 caller=0x81d944
libminc malloc op=M seq=77 ptr=0x983580 ptr2=0 size=24 size2=0 caller=0x81d944
libminc malloc op=M seq=78 ptr=0x9835a0 ptr2=0 size=24 size2=0 caller=0x81d944
libminc malloc op=M seq=79 ptr=0x9835c0 ptr2=0 size=24 size2=0 caller=0x81d944
libminc malloc op=M seq=80 ptr=0x9835e0 ptr2=0 size=24 size2=0 caller=0x81d944
libminc malloc op=M seq=81 ptr=0x983600 ptr2=0 size=24 size2=0 caller=0x81d944
libminc malloc op=M seq=82 ptr=0x983620 ptr2=0 size=24 size2=0 caller=0x81d944
libminc malloc op=M seq=83 ptr=0x983640 ptr2=0 size=24 size2=0 caller=0x81d944
libminc malloc op=M seq=84 ptr=0x983660 ptr2=0 size=24 size2=0 caller=0x81d944
libminc malloc op=M seq=85 ptr=0x983680 ptr2=0 size=24 size2=0 caller=0x81d944
libminc malloc op=M seq=86 ptr=0x9836a0 ptr2=0 size=24 size2=0 caller=0x81d944
libminc malloc op=M seq=87 ptr=0x9836c0 ptr2=0 size=24 size2=0 caller=0x81d944
libminc malloc op=M seq=88 ptr=0x9836e0 ptr2=0 size=24 size2=0 caller=0x81d944
libminc malloc op=M seq=89 ptr=0x983700 ptr2=0 size=24 size2=0 caller=0x81d944
libminc malloc op=M seq=90 ptr=0x983720 ptr2=0 size=24 size2=0 caller=0x81d944
libminc malloc op=M seq=91 ptr=0x983740 ptr2=0 size=24 size2=0 caller=0x81d944
libminc malloc op=M seq=92 ptr=0x983760 ptr2=0 size=24 size2=0 caller=0x81d944
libminc malloc op=M seq=93 ptr=0x983780 ptr2=0 size=24 size2=0 caller=0x81d944
libminc malloc op=M seq=94 ptr=0x9837a0 ptr2=0 size=24 size2=0 caller=0x81d944
libminc malloc op=M seq=95 ptr=0x9837c0 ptr2=0 size=24 size2=0 caller=0x81d944
libminc malloc op=M seq=96 ptr=0x9837e0 ptr2=0 size=24 size2=0 caller=0x81d944
libminc malloc op=M seq=97 ptr=0x983800 ptr2=0 size=24 size2=0 caller=0x81d944
libminc malloc op=M seq=98 ptr=0x983820 ptr2=0 size=24 size2=0 caller=0x81d944
libminc malloc op=M seq=99 ptr=0x983840 ptr2=0 size=24 size2=0 caller=0x81d944
libminc malloc op=M seq=100 ptr=0x983860 ptr2=0 size=24 size2=0 caller=0x81d944
libminc malloc op=M seq=101 ptr=0x983880 ptr2=0 size=24 size2=0 caller=0x81d944
libminc malloc op=M seq=102 ptr=0x9838a0 ptr2=0 size=24 size2=0 caller=0x81d944
libminc malloc op=M seq=103 ptr=0x9838c0 ptr2=0 size=24 size2=0 caller=0x81d944
libminc malloc op=M seq=104 ptr=0x9838e0 ptr2=0 size=24 size2=0 caller=0x81d944
libminc malloc op=M seq=105 ptr=0x983900 ptr2=0 size=24 size2=0 caller=0x81d944
libminc malloc op=M seq=106 ptr=0x983920 ptr2=0 size=24 size2=0 caller=0x81d944
libminc malloc op=M seq=107 ptr=0x983940 ptr2=0 size=24 size2=0 caller=0x81d944
libminc malloc op=M seq=108 ptr=0x983960 ptr2=0 size=24 size2=0 caller=0x81d944
libminc malloc op=M seq=109 ptr=0x983980 ptr2=0 size=24 size2=0 caller=0x81d944
libminc malloc op=M seq=110 ptr=0x9839a0 ptr2=0 size=24 size2=0 caller=0x81d944
libminc malloc op=M seq=111 ptr=0x9839c0 ptr2=0 size=24 size2=0 caller=0x81d944
libminc malloc op=M seq=112 ptr=0x9839e0 ptr2=0 size=24 size2=0 caller=0x81d944
libminc malloc op=M seq=113 ptr=0x983a00 ptr2=0 size=24 size2=0 caller=0x81d944
libminc malloc op=M seq=114 ptr=0x983a20 ptr2=0 size=24 size2=0 caller=0x81d944
libminc malloc op=M seq=115 ptr=0x983a40 ptr2=0 size=24 size2=0 caller=0x81d944
libminc malloc op=M seq=116 ptr=0x983a60 ptr2=0 size=24 size2=0 caller=0x81d944
libminc malloc op=M seq=117 ptr=0x983a80 ptr2=0 size=24 size2=0 caller=0x81d944
libminc malloc op=M seq=118 ptr=0x983aa0 ptr2=0 size=24 size2=0 caller=0x81d944
libminc malloc op=M seq=119 ptr=0x983ac0 ptr2=0 size=24 size2=0 caller=0x81d944
libminc malloc op=M seq=120 ptr=0x983ae0 ptr2=0 size=24 size2=0 caller=0x81d944
libminc malloc op=M seq=121 ptr=0x983b00 ptr2=0 size=24 size2=0 caller=0x81d944
libminc malloc op=M seq=122 ptr=0x983b20 ptr2=0 size=24 size2=0 caller=0x81d944
libminc malloc op=M seq=123 ptr=0x983b40 ptr2=0 size=24 size2=0 caller=0x81d944
libminc malloc op=M seq=124 ptr=0x983b60 ptr2=0 size=24 size2=0 caller=0x81d944
libminc malloc op=M seq=125 ptr=0x983b80 ptr2=0 size=24 size2=0 caller=0x81d944
libminc malloc op=M seq=126 ptr=0x983ba0 ptr2=0 size=24 size2=0 caller=0x81d944
libminc malloc op=M seq=127 ptr=0x983bc0 ptr2=0 size=24 size2=0 caller=0x81d944
libminc malloc op=M seq=128 ptr=0x983be0 ptr2=0 size=24 size2=0 caller=0x81d944
libminc malloc op=M seq=129 ptr=0x983c00 ptr2=0 size=24 size2=0 caller=0x81d944
libminc malloc op=M seq=130 ptr=0x983c20 ptr2=0 size=24 size2=0 caller=0x81d944
libminc malloc op=M seq=131 ptr=0x983c40 ptr2=0 size=24 size2=0 caller=0x81d944
libminc malloc op=M seq=132 ptr=0x983c60 ptr2=0 size=24 size2=0 caller=0x81d944
libminc malloc op=M seq=133 ptr=0x983c80 ptr2=0 size=24 size2=0 caller=0x81d944
libminc malloc op=M seq=134 ptr=0x983ca0 ptr2=0 size=24 size2=0 caller=0x81d944
libminc malloc op=M seq=135 ptr=0x983cc0 ptr2=0 size=24 size2=0 caller=0x81d944
libminc malloc op=M seq=136 ptr=0x983ce0 ptr2=0 size=24 size2=0 caller=0x81d944
libminc malloc op=M seq=137 ptr=0x983d00 ptr2=0 size=24 size2=0 caller=0x81d944
libminc malloc op=M seq=138 ptr=0x983d20 ptr2=0 size=24 size2=0 caller=0x81d944
libminc malloc op=M seq=139 ptr=0x983d40 ptr2=0 size=24 size2=0 caller=0x81d944
libminc malloc op=M seq=140 ptr=0x983d60 ptr2=0 size=24 size2=0 caller=0x81d944
libminc malloc op=M seq=141 ptr=0x983d80 ptr2=0 size=24 size2=0 caller=0x81d944
libminc malloc op=M seq=142 ptr=0x983da0 ptr2=0 size=24 size2=0 caller=0x81d944
libminc malloc op=M seq=143 ptr=0x983dc0 ptr2=0 size=24 size2=0 caller=0x81d944
libminc malloc op=M seq=144 ptr=0x983de0 ptr2=0 size=24 size2=0 caller=0x81d944
libminc malloc op=M seq=145 ptr=0x983e00 ptr2=0 size=24 size2=0 caller=0x81d944
libminc malloc op=M seq=146 ptr=0x983e20 ptr2=0 size=24 size2=0 caller=0x81d944
libminc malloc op=M seq=147 ptr=0x983e40 ptr2=0 size=24 size2=0 caller=0x81d944
libminc malloc op=M seq=148 ptr=0x983e60 ptr2=0 size=24 size2=0 caller=0x81d944
libminc malloc op=M seq=149 ptr=0x983e80 ptr2=0 size=24 size2=0 caller=0x81d944
libminc malloc op=M seq=150 ptr=0x983ea0 ptr2=0 size=24 size2=0 caller=0x81d944
libminc malloc op=M seq=151 ptr=0x983ec0 ptr2=0 size=24 size2=0 caller=0x81d944
libminc malloc op=M seq=152 ptr=0x983ee0 ptr2=0 size=24 size2=0 caller=0x81d944
libminc malloc op=M seq=153 ptr=0x983f00 ptr2=0 size=24 size2=0 caller=0x81d944
libminc malloc op=M seq=154 ptr=0x983f20 ptr2=0 size=24 size2=0 caller=0x81d944
libminc malloc op=M seq=155 ptr=0x983f40 ptr2=0 size=24 size2=0 caller=0x81d944
libminc malloc op=M seq=156 ptr=0x983f60 ptr2=0 size=24 size2=0 caller=0x81d944
libminc malloc op=M seq=157 ptr=0x983f80 ptr2=0 size=24 size2=0 caller=0x81d944
libminc malloc op=M seq=158 ptr=0x983fa0 ptr2=0 size=24 size2=0 caller=0x81d944
libminc malloc op=M seq=159 ptr=0x983fc0 ptr2=0 size=24 size2=0 caller=0x81d944
libminc malloc op=M seq=160 ptr=0x983fe0 ptr2=0 size=24 size2=0 caller=0x81d944
rv64: ipc vm op=0x3 src=0x1 ptr=0xefffd8b8 mtype=0xc02
rv64: user pagefault ep=0x1 name=vfs pc=0x8237f8 ra=0x8218e4 sp=0xefffd950 addr=0x988000 cause=0xf satp=0x80000000000811c8 root=0x811c8000 p_seg=0x811c8000 p_seg_v=0x140001000
VM: pf name=vfs addr=0x988000 r=ok
libminc malloc op=M seq=161 ptr=0x988040 ptr2=0 size=24 size2=0 caller=0x81d944
libminc malloc op=M seq=162 ptr=0x988060 ptr2=0 size=24 size2=0 caller=0x81d944
libminc malloc op=M seq=163 ptr=0x988080 ptr2=0 size=24 size2=0 caller=0x81d944
libminc malloc op=M seq=164 ptr=0x9880a0 ptr2=0 size=24 size2=0 caller=0x81d944
libminc malloc op=M seq=165 ptr=0x9880c0 ptr2=0 size=24 size2=0 caller=0x81d944
libminc malloc op=M seq=166 ptr=0x9880e0 ptr2=0 size=24 size2=0 caller=0x81d944
libminc malloc op=M seq=167 ptr=0x988100 ptr2=0 size=24 size2=0 caller=0x81d944
libminc malloc op=M seq=168 ptr=0x988120 ptr2=0 size=24 size2=0 caller=0x81d944
libminc malloc op=M seq=169 ptr=0x988140 ptr2=0 size=24 size2=0 caller=0x81d944
libminc malloc op=M seq=170 ptr=0x988160 ptr2=0 size=24 size2=0 caller=0x81d944
libminc malloc op=M seq=171 ptr=0x988180 ptr2=0 size=24 size2=0 caller=0x81d944
libminc malloc op=M seq=172 ptr=0x9881a0 ptr2=0 size=24 size2=0 caller=0x81d944
libminc malloc op=M seq=173 ptr=0x9881c0 ptr2=0 size=24 size2=0 caller=0x81d944
libminc malloc op=M seq=174 ptr=0x9881e0 ptr2=0 size=24 size2=0 caller=0x81d944
libminc malloc op=M seq=175 ptr=0x988200 ptr2=0 size=24 size2=0 caller=0x81d944
libminc malloc op=M seq=176 ptr=0x988220 ptr2=0 size=24 size2=0 caller=0x81d944
libminc malloc op=M seq=177 ptr=0x988240 ptr2=0 size=24 size2=0 caller=0x81d944
libminc malloc op=M seq=178 ptr=0x988260 ptr2=0 size=24 size2=0 caller=0x81d944
libminc malloc op=M seq=179 ptr=0x988280 ptr2=0 size=24 size2=0 caller=0x81d944
libminc malloc op=M seq=180 ptr=0x9882a0 ptr2=0 size=24 size2=0 caller=0x81d944
libminc malloc op=M seq=181 ptr=0x9882c0 ptr2=0 size=24 size2=0 caller=0x81d944
libminc malloc op=M seq=182 ptr=0x9882e0 ptr2=0 size=24 size2=0 caller=0x81d944
VFS: sizeof(vir_bytes)=8 sizeof(void*)=8 sizeof(long)=8
VFS: rprocpub gid=0 bytes=7140
VFS: rprocpub dst=0xf0981710 end=0xeffff72c sp=0xf09816a4
rv64: safecopy_from err=0xffffffffffffffff caller=0x1 from_to=0x2 gid=0x0 addr=0xf0981710 bytes=0x1be4
rv64: kcall safecopy err=0xffffffffffffffff caller=vfs/0x1 from_to=0x2 gid=0x0 off=0x0 addr=0xf0981710 bytes=0x1be4
VFS: sys_safecopyfrom failed: -1 gid=0 bytes=7140 dst=0xf0981710
rv64: kcall GETINFO req=0x1 res=0x0
sys_safecopyfrom failed: -1
vfs(1): panic: sys_safecopyfrom failed: -1
syslib:panic.c: stacktrace: syslib: stacktrace disabled on riscv64
VFS mthread stacktraces:
rv64: sef_exit status=1 ep=1 name=vfs ra=0x81baa0
rv64: kcall GETINFO req=0x1 res=0x0
rv64: sys_exit ep=1 name=vfs ra=0x81a6f0
rv64: kcall SYS_EXIT caller=vfs/0x1 kcall_ra=0x81b7a4 sys_exit_ra=0x81a72c caller_ra=0x81a6f0 sef_exit_ra=0x81baa0 panic_ra=0x8006c8 assert_ra=0xffffffff00000000
rv64: user pagefault ep=0x2 name=rs pc=0x810c78 ra=0x80769c sp=0xefffefc0 addr=0xefffefe8 cause=0xf satp=0x8000000000081019 root=0x81019000 p_seg=0x81019000 p_seg_v=0x140002000
VM: rs pf msg src=2 type=3327 addr=0xefffefe8 vpfa=0xefffefe8 flags=0xf i1=0 i2=15 i3=0 hi=0x0 lo=0xefffefe8
vm: rs-pf-msg ep=2 addr=0xefffefe8 pde=3 l2=0x20df1401
vm: rs-pf-msg pte1=383 l1=0x20df0c01
vm: rs-pf-msg pte0=510 l0=0x0 U=0 R=0 W=0 X=0
VM: pf name=rs addr=0xefffefe8 r=ok
core system service died: service 'vfs'* (slot 4, ep 1, pid 0)
rv64: sef_exit status=1 ep=2 name=rs ra=0x806630
rv64: kcall GETINFO req=0x2 res=0x0
rv64: sys_exit ep=2 name=rs ra=0x80d4e4
rv64: kcall SYS_EXIT caller=rs/0x2 kcall_ra=0x80e598 sys_exit_ra=0x80d520 caller_ra=0x80d4e4 sef_exit_ra=0x806630 panic_ra=0x81d848 assert_ra=0x82f264
rv64: cause_sig target=rs/0x2 pc=0x814878 sp=0xefffeeb0 ra=0x80eac0
kernel panic: cause_sig: sig manager 2 gets lethal signal 6 for itself
rv64: panic skipping stacktrace

























MINIX will now reset.
System halted.
