Boot modules (12):
  obj/destdir.evbriscv64/service/ds @ 0x81000000
  obj/destdir.evbriscv64/service/rs @ 0x8101a000
  obj/destdir.evbriscv64/service/pm @ 0x81192000
  obj/destdir.evbriscv64/service/sched @ 0x81320000
  obj/destdir.evbriscv64/service/vfs @ 0x81411000
  obj/destdir.evbriscv64/service/memory @ 0x81562000
  obj/destdir.evbriscv64/service/tty @ 0x818c8000
  obj/destdir.evbriscv64/service/mib @ 0x818de000
  obj/destdir.evbriscv64/service/vm @ 0x818fc000
  obj/destdir.evbriscv64/service/pfs @ 0x81a62000
  obj/destdir.evbriscv64/service/mfs @ 0x81a76000
  obj/destdir.evbriscv64/sbin/init @ 0x81c21000
Starting QEMU with: qemu-system-riscv64 -machine virt -cpu rv64 -smp 4 -m 256M -nographic -bios default -kernel minix/kernel/obj/kernel -device loader,file=/tmp/minix-rv64-modinfo.lBZYXc,addr=0x80f00000,force-raw=on -device loader,file=obj/destdir.evbriscv64/service/ds,addr=0x81000000,force-raw=on -device loader,file=obj/destdir.evbriscv64/service/rs,addr=0x8101a000,force-raw=on -device loader,file=obj/destdir.evbriscv64/service/pm,addr=0x81192000,force-raw=on -device loader,file=obj/destdir.evbriscv64/service/sched,addr=0x81320000,force-raw=on -device loader,file=obj/destdir.evbriscv64/service/vfs,addr=0x81411000,force-raw=on -device loader,file=obj/destdir.evbriscv64/service/memory,addr=0x81562000,force-raw=on -device loader,file=obj/destdir.evbriscv64/service/tty,addr=0x818c8000,force-raw=on -device loader,file=obj/destdir.evbriscv64/service/mib,addr=0x818de000,force-raw=on -device loader,file=obj/destdir.evbriscv64/service/vm,addr=0x818fc000,force-raw=on -device loader,file=obj/destdir.evbriscv64/service/pfs,addr=0x81a62000,force-raw=on -device loader,file=obj/destdir.evbriscv64/service/mfs,addr=0x81a76000,force-raw=on -device loader,file=obj/destdir.evbriscv64/sbin/init,addr=0x81c21000,force-raw=on -serial mon:stdio -device virtio-rng-device

OpenSBI v1.6
   ____                    _____ ____ _____
  / __ \                  / ____|  _ \_   _|
 | |  | |_ __   ___ _ __ | (___ | |_) || |
 | |  | | '_ \ / _ \ '_ \ \___ \|  _ < | |
 | |__| | |_) |  __/ | | |____) | |_) || |_
  \____/| .__/ \___|_| |_|_____/|____/_____|
        | |
        |_|

Platform Name               : riscv-virtio,qemu
Platform Features           : medeleg
Platform HART Count         : 4
Platform IPI Device         : aclint-mswi
Platform Timer Device       : aclint-mtimer @ 10000000Hz
Platform Console Device     : uart8250
Platform HSM Device         : ---
Platform PMU Device         : ---
Platform Reboot Device      : syscon-reboot
Platform Shutdown Device    : syscon-poweroff
Platform Suspend Device     : ---
Platform CPPC Device        : ---
Firmware Base               : 0x80000000
Firmware Size               : 361 KB
Firmware RW Offset          : 0x40000
Firmware RW Size            : 105 KB
Firmware Heap Offset        : 0x4e000
Firmware Heap Size          : 49 KB (total), 3 KB (reserved), 13 KB (used), 32 KB (free)
Firmware Scratch Size       : 4096 B (total), 440 B (used), 3656 B (free)
Runtime SBI Version         : 2.0
Standard SBI Extensions     : ipi,pmu,srst,hsm,rfnc,time,base,legacy,dbcn
Experimental SBI Extensions : sse,fwft,dbtr

Domain0 Name                : root
Domain0 Boot HART           : 1
Domain0 HARTs               : 0*,1*,2*,3*
Domain0 Region00            : 0x0000000000100000-0x0000000000100fff M: (I,R,W) S/U: (R,W)
Domain0 Region01            : 0x0000000010000000-0x0000000010000fff M: (I,R,W) S/U: (R,W)
Domain0 Region02            : 0x0000000002000000-0x000000000200ffff M: (I,R,W) S/U: ()
Domain0 Region03            : 0x0000000080040000-0x000000008005ffff M: (R,W) S/U: ()
Domain0 Region04            : 0x0000000080000000-0x000000008003ffff M: (R,X) S/U: ()
Domain0 Region05            : 0x000000000c400000-0x000000000c5fffff M: (I,R,W) S/U: (R,W)
Domain0 Region06            : 0x000000000c000000-0x000000000c3fffff M: (I,R,W) S/U: (R,W)
Domain0 Region07            : 0x0000000000000000-0xffffffffffffffff M: () S/U: (R,W,X)
Domain0 Next Address        : 0x0000000080200000
Domain0 Next Arg1           : 0x000000008fe00000
Domain0 Next Mode           : S-mode
Domain0 SysReset            : yes
Domain0 SysSuspend          : yes

Boot HART ID                : 1
Boot HART Domain            : root
Boot HART Priv Version      : v1.12
Boot HART Base ISA          : rv64imafdch
Boot HART ISA Extensions    : sstc,zicntr,zihpm,zicboz,zicbom,sdtrig,svadu
Boot HART PMP Count         : 16
Boot HART PMP Granularity   : 2 bits
Boot HART PMP Address Bits  : 54
Boot HART MHPM Info         : 16 (0x0007fff8)
Boot HART Debug Triggers    : 2 triggers
Boot HART MIDELEG           : 0x0000000000001666
Boot HART MEDELEG           : 0x0000000000f4b509
rv64: kernel_main
rv64: kmain entry
rv64: kinfo copy
rv64: kmess copy
rv64: board_id
rv64: may_alloc
rv64: boot_procs
rv64: cstart
rv64: init_clock
rv64: after cstart
rv64: after BKL
rv64: proc_init
rv64: ipcf_init
rv64: mods_count=12
rv64: boot procs init start
rv64: get_priv proc=18446744073709551611 ep=18446744073709551611 priv=0x80321e48
rv64: get_priv proc=18446744073709551612 ep=18446744073709551612 priv=0x80322298
rv64: get_priv proc=18446744073709551613 ep=18446744073709551613 priv=0x803226e8
rv64: get_priv proc=18446744073709551614 ep=18446744073709551614 priv=0x80322b38
rv64: get_priv proc=18446744073709551615 ep=18446744073709551615 priv=0x80322f88
rv64: get_priv proc=2 ep=2 priv=0x80323c78
rv64: preassign PM priv=0x803233d8
rv64: get_priv proc=8 ep=8 priv=0x80325658
rv64: arch_boot_proc VM
rv64: load_vm_elf start
rv64: boot_pgdir synced
rv64: load_vm_elf map segs
rv64: load_vm_elf map stack
rv64: load_vm_elf pg_load
ABCrv64: pg_load leave
rv64: load_vm_elf copy segs
rv64: map va=0x800000 pte=0x21fffcdf pa=0x87fff000 L0
rv64: map va=0xefffff00 pte=0x21e748d7 pa=0x879d2f00 L0
rv64: load_vm_elf done
rv64: VM loaded
rv64: boot procs init done
rv64: boot p_priv PM=0x803233d8 RS=0x80323c78 VM=0x80325658
rv64: boot procs updated
rv64: arch_post_init start
rv64: arch_post_init
rv64: memory_init start
rv64: memory_init
rv64: system_init start
rv64: system_init done
rv64: add_memmap
rv64: bsp_finish_booting
rv64: finish_booting start
rv64: finish_booting announce
rv64: finish_booting announce done
rv64: finish_booting schedule
rv64: finish_booting timer
rv64: finish_booting timer done
rv64: finish_booting switch
rv64: switch_to_user
rv64: syscall a7=0x8 a2=0x6 a0=0x0 a1=0x0
rv64: ipc vm call=0x6 r2=0x0 r3=0x0
rv64: exception switch_to_user
rv64: switch_to_user
rv64: syscall a7=0x9 a2=0x0 a0=0xeffffad8 a1=0xeffffad8
rv64: kcall m_ptr=0xeffffad8 type=0x61a src=0x0 req=0xb
rv64: kcall GETINFO req=0xb res=0x0
rv64: exception switch_to_user
rv64: switch_to_user
rv64: syscall a7=0x9 a2=0x0 a0=0xeffffaa8 a1=0xeffffaa8
rv64: kcall m_ptr=0xeffffaa8 type=0x61a src=0x828fb0 req=0x0
rv64: kcall GETINFO req=0x0 res=0x0
rv64: exception switch_to_user
rv64: switch_to_user
rv64: syscall a7=0x9 a2=0x80 a0=0xeffff948 a1=0xeffff948
rv64: kcall m_ptr=0xeffff948 type=0x61a src=0x0 req=0x4
rv64: getinfo MONPARAMS val_ptr=0xb7b200 len=0x400 max=0x400
rv64: vcopy start dst=0xb7b200 src=0x8024d5f0 bytes=0x400 vmcheck=0x1
rv64: vcopy src_phys=0x8024d5f0 src_off=0x8024d5f0 chunk=0x400
rv64: vcopy dst_phys=0x87c82200 dst_off=0xb7b200
Ccrv64: vcopy done
rv64: getinfo MONPARAMS res=0x0
rv64: kcall GETINFO req=0x4 res=0x0
rv64: exception switch_to_user
rv64: switch_to_user
rv64: exception switch_to_user
rv64: switch_to_user
rv64: syscall a7=0x9 a2=0x23 a0=0xefffd968 a1=0xefffd968
rv64: kcall m_ptr=0xefffd968 type=0x62c src=0x8171c4
VM: mapping 480 static spare pages
rv64: exception switch_to_user
rv64: switch_to_user
rv64: syscall a7=0x9 a2=0x89a000 a0=0xefffd9e8 a1=0xefffd9e8
rv64: kcall m_ptr=0xefffd9e8 type=0x60e src=0x829510
rv64: exception switch_to_user
rv64: switch_to_user
rv64: syscall a7=0x9 a2=0x89b000 a0=0xefffd9e8 a1=0xefffd9e8
rv64: kcall m_ptr=0xefffd9e8 type=0x60e src=0xfffffffffffffffe
rv64: exception switch_to_user
rv64: syscall a7=0x9 a2=0x89c000 a0=0xefffd9e8 a1=0xefffd9e8
rv64: kcall m_ptr=0xefffd9e8 type=0x60e src=0xfffffffffffffffe
rv64: exception switch_to_user
rv64: syscall a7=0x9 a2=0x89d000 a0=0xefffd9e8 a1=0xefffd9e8
rv64: kcall m_ptr=0xefffd9e8 type=0x60e src=0xfffffffffffffffe
rv64: exception switch_to_user
rv64: syscall a7=0x9 a2=0x89e000 a0=0xefffd9e8 a1=0xefffd9e8
rv64: kcall m_ptr=0xefffd9e8 type=0x60e src=0xfffffffffffffffe
rv64: exception switch_to_user
rv64: syscall a7=0x9 a2=0x89f000 a0=0xefffd9e8 a1=0xefffd9e8
rv64: kcall m_ptr=0xefffd9e8 type=0x60e src=0xfffffffffffffffe
rv64: exception switch_to_user
rv64: syscall a7=0x9 a2=0x8a0000 a0=0xefffd9e8 a1=0xefffd9e8
rv64: kcall m_ptr=0xefffd9e8 type=0x60e src=0xfffffffffffffffe
rv64: exception switch_to_user
rv64: syscall a7=0x9 a2=0x8a1000 a0=0xefffd9e8 a1=0xefffd9e8
rv64: kcall m_ptr=0xefffd9e8 type=0x60e src=0xfffffffffffffffe
rv64: exception switch_to_user
rv64: syscall a7=0x9 a2=0x8a2000 a0=0xefffd9e8 a1=0xefffd9e8
rv64: kcall m_ptr=0xefffd9e8 type=0x60e src=0xfffffffffffffffe
rv64: exception switch_to_user
rv64: syscall a7=0x9 a2=0x8a3000 a0=0xefffd9e8 a1=0xefffd9e8
rv64: kcall m_ptr=0xefffd9e8 type=0x60e src=0xfffffffffffffffe
rv64: exception switch_to_user
rv64: syscall a7=0x9 a2=0x8a4000 a0=0xefffd9e8 a1=0xefffd9e8
rv64: kcall m_ptr=0xefffd9e8 type=0x60e src=0xfffffffffffffffe
rv64: exception switch_to_user
rv64: syscall a7=0x9 a2=0x8a5000 a0=0xefffd9e8 a1=0xefffd9e8
rv64: kcall m_ptr=0xefffd9e8 type=0x60e src=0xfffffffffffffffe
rv64: exception switch_to_user
rv64: syscall a7=0x9 a2=0x8a6000 a0=0xefffd9e8 a1=0xefffd9e8
rv64: kcall m_ptr=0xefffd9e8 type=0x60e src=0xfffffffffffffffe
rv64: exception switch_to_user
rv64: syscall a7=0x9 a2=0x8a7000 a0=0xefffd9e8 a1=0xefffd9e8
rv64: kcall m_ptr=0xefffd9e8 type=0x60e src=0xfffffffffffffffe
rv64: exception switch_to_user
rv64: syscall a7=0x9 a2=0x8a8000 a0=0xefffd9e8 a1=0xefffd9e8
rv64: kcall m_ptr=0xefffd9e8 type=0x60e src=0xfffffffffffffffe
rv64: exception switch_to_user
rv64: syscall a7=0x9 a2=0x8a9000 a0=0xefffd9e8 a1=0xefffd9e8
rv64: kcall m_ptr=0xefffd9e8 type=0x60e src=0xfffffffffffffffe
rv64: exception switch_to_user
rv64: syscall a7=0x9 a2=0x8aa000 a0=0xefffd9e8 a1=0xefffd9e8
rv64: kcall m_ptr=0xefffd9e8 type=0x60e src=0xfffffffffffffffe
rv64: exception switch_to_user
rv64: syscall a7=0x9 a2=0x8ab000 a0=0xefffd9e8 a1=0xefffd9e8
rv64: kcall m_ptr=0xefffd9e8 type=0x60e src=0xfffffffffffffffe
rv64: exception switch_to_user
rv64: syscall a7=0x9 a2=0x8ac000 a0=0xefffd9e8 a1=0xefffd9e8
rv64: kcall m_ptr=0xefffd9e8 type=0x60e src=0xfffffffffffffffe
rv64: exception switch_to_user
rv64: syscall a7=0x9 a2=0x8ad000 a0=0xefffd9e8 a1=0xefffd9e8
rv64: kcall m_ptr=0xefffd9e8 type=0x60e src=0xfffffffffffffffe
rv64: exception switch_to_user
rv64: syscall a7=0x9 a2=0x8ae000 a0=0xefffd9e8 a1=0xefffd9e8
rv64: kcall m_ptr=0xefffd9e8 type=0x60e src=0xfffffffffffffffe
rv64: exception switch_to_user
rv64: syscall a7=0x9 a2=0x8af000 a0=0xefffd9e8 a1=0xefffd9e8
rv64: kcall m_ptr=0xefffd9e8 type=0x60e src=0xfffffffffffffffe
rv64: exception switch_to_user
rv64: syscall a7=0x9 a2=0x8b0000 a0=0xefffd9e8 a1=0xefffd9e8
rv64: kcall m_ptr=0xefffd9e8 type=0x60e src=0xfffffffffffffffe
rv64: exception switch_to_user
rv64: syscall a7=0x9 a2=0x8b1000 a0=0xefffd9e8 a1=0xefffd9e8
rv64: kcall m_ptr=0xefffd9e8 type=0x60e src=0xfffffffffffffffe
rv64: exception switch_to_user
rv64: syscall a7=0x9 a2=0x8b2000 a0=0xefffd9e8 a1=0xefffd9e8
rv64: kcall m_ptr=0xefffd9e8 type=0x60e src=0xfffffffffffffffe
rv64: exception switch_to_user
rv64: syscall a7=0x9 a2=0x8b3000 a0=0xefffd9e8 a1=0xefffd9e8
rv64: kcall m_ptr=0xefffd9e8 type=0x60e src=0xfffffffffffffffe
rv64: exception switch_to_user
rv64: syscall a7=0x9 a2=0x8b4000 a0=0xefffd9e8 a1=0xefffd9e8
rv64: kcall m_ptr=0xefffd9e8 type=0x60e src=0xfffffffffffffffe
rv64: syscall a7=0x9 a2=0x8b5000 a0=0xefffd9e8 a1=0xefffd9e8
rv64: kcall m_ptr=0xefffd9e8 type=0x60e src=0xfffffffffffffffe
rv64: syscall a7=0x9 a2=0x8b6000 a0=0xefffd9e8 a1=0xefffd9e8
rv64: kcall m_ptr=0xefffd9e8 type=0x60e src=0xfffffffffffffffe
rv64: syscall a7=0x9 a2=0x8b7000 a0=0xefffd9e8 a1=0xefffd9e8
rv64: kcall m_ptr=0xefffd9e8 type=0x60e src=0xfffffffffffffffe
rv64: syscall a7=0x9 a2=0x8b8000 a0=0xefffd9e8 a1=0xefffd9e8
rv64: kcall m_ptr=0xefffd9e8 type=0x60e src=0xfffffffffffffffe
rv64: syscall a7=0x9 a2=0x8b9000 a0=0xefffd9e8 a1=0xefffd9e8
rv64: kcall m_ptr=0xefffd9e8 type=0x60e src=0xfffffffffffffffe
rv64: syscall a7=0x9 a2=0x8ba000 a0=0xefffd9e8 a1=0xefffd9e8
rv64: kcall m_ptr=0xefffd9e8 type=0x60e src=0xfffffffffffffffe
rv64: syscall a7=0x9 a2=0x8bb000 a0=0xefffd9e8 a1=0xefffd9e8
rv64: kcall m_ptr=0xefffd9e8 type=0x60e src=0xfffffffffffffffe
rv64: syscall a7=0x9 a2=0x8bc000 a0=0xefffd9e8 a1=0xefffd9e8
rv64: kcall m_ptr=0xefffd9e8 type=0x60e src=0xfffffffffffffffe
rv64: syscall a7=0x9 a2=0x8bd000 a0=0xefffd9e8 a1=0xefffd9e8
rv64: kcall m_ptr=0xefffd9e8 type=0x60e src=0xfffffffffffffffe
rv64: syscall a7=0x9 a2=0x8be000 a0=0xefffd9e8 a1=0xefffd9e8
rv64: kcall m_ptr=0xefffd9e8 type=0x60e src=0xfffffffffffffffe
rv64: syscall a7=0x9 a2=0x8bf000 a0=0xefffd9e8 a1=0xefffd9e8
rv64: kcall m_ptr=0xefffd9e8 type=0x60e src=0xfffffffffffffffe
rv64: syscall a7=0x9 a2=0x8c0000 a0=0xefffd9e8 a1=0xefffd9e8
rv64: kcall m_ptr=0xefffd9e8 type=0x60e src=0xfffffffffffffffe
rv64: syscall a7=0x9 a2=0x8c1000 a0=0xefffd9e8 a1=0xefffd9e8
rv64: kcall m_ptr=0xefffd9e8 type=0x60e src=0xfffffffffffffffe
rv64: syscall a7=0x9 a2=0x8c2000 a0=0xefffd9e8 a1=0xefffd9e8
rv64: kcall m_ptr=0xefffd9e8 type=0x60e src=0xfffffffffffffffe
rv64: syscall a7=0x9 a2=0x8c3000 a0=0xefffd9e8 a1=0xefffd9e8
rv64: kcall m_ptr=0xefffd9e8 type=0x60e src=0xfffffffffffffffe
rv64: syscall a7=0x9 a2=0x8c4000 a0=0xefffd9e8 a1=0xefffd9e8
rv64: kcall m_ptr=0xefffd9e8 type=0x60e src=0xfffffffffffffffe
rv64: syscall a7=0x9 a2=0x8c5000 a0=0xefffd9e8 a1=0xefffd9e8
rv64: kcall m_ptr=0xefffd9e8 type=0x60e src=0xfffffffffffffffe
rv64: syscall a7=0x9 a2=0x8c6000 a0=0xefffd9e8 a1=0xefffd9e8
rv64: kcall m_ptr=0xefffd9e8 type=0x60e src=0xfffffffffffffffe
rv64: syscall a7=0x9 a2=0x8c7000 a0=0xefffd9e8 a1=0xefffd9e8
rv64: kcall m_ptr=0xefffd9e8 type=0x60e src=0xfffffffffffffffe
rv64: syscall a7=0x9 a2=0x8c8000 a0=0xefffd9e8 a1=0xefffd9e8
rv64: kcall m_ptr=0xefffd9e8 type=0x60e src=0xfffffffffffffffe
rv64: syscall a7=0x9 a2=0x8c9000 a0=0xefffd9e8 a1=0xefffd9e8
rv64: kcall m_ptr=0xefffd9e8 type=0x60e src=0xfffffffffffffffe
rv64: syscall a7=0x9 a2=0x8ca000 a0=0xefffd9e8 a1=0xefffd9e8
rv64: kcall m_ptr=0xefffd9e8 type=0x60e src=0xfffffffffffffffe
rv64: syscall a7=0x9 a2=0x8cb000 a0=0xefffd9e8 a1=0xefffd9e8
rv64: kcall m_ptr=0xefffd9e8 type=0x60e src=0xfffffffffffffffe
rv64: syscall a7=0x9 a2=0x8cc000 a0=0xefffd9e8 a1=0xefffd9e8
rv64: kcall m_ptr=0xefffd9e8 type=0x60e src=0xfffffffffffffffe
rv64: syscall a7=0x9 a2=0x8cd000 a0=0xefffd9e8 a1=0xefffd9e8
rv64: kcall m_ptr=0xefffd9e8 type=0x60e src=0xfffffffffffffffe
rv64: syscall a7=0x9 a2=0x8ce000 a0=0xefffd9e8 a1=0xefffd9e8
rv64: kcall m_ptr=0xefffd9e8 type=0x60e src=0xfffffffffffffffe
rv64: syscall a7=0x9 a2=0x8cf000 a0=0xefffd9e8 a1=0xefffd9e8
rv64: kcall m_ptr=0xefffd9e8 type=0x60e src=0xfffffffffffffffe
rv64: syscall a7=0x9 a2=0x8d0000 a0=0xefffd9e8 a1=0xefffd9e8
rv64: kcall m_ptr=0xefffd9e8 type=0x60e src=0xfffffffffffffffe
rv64: syscall a7=0x9 a2=0x8d1000 a0=0xefffd9e8 a1=0xefffd9e8
rv64: kcall m_ptr=0xefffd9e8 type=0x60e src=0xfffffffffffffffe
rv64: syscall a7=0x9 a2=0x8d2000 a0=0xefffd9e8 a1=0xefffd9e8
rv64: kcall m_ptr=0xefffd9e8 type=0x60e src=0xfffffffffffffffe
rv64: syscall a7=0x9 a2=0x8d3000 a0=0xefffd9e8 a1=0xefffd9e8
rv64: kcall m_ptr=0xefffd9e8 type=0x60e src=0xfffffffffffffffe
rv64: syscall a7=0x9 a2=0x8d4000 a0=0xefffd9e8 a1=0xefffd9e8
rv64: kcall m_ptr=0xefffd9e8 type=0x60e src=0xfffffffffffffffe
rv64: syscall a7=0x9 a2=0x8d5000 a0=0xefffd9e8 a1=0xefffd9e8
rv64: kcall m_ptr=0xefffd9e8 type=0x60e src=0xfffffffffffffffe
rv64: syscall a7=0x9 a2=0x8d6000 a0=0xefffd9e8 a1=0xefffd9e8
rv64: syscall a7=0x9 a2=0x8d7000 a0=0xefffd9e8 a1=0xefffd9e8
rv64: syscall a7=0x9 a2=0x8d8000 a0=0xefffd9e8 a1=0xefffd9e8
rv64: syscall a7=0x9 a2=0x8d9000 a0=0xefffd9e8 a1=0xefffd9e8
rv64: syscall a7=0x9 a2=0x8da000 a0=0xefffd9e8 a1=0xefffd9e8
rv64: syscall a7=0x9 a2=0x8db000 a0=0xefffd9e8 a1=0xefffd9e8
rv64: syscall a7=0x9 a2=0x8dc000 a0=0xefffd9e8 a1=0xefffd9e8
rv64: syscall a7=0x9 a2=0x8dd000 a0=0xefffd9e8 a1=0xefffd9e8
rv64: syscall a7=0x9 a2=0x8de000 a0=0xefffd9e8 a1=0xefffd9e8
rv64: syscall a7=0x9 a2=0x8df000 a0=0xefffd9e8 a1=0xefffd9e8
rv64: syscall a7=0x9 a2=0x8e0000 a0=0xefffd9e8 a1=0xefffd9e8
rv64: syscall a7=0x9 a2=0x8e1000 a0=0xefffd9e8 a1=0xefffd9e8
rv64: syscall a7=0x9 a2=0x8e2000 a0=0xefffd9e8 a1=0xefffd9e8
rv64: syscall a7=0x9 a2=0x8e3000 a0=0xefffd9e8 a1=0xefffd9e8
rv64: syscall a7=0x9 a2=0x8e4000 a0=0xefffd9e8 a1=0xefffd9e8
rv64: syscall a7=0x9 a2=0x8e5000 a0=0xefffd9e8 a1=0xefffd9e8
rv64: syscall a7=0x9 a2=0x8e6000 a0=0xefffd9e8 a1=0xefffd9e8
rv64: syscall a7=0x9 a2=0x8e7000 a0=0xefffd9e8 a1=0xefffd9e8
rv64: syscall a7=0x9 a2=0x8e8000 a0=0xefffd9e8 a1=0xefffd9e8
rv64: syscall a7=0x9 a2=0x8e9000 a0=0xefffd9e8 a1=0xefffd9e8
rv64: syscall a7=0x9 a2=0x8ea000 a0=0xefffd9e8 a1=0xefffd9e8
rv64: syscall a7=0x9 a2=0x8eb000 a0=0xefffd9e8 a1=0xefffd9e8
rv64: syscall a7=0x9 a2=0x8ec000 a0=0xefffd9e8 a1=0xefffd9e8
rv64: syscall a7=0x9 a2=0x8ed000 a0=0xefffd9e8 a1=0xefffd9e8
rv64: syscall a7=0x9 a2=0x8ee000 a0=0xefffd9e8 a1=0xefffd9e8
rv64: syscall a7=0x9 a2=0x8ef000 a0=0xefffd9e8 a1=0xefffd9e8
rv64: syscall a7=0x9 a2=0x8f0000 a0=0xefffd9e8 a1=0xefffd9e8
rv64: syscall a7=0x9 a2=0x8f1000 a0=0xefffd9e8 a1=0xefffd9e8
rv64: syscall a7=0x9 a2=0x8f2000 a0=0xefffd9e8 a1=0xefffd9e8
rv64: syscall a7=0x9 a2=0x8f3000 a0=0xefffd9e8 a1=0xefffd9e8
rv64: syscall a7=0x9 a2=0x8f4000 a0=0xefffd9e8 a1=0xefffd9e8
rv64: syscall a7=0x9 a2=0x8f5000 a0=0xefffd9e8 a1=0xefffd9e8
rv64: syscall a7=0x9 a2=0x8f6000 a0=0xefffd9e8 a1=0xefffd9e8
rv64: syscall a7=0x9 a2=0x8f7000 a0=0xefffd9e8 a1=0xefffd9e8
rv64: syscall a7=0x9 a2=0x8f8000 a0=0xefffd9e8 a1=0xefffd9e8
rv64: syscall a7=0x9 a2=0x8f9000 a0=0xefffd9e8 a1=0xefffd9e8
rv64: syscall a7=0x9 a2=0x8fa000 a0=0xefffd9e8 a1=0xefffd9e8
rv64: syscall a7=0x9 a2=0x8fb000 a0=0xefffd9e8 a1=0xefffd9e8
rv64: syscall a7=0x9 a2=0x8fc000 a0=0xefffd9e8 a1=0xefffd9e8
rv64: syscall a7=0x9 a2=0x8fd000 a0=0xefffd9e8 a1=0xefffd9e8
rv64: syscall a7=0x9 a2=0x8fe000 a0=0xefffd9e8 a1=0xefffd9e8
rv64: syscall a7=0x9 a2=0x8ff000 a0=0xefffd9e8 a1=0xefffd9e8
rv64: syscall a7=0x9 a2=0x900000 a0=0xefffd9e8 a1=0xefffd9e8
rv64: syscall a7=0x9 a2=0x901000 a0=0xefffd9e8 a1=0xefffd9e8
rv64: syscall a7=0x9 a2=0x902000 a0=0xefffd9e8 a1=0xefffd9e8
rv64: syscall a7=0x9 a2=0x903000 a0=0xefffd9e8 a1=0xefffd9e8
rv64: syscall a7=0x9 a2=0x904000 a0=0xefffd9e8 a1=0xefffd9e8
rv64: syscall a7=0x9 a2=0x905000 a0=0xefffd9e8 a1=0xefffd9e8
rv64: syscall a7=0x9 a2=0x906000 a0=0xefffd9e8 a1=0xefffd9e8
rv64: syscall a7=0x9 a2=0x907000 a0=0xefffd9e8 a1=0xefffd9e8
rv64: syscall a7=0x9 a2=0x908000 a0=0xefffd9e8 a1=0xefffd9e8
rv64: syscall a7=0x9 a2=0x909000 a0=0xefffd9e8 a1=0xefffd9e8
rv64: syscall a7=0x9 a2=0x90a000 a0=0xefffd9e8 a1=0xefffd9e8
rv64: syscall a7=0x9 a2=0x90b000 a0=0xefffd9e8 a1=0xefffd9e8
rv64: syscall a7=0x9 a2=0x90c000 a0=0xefffd9e8 a1=0xefffd9e8
rv64: syscall a7=0x9 a2=0x90d000 a0=0xefffd9e8 a1=0xefffd9e8
rv64: syscall a7=0x9 a2=0x90e000 a0=0xefffd9e8 a1=0xefffd9e8
rv64: syscall a7=0x9 a2=0x90f000 a0=0xefffd9e8 a1=0xefffd9e8
rv64: syscall a7=0x9 a2=0x910000 a0=0xefffd9e8 a1=0xefffd9e8
rv64: syscall a7=0x9 a2=0x911000 a0=0xefffd9e8 a1=0xefffd9e8
rv64: syscall a7=0x9 a2=0x912000 a0=0xefffd9e8 a1=0xefffd9e8
rv64: syscall a7=0x9 a2=0x913000 a0=0xefffd9e8 a1=0xefffd9e8
rv64: syscall a7=0x9 a2=0x914000 a0=0xefffd9e8 a1=0xefffd9e8
rv64: syscall a7=0x9 a2=0x915000 a0=0xefffd9e8 a1=0xefffd9e8
rv64: syscall a7=0x9 a2=0x916000 a0=0xefffd9e8 a1=0xefffd9e8
rv64: syscall a7=0x9 a2=0x917000 a0=0xefffd9e8 a1=0xefffd9e8
rv64: syscall a7=0x9 a2=0x918000 a0=0xefffd9e8 a1=0xefffd9e8
rv64: syscall a7=0x9 a2=0x919000 a0=0xefffd9e8 a1=0xefffd9e8
rv64: syscall a7=0x9 a2=0x91a000 a0=0xefffd9e8 a1=0xefffd9e8
rv64: syscall a7=0x9 a2=0x91b000 a0=0xefffd9e8 a1=0xefffd9e8
rv64: syscall a7=0x9 a2=0x91c000 a0=0xefffd9e8 a1=0xefffd9e8
rv64: syscall a7=0x9 a2=0x91d000 a0=0xefffd9e8 a1=0xefffd9e8
rv64: syscall a7=0x9 a2=0x91e000 a0=0xefffd9e8 a1=0xefffd9e8
rv64: syscall a7=0x9 a2=0x91f000 a0=0xefffd9e8 a1=0xefffd9e8
rv64: syscall a7=0x9 a2=0x920000 a0=0xefffd9e8 a1=0xefffd9e8
rv64: syscall a7=0x9 a2=0x921000 a0=0xefffd9e8 a1=0xefffd9e8
rv64: syscall a7=0x9 a2=0x922000 a0=0xefffd9e8 a1=0xefffd9e8
rv64: syscall a7=0x9 a2=0x923000 a0=0xefffd9e8 a1=0xefffd9e8
rv64: syscall a7=0x9 a2=0x924000 a0=0xefffd9e8 a1=0xefffd9e8
rv64: syscall a7=0x9 a2=0x925000 a0=0xefffd9e8 a1=0xefffd9e8
rv64: syscall a7=0x9 a2=0x926000 a0=0xefffd9e8 a1=0xefffd9e8
rv64: syscall a7=0x9 a2=0x927000 a0=0xefffd9e8 a1=0xefffd9e8
rv64: syscall a7=0x9 a2=0x928000 a0=0xefffd9e8 a1=0xefffd9e8
rv64: syscall a7=0x9 a2=0x929000 a0=0xefffd9e8 a1=0xefffd9e8
rv64: syscall a7=0x9 a2=0x92a000 a0=0xefffd9e8 a1=0xefffd9e8
rv64: syscall a7=0x9 a2=0x92b000 a0=0xefffd9e8 a1=0xefffd9e8
rv64: syscall a7=0x9 a2=0x92c000 a0=0xefffd9e8 a1=0xefffd9e8
rv64: syscall a7=0x9 a2=0x92d000 a0=0xefffd9e8 a1=0xefffd9e8
rv64: syscall a7=0x9 a2=0x92e000 a0=0xefffd9e8 a1=0xefffd9e8
rv64: syscall a7=0x9 a2=0x92f000 a0=0xefffd9e8 a1=0xefffd9e8
rv64: syscall a7=0x9 a2=0x930000 a0=0xefffd9e8 a1=0xefffd9e8
rv64: syscall a7=0x9 a2=0x931000 a0=0xefffd9e8 a1=0xefffd9e8
rv64: syscall a7=0x9 a2=0x932000 a0=0xefffd9e8 a1=0xefffd9e8
rv64: syscall a7=0x9 a2=0x933000 a0=0xefffd9e8 a1=0xefffd9e8
rv64: syscall a7=0x9 a2=0x934000 a0=0xefffd9e8 a1=0xefffd9e8
rv64: syscall a7=0x9 a2=0x935000 a0=0xefffd9e8 a1=0xefffd9e8
rv64: syscall a7=0x9 a2=0x936000 a0=0xefffd9e8 a1=0xefffd9e8
rv64: syscall a7=0x9 a2=0x937000 a0=0xefffd9e8 a1=0xefffd9e8
rv64: syscall a7=0x9 a2=0x938000 a0=0xefffd9e8 a1=0xefffd9e8
rv64: syscall a7=0x9 a2=0x939000 a0=0xefffd9e8 a1=0xefffd9e8
rv64: syscall a7=0x9 a2=0x93a000 a0=0xefffd9e8 a1=0xefffd9e8
rv64: syscall a7=0x9 a2=0x93b000 a0=0xefffd9e8 a1=0xefffd9e8
rv64: syscall a7=0x9 a2=0x93c000 a0=0xefffd9e8 a1=0xefffd9e8
rv64: syscall a7=0x9 a2=0x93d000 a0=0xefffd9e8 a1=0xefffd9e8
rv64: syscall a7=0x9 a2=0x93e000 a0=0xefffd9e8 a1=0xefffd9e8
rv64: syscall a7=0x9 a2=0x93f000 a0=0xefffd9e8 a1=0xefffd9e8
rv64: syscall a7=0x9 a2=0x940000 a0=0xefffd9e8 a1=0xefffd9e8
rv64: syscall a7=0x9 a2=0x941000 a0=0xefffd9e8 a1=0xefffd9e8
rv64: syscall a7=0x9 a2=0x942000 a0=0xefffd9e8 a1=0xefffd9e8
rv64: syscall a7=0x9 a2=0x943000 a0=0xefffd9e8 a1=0xefffd9e8
rv64: syscall a7=0x9 a2=0x944000 a0=0xefffd9e8 a1=0xefffd9e8
rv64: syscall a7=0x9 a2=0x945000 a0=0xefffd9e8 a1=0xefffd9e8
rv64: syscall a7=0x9 a2=0x946000 a0=0xefffd9e8 a1=0xefffd9e8
rv64: syscall a7=0x9 a2=0x947000 a0=0xefffd9e8 a1=0xefffd9e8
rv64: syscall a7=0x9 a2=0x948000 a0=0xefffd9e8 a1=0xefffd9e8
rv64: syscall a7=0x9 a2=0x949000 a0=0xefffd9e8 a1=0xefffd9e8
rv64: syscall a7=0x9 a2=0x94a000 a0=0xefffd9e8 a1=0xefffd9e8
rv64: syscall a7=0x9 a2=0x94b000 a0=0xefffd9e8 a1=0xefffd9e8
rv64: syscall a7=0x9 a2=0x94c000 a0=0xefffd9e8 a1=0xefffd9e8
rv64: syscall a7=0x9 a2=0x94d000 a0=0xefffd9e8 a1=0xefffd9e8
rv64: syscall a7=0x9 a2=0x94e000 a0=0xefffd9e8 a1=0xefffd9e8
rv64: syscall a7=0x9 a2=0x94f000 a0=0xefffd9e8 a1=0xefffd9e8
rv64: syscall a7=0x9 a2=0x950000 a0=0xefffd9e8 a1=0xefffd9e8
rv64: syscall a7=0x9 a2=0x951000 a0=0xefffd9e8 a1=0xefffd9e8
rv64: syscall a7=0x9 a2=0x952000 a0=0xefffd9e8 a1=0xefffd9e8
rv64: syscall a7=0x9 a2=0x953000 a0=0xefffd9e8 a1=0xefffd9e8
rv64: syscall a7=0x9 a2=0x954000 a0=0xefffd9e8 a1=0xefffd9e8
rv64: syscall a7=0x9 a2=0x955000 a0=0xefffd9e8 a1=0xefffd9e8
rv64: syscall a7=0x9 a2=0x956000 a0=0xefffd9e8 a1=0xefffd9e8
rv64: syscall a7=0x9 a2=0x957000 a0=0xefffd9e8 a1=0xefffd9e8
rv64: syscall a7=0x9 a2=0x958000 a0=0xefffd9e8 a1=0xefffd9e8
rv64: syscall a7=0x9 a2=0x959000 a0=0xefffd9e8 a1=0xefffd9e8
rv64: syscall a7=0x9 a2=0x95a000 a0=0xefffd9e8 a1=0xefffd9e8
rv64: syscall a7=0x9 a2=0x95b000 a0=0xefffd9e8 a1=0xefffd9e8
rv64: syscall a7=0x9 a2=0x95c000 a0=0xefffd9e8 a1=0xefffd9e8
rv64: syscall a7=0x9 a2=0x95d000 a0=0xefffd9e8 a1=0xefffd9e8
rv64: syscall a7=0x9 a2=0x95e000 a0=0xefffd9e8 a1=0xefffd9e8
rv64: syscall a7=0x9 a2=0x95f000 a0=0xefffd9e8 a1=0xefffd9e8
rv64: syscall a7=0x9 a2=0x960000 a0=0xefffd9e8 a1=0xefffd9e8
rv64: syscall a7=0x9 a2=0x961000 a0=0xefffd9e8 a1=0xefffd9e8
rv64: syscall a7=0x9 a2=0x962000 a0=0xefffd9e8 a1=0xefffd9e8
rv64: syscall a7=0x9 a2=0x963000 a0=0xefffd9e8 a1=0xefffd9e8
rv64: syscall a7=0x9 a2=0x964000 a0=0xefffd9e8 a1=0xefffd9e8
rv64: syscall a7=0x9 a2=0x965000 a0=0xefffd9e8 a1=0xefffd9e8
rv64: syscall a7=0x9 a2=0x966000 a0=0xefffd9e8 a1=0xefffd9e8
rv64: syscall a7=0x9 a2=0x967000 a0=0xefffd9e8 a1=0xefffd9e8
rv64: syscall a7=0x9 a2=0x968000 a0=0xefffd9e8 a1=0xefffd9e8
rv64: syscall a7=0x9 a2=0x969000 a0=0xefffd9e8 a1=0xefffd9e8
rv64: syscall a7=0x9 a2=0x96a000 a0=0xefffd9e8 a1=0xefffd9e8
rv64: syscall a7=0x9 a2=0x96b000 a0=0xefffd9e8 a1=0xefffd9e8
rv64: syscall a7=0x9 a2=0x96c000 a0=0xefffd9e8 a1=0xefffd9e8
rv64: syscall a7=0x9 a2=0x96d000 a0=0xefffd9e8 a1=0xefffd9e8
rv64: syscall a7=0x9 a2=0x96e000 a0=0xefffd9e8 a1=0xefffd9e8
rv64: syscall a7=0x9 a2=0x96f000 a0=0xefffd9e8 a1=0xefffd9e8
rv64: syscall a7=0x9 a2=0x970000 a0=0xefffd9e8 a1=0xefffd9e8
rv64: syscall a7=0x9 a2=0x971000 a0=0xefffd9e8 a1=0xefffd9e8
rv64: syscall a7=0x9 a2=0x972000 a0=0xefffd9e8 a1=0xefffd9e8
rv64: syscall a7=0x9 a2=0x973000 a0=0xefffd9e8 a1=0xefffd9e8
rv64: syscall a7=0x9 a2=0x974000 a0=0xefffd9e8 a1=0xefffd9e8
rv64: syscall a7=0x9 a2=0x975000 a0=0xefffd9e8 a1=0xefffd9e8
rv64: syscall a7=0x9 a2=0x976000 a0=0xefffd9e8 a1=0xefffd9e8
rv64: syscall a7=0x9 a2=0x977000 a0=0xefffd9e8 a1=0xefffd9e8
rv64: syscall a7=0x9 a2=0x978000 a0=0xefffd9e8 a1=0xefffd9e8
rv64: syscall a7=0x9 a2=0x979000 a0=0xefffd9e8 a1=0xefffd9e8
rv64: syscall a7=0x9 a2=0x97a000 a0=0xefffd9e8 a1=0xefffd9e8
rv64: syscall a7=0x9 a2=0x97b000 a0=0xefffd9e8 a1=0xefffd9e8
rv64: syscall a7=0x9 a2=0x97c000 a0=0xefffd9e8 a1=0xefffd9e8
rv64: syscall a7=0x9 a2=0x97d000 a0=0xefffd9e8 a1=0xefffd9e8
rv64: syscall a7=0x9 a2=0x97e000 a0=0xefffd9e8 a1=0xefffd9e8
rv64: syscall a7=0x9 a2=0x97f000 a0=0xefffd9e8 a1=0xefffd9e8
rv64: syscall a7=0x9 a2=0x980000 a0=0xefffd9e8 a1=0xefffd9e8
rv64: syscall a7=0x9 a2=0x981000 a0=0xefffd9e8 a1=0xefffd9e8
rv64: syscall a7=0x9 a2=0x982000 a0=0xefffd9e8 a1=0xefffd9e8
rv64: syscall a7=0x9 a2=0x983000 a0=0xefffd9e8 a1=0xefffd9e8
rv64: syscall a7=0x9 a2=0x984000 a0=0xefffd9e8 a1=0xefffd9e8
rv64: syscall a7=0x9 a2=0x985000 a0=0xefffd9e8 a1=0xefffd9e8
rv64: syscall a7=0x9 a2=0x986000 a0=0xefffd9e8 a1=0xefffd9e8
rv64: syscall a7=0x9 a2=0x987000 a0=0xefffd9e8 a1=0xefffd9e8
rv64: syscall a7=0x9 a2=0x988000 a0=0xefffd9e8 a1=0xefffd9e8
rv64: syscall a7=0x9 a2=0x989000 a0=0xefffd9e8 a1=0xefffd9e8
rv64: syscall a7=0x9 a2=0x98a000 a0=0xefffd9e8 a1=0xefffd9e8
rv64: syscall a7=0x9 a2=0x98b000 a0=0xefffd9e8 a1=0xefffd9e8
rv64: syscall a7=0x9 a2=0x98c000 a0=0xefffd9e8 a1=0xefffd9e8
rv64: syscall a7=0x9 a2=0x98d000 a0=0xefffd9e8 a1=0xefffd9e8
rv64: syscall a7=0x9 a2=0x98e000 a0=0xefffd9e8 a1=0xefffd9e8
rv64: syscall a7=0x9 a2=0x98f000 a0=0xefffd9e8 a1=0xefffd9e8
rv64: syscall a7=0x9 a2=0x990000 a0=0xefffd9e8 a1=0xefffd9e8
rv64: syscall a7=0x9 a2=0x991000 a0=0xefffd9e8 a1=0xefffd9e8
rv64: syscall a7=0x9 a2=0x992000 a0=0xefffd9e8 a1=0xefffd9e8
rv64: syscall a7=0x9 a2=0x993000 a0=0xefffd9e8 a1=0xefffd9e8
rv64: syscall a7=0x9 a2=0x994000 a0=0xefffd9e8 a1=0xefffd9e8
VM: static spare pages mapped
rv64: kcall VMCTL param=0x1b who=0x2 res=0x0
VM: kernmap set flags=0x13 userflag=0x10
VM: kernmap user pindex=0 phys=0x8024a000 len=0x4000 flags=0x2 vir=0x100000000
rv64: phys_map_reply idx=0x0 addr=0x100000000 usermapped_start=0x8024a000
rv64: phys_map_reply offset=0x7fdb6000 kerninfo_user=0x100003cf8
rv64: kcall VMCTL param=0x1c who=0x7bfe res=0x0
rv64: kcall VMCTL param=0x1b who=0x7bfe res=0xffffffffffffffea
VM: pt_init kernel mapped page tables allocated
VM: pt_init newpt alloc
VM: pt_init newpt ready
rv64: kcall VMCTL param=0xd who=0x7bfe res=0x0
VM: pt_init copy pagetables start
VM: pt_init copy pde 0
VM: pt_init copy pde 128
VM: pt_init copy pde 256
VM: pt_init copy pde 384
VM: pt_init copy pagetables end
VM: pt_init pte2=0x200000ef kern_pde=510 val=0x200000ef
VM: pt_init pte2_phys=0x200000ef
VM: pt_init pd_phys=0x87d8e000 check=0x87d8e000
VM: pt_init before pt_bind
rv64: vmctl setaddrspace ep=0x8 root=0x87d8e000 root_v=0x140008000
rv64: setaddrspace switch
rv64: setaddrspace fn=0x8024f8d8 pgdir_fn=0x8024f8bc
rv64: setaddrspace switched
rv64: setaddrspace tlb
rv64: kcall VMCTL param=0x1d who=0x8 res=0x0
VM: pt_bind set_addrspace r=0
rv64: kcall VMCTL param=0xd who=0x7bfe res=0x0
VM: pt_init bound newpt
rv64: kcall VMCTL param=0x1a who=0x7bfe res=0x0
rv64: kcall VMCTL param=0x1a who=0x7bfe res=0x0
rv64: vmctl setaddrspace ep=0x8 root=0x87d8e000 root_v=0x140008000
rv64: setaddrspace switch
rv64: setaddrspace fn=0x8024f8d8 pgdir_fn=0x8024f8bc
rv64: setaddrspace switched
rv64: setaddrspace tlb
VM: pt_bind set_addrspace r=0
rv64: vmctl setaddrspace ep=0x8 root=0x83efe000 root_v=0x140008000
rv64: setaddrspace switch
rv64: setaddrspace fn=0x8024f8d8 pgdir_fn=0x8024f8bc
rv64: setaddrspace switched
rv64: setaddrspace tlb
VM: pt_bind set_addrspace r=0
VM: kernmap check i=0 vir=0x100000000 flags=0x13
VM: kernmap pte vir=0x100000000 entry=0x200928d3
VM: pt_init end
rv64: ipc vm call=0x6 r2=0x0 r3=0x0
rv64: vmctl setaddrspace ep=0x6 root=0x83e56000 root_v=0x140006000
VM: pt_bind set_addrspace r=0
libexec: ehdr class=2 data=1 ver=1 phoff=64 phentsize=56 phnum=3 entry=0x800120
libexec: ehdr class=2 data=1 ver=1 phoff=64 phentsize=56 phnum=3 entry=0x800120
vm: handle_memory_once enter ep=6 mem=0xeffffa70 len=0x590 wr=1
vm: handle_memory_once pdbr=0x83efe000 vm_pt=0x83efe000 tgt_pt=0x83e56000 ep=6 r=0
rv64: vmctl setaddrspace ep=0x2 root=0x81019000 root_v=0x140002000
VM: pt_bind set_addrspace r=0
libexec: ehdr class=2 data=1 ver=1 phoff=64 phentsize=56 phnum=3 entry=0x800120
libexec: ehdr class=2 data=1 ver=1 phoff=64 phentsize=56 phnum=3 entry=0x800120
vm: handle_memory_once enter ep=2 mem=0xeffffa70 len=0x590 wr=1
vm: handle_memory_once pdbr=0x83efe000 vm_pt=0x83efe000 tgt_pt=0x81019000 ep=2 r=0
rv64: vmctl setaddrspace ep=0x0 root=0x81191000 root_v=0x140000000
VM: pt_bind set_addrspace r=0
libexec: ehdr class=2 data=1 ver=1 phoff=64 phentsize=56 phnum=3 entry=0x800120
libexec: ehdr class=2 data=1 ver=1 phoff=64 phentsize=56 phnum=3 entry=0x800120
vm: handle_memory_once enter ep=0 mem=0xeffffa70 len=0x590 wr=1
vm: handle_memory_once pdbr=0x83efe000 vm_pt=0x83efe000 tgt_pt=0x81191000 ep=0 r=0
rv64: vmctl setaddrspace ep=0x4 root=0x8131f000 root_v=0x140004000
VM: pt_bind set_addrspace r=0
libexec: ehdr class=2 data=1 ver=1 phoff=64 phentsize=56 phnum=3 entry=0x800120
libexec: ehdr class=2 data=1 ver=1 phoff=64 phentsize=56 phnum=3 entry=0x800120
vm: handle_memory_once enter ep=4 mem=0xeffffa70 len=0x590 wr=1
vm: handle_memory_once pdbr=0x83efe000 vm_pt=0x83efe000 tgt_pt=0x8131f000 ep=4 r=0
rv64: vmctl setaddrspace ep=0x1 root=0x81410000 root_v=0x140001000
VM: pt_bind set_addrspace r=0
libexec: ehdr class=2 data=1 ver=1 phoff=64 phentsize=56 phnum=3 entry=0x800120
libexec: ehdr class=2 data=1 ver=1 phoff=64 phentsize=56 phnum=3 entry=0x800120
vm: handle_memory_once enter ep=1 mem=0xeffffa70 len=0x590 wr=1
vm: handle_memory_once pdbr=0x83efe000 vm_pt=0x83efe000 tgt_pt=0x81410000 ep=1 r=0
VM: pt_bind set_addrspace r=0
libexec: ehdr class=2 data=1 ver=1 phoff=64 phentsize=56 phnum=3 entry=0x800120
libexec: ehdr class=2 data=1 ver=1 phoff=64 phentsize=56 phnum=3 entry=0x800120
vm: handle_memory_once enter ep=3 mem=0xeffffa70 len=0x590 wr=1
vm: handle_memory_once pdbr=0x83efe000 vm_pt=0x83efe000 tgt_pt=0x81561000 ep=3 r=0
VM: pt_bind set_addrspace r=0
libexec: ehdr class=2 data=1 ver=1 phoff=64 phentsize=56 phnum=3 entry=0x800120
libexec: ehdr class=2 data=1 ver=1 phoff=64 phentsize=56 phnum=3 entry=0x800120
vm: handle_memory_once enter ep=5 mem=0xeffffa70 len=0x590 wr=1
vm: handle_memory_once pdbr=0x83efe000 vm_pt=0x83efe000 tgt_pt=0x818c7000 ep=5 r=0
VM: pt_bind set_addrspace r=0
libexec: ehdr class=2 data=1 ver=1 phoff=64 phentsize=56 phnum=3 entry=0x800120
libexec: ehdr class=2 data=1 ver=1 phoff=64 phentsize=56 phnum=3 entry=0x800120
vm: handle_memory_once enter ep=7 mem=0xeffffa70 len=0x590 wr=1
vm: handle_memory_once pdbr=0x83efe000 vm_pt=0x83efe000 tgt_pt=0x818dd000 ep=7 r=0
VM: pt_bind set_addrspace r=0
libexec: ehdr class=2 data=1 ver=1 phoff=64 phentsize=56 phnum=3 entry=0x800120
libexec: ehdr class=2 data=1 ver=1 phoff=64 phentsize=56 phnum=3 entry=0x800120
VM: pt_bind set_addrspace r=0
libexec: ehdr class=2 data=1 ver=1 phoff=64 phentsize=56 phnum=3 entry=0x800120
libexec: ehdr class=2 data=1 ver=1 phoff=64 phentsize=56 phnum=3 entry=0x800120
VM: pt_bind set_addrspace r=0
libexec: ehdr class=2 data=1 ver=1 phoff=64 phentsize=56 phnum=3 entry=0x800120
libexec: ehdr class=2 data=1 ver=1 phoff=64 phentsize=56 phnum=3 entry=0x800120
rv64: kcall GETINFO req=0x8 res=0x0
rv64: ipc vm call=0x2 r2=0x7c00 r3=0xeffffb58
rv64: kcall GETINFO req=0x2 res=0x0
rv64: kcall GETINFO req=0x4 res=0x0
rv64: kcall GETINFO req=0x12 res=0x0
rv64: kcall GETINFO req=0x1 res=0x0
rv64: kcall GETINFO req=0x11 res=0x0
rv64: kcall GETINFO req=0x11 res=0x0
privctl:set_sys pre req=3 caller=2 target=0 priv_id=5 r=0 p_priv=0x803233d8 satp=0x8000000000081019
privctl:set_sys reuse req=3 caller=2 target=0 priv_id=5 r=0 p_priv=0x803233d8 satp=0x8000000000081019
privctl:set_sys post req=3 caller=2 target=0 priv_id=5 r=0 p_priv=0x803233d8 satp=0x8000000000081019
privctl:set_sys done req=3 caller=2 target=0 priv_id=5 r=0 p_priv=0x803233d8 satp=0x8000000000081019
rv64: kcall GETINFO req=0x11 res=0x0
privctl:set_sys pre req=3 caller=2 target=4 priv_id=9 r=0 p_priv=0x0 satp=0x8000000000081019
rv64: kcall GETINFO req=0x11 res=0x0
privctl:set_sys pre req=3 caller=2 target=1 priv_id=6 r=0 p_priv=0x0 satp=0x8000000000081019
rv64: kcall GETINFO req=0x11 res=0x0
privctl:set_sys pre req=3 caller=2 target=6 priv_id=11 r=0 p_priv=0x0 satp=0x8000000000081019
rv64: kcall GETINFO req=0x11 res=0x0
privctl:set_sys pre req=3 caller=2 target=5 priv_id=10 r=0 p_priv=0x0 satp=0x8000000000081019
rv64: kcall GETINFO req=0x11 res=0x0
privctl:set_sys pre req=3 caller=2 target=3 priv_id=8 r=0 p_priv=0x0 satp=0x8000000000081019
rv64: kcall GETINFO req=0x11 res=0x0
privctl:set_sys pre req=3 caller=2 target=7 priv_id=12 r=0 p_priv=0x0 satp=0x8000000000081019
rv64: kcall GETINFO req=0x11 res=0x0
privctl:set_sys pre req=3 caller=2 target=9 priv_id=14 r=0 p_priv=0x0 satp=0x8000000000081019
rv64: kcall GETINFO req=0x11 res=0x0
privctl:set_sys pre req=3 caller=2 target=10 priv_id=15 r=0 p_priv=0x0 satp=0x8000000000081019
rv64: kcall GETINFO req=0x11 res=0x0
privctl:set_sys pre req=3 caller=2 target=11 priv_id=16 r=0 p_priv=0x0 satp=0x8000000000081019
rv64: kcall GETINFO req=0x11 res=0x0
privctl:allow req=1 caller=2 target=0 priv_id=0 r=0 p_priv=0x803233d8 satp=0x8000000000081019
rv64: ipc vm op=0x10 src=0x2 ptr=0x81e378
RS: wait init ready ep=31744
rv64: delivermsg to=8 name=vm src=2 type=1812
rv64: delivermsg vm src=0x2 mtype=0x714 vir=0xeffffb58 misc=0x40
VM: recv src=2 type=1812 hex=0x714 status=0x10 i1=1 i2=31743 i3=1
SEF: rs_init gid=1 type=0 flags=0x0
rv64: ipc vm call=0x10 r2=0x1 r3=0xb7b678
rv64: ipc vm call=0x10 r2=0x1 r3=0xb7b678
rv64: ipc vm call=0x2 r2=0x7c00 r3=0xeffffb58
rv64: ipc pm call=0x6 r2=0x0 r3=0x0
rv64: kcall GETINFO req=0x0 res=0x0
rv64: ipc pm call=0x2 r2=0x2 r3=0xeffff918
rv64: delivermsg to=0 name=pm src=2 type=1812
SEF: rs_init gid=1 type=0 flags=0x0
rv64: kcall GETINFO req=0x4 res=0x0
rv64: kcall GETINFO req=0x1 res=0x0
rv64: ipc pm call=0x1 r2=0x1 r3=0xeffff728
rv64: kcall GETINFO req=0x4 res=0x0
rv64: delivermsg to=4 name=sched src=2 type=1812
SEF: rs_init gid=1 type=0 flags=0x0
rv64: kcall GETINFO req=0xc res=0x0
rv64: kcall GETINFO req=0x12 res=0x0
rv64: kcall GETINFO req=0x1 res=0x0
rv64: delivermsg to=1 name=vfs src=2 type=1812
SEF: rs_init gid=1 type=0 flags=0x0
rv64: user pagefault ep=0x1 name=vfs pc=0x81a2cc ra=0x800400 sp=0xefffda70 addr=0xefffda98 cause=0xf satp=0x8000000000081410 root=0x81410000 p_seg=0x81410000 p_seg_v=0x140001000
mini_send: enter to vm from=1 name=vfs msg=0x802ac000 flags=0x0x100
rv64: to vm deliver mtype=0xcff from=0x1 m_ptr=0x802ac000
mini_send: deliver to vm from=1 name=vfs mtype=3327 rts=0x8 misc=0x40
rv64: kcall GETINFO req=0x6 res=0x0
rv64: delivermsg to=6 name=ds src=2 type=1812
rv64: user pagefault ep=0x6 name=ds pc=0x801cfc ra=0x800884 sp=0xefffdb10 addr=0xefffdb20 cause=0xf satp=0x8000000000083e56 root=0x83e56000 p_seg=0x83e56000 p_seg_v=0x140006000
mini_send: enter to vm from=6 name=ds msg=0x802ac000 flags=0x0x100
rv64: kcall GETINFO req=0x5 res=0x0
rv64: delivermsg to=5 name=tty src=2 type=1812
rv64: kcall GETINFO req=0xc res=0x0
rv64: kcall GETINFO req=0x4 res=0x0
rv64: kcall GETINFO req=0x4 res=0x0
rv64: kcall GETINFO req=0x12 res=0x0
rv64: kcall GETINFO req=0x3 res=0x0
rv64: delivermsg to=3 name=memory src=2 type=1812
SEF: rs_init gid=1 type=0 flags=0x0
rv64: kcall GETINFO req=0x7 res=0x0
rv64: delivermsg to=7 name=mib src=2 type=1812
rv64: kcall GETINFO req=0x9 res=0x0
rv64: delivermsg to=9 name=pfs src=2 type=1812
rv64: kcall GETINFO req=0xa res=0x0
rv64: delivermsg to=10 name=mfs src=2 type=1812
SEF: rs_init gid=1 type=0 flags=0x0
rv64: ipc vm op=0x3 src=0xa ptr=0xeffff6e8 mtype=0xc0a
mini_send: enter to vm from=10 name=mfs msg=0xeffff6e8 flags=0x0x0
rv64: delivermsg to=2 name=rs src=8 type=1812
RS: got init ready ep=8 result=0
RS: wait init ready ep=31744
rv64: delivermsg to=2 name=rs src=4 type=1812
RS: got init ready ep=4 result=0
RS: wait init ready ep=31744
rv64: delivermsg to=2 name=rs src=5 type=1812
RS: got init ready ep=5 result=0
RS: wait init ready ep=31744
rv64: delivermsg to=2 name=rs src=7 type=1812
RS: got init ready ep=7 result=0
RS: wait init ready ep=31744
rv64: delivermsg to=8 name=vm src=1 type=3327
rv64: delivermsg vm src=0x1 mtype=0xcff vir=0xeffffb58 misc=0x40
VM: recv src=1 type=3327 hex=0xcff status=0x10001 i1=0 i2=15 i3=0
rv64: ipc vm call=0x2 r2=0x7c00 r3=0xeffffb58
rv64: vm recv from=0x6 mtype=0xcff
mini_receive: vm from=6 name=ds mtype=3327 src_rts=0x404 dst_getfrom=31744
rv64: delivermsg to=8 name=vm src=6 type=3327
rv64: delivermsg vm src=0x6 mtype=0xcff vir=0xeffffb58 misc=0x40
VM: recv src=6 type=3327 hex=0xcff status=0x10001 i1=0 i2=15 i3=0
rv64: ipc vm call=0x2 r2=0x7c00 r3=0xeffffb58
rv64: vm recv from=0xa mtype=0xc0a
mini_receive: vm from=10 name=mfs mtype=3082 src_rts=0xc dst_getfrom=31744
rv64: delivermsg vm src=0xa mtype=0xc0a vir=0xeffffb58 misc=0x40
VM: recv src=10 type=3082 hex=0xc0a status=0x3 i1=0 i2=0 i3=4096
rv64: user pagefault ep=0x5 name=tty pc=0x80a628 ra=0x8018b4 sp=0xefffcdc0 addr=0xefffd120 cause=0xf satp=0x80000000000818c7 root=0x818c7000 p_seg=0x818c7000 p_seg_v=0x140005000
mini_send: enter to vm from=5 name=tty msg=0x802ac000 flags=0x0x100
rv64: to vm deliver mtype=0xcff from=0x5 m_ptr=0x802ac000
mini_send: deliver to vm from=5 name=tty mtype=3327 rts=0x8 misc=0x40
rv64: kcall safecopy err=0xfffffffffffffc1c caller=ds/0x6 from_to=0x2 gid=0x1 off=0x0 addr=0xefffdb98 bytes=0x1be4
rv64: user pagefault ep=0xa name=mfs pc=0x812c34 ra=0x813048 sp=0xeffff740 addr=0xefbfe030 cause=0xd satp=0x8000000000081a75 root=0x81a75000 p_seg=0x81a75000 p_seg_v=0x14000a000
mini_send: enter to vm from=10 name=mfs msg=0x802ac000 flags=0x0x100
rv64: delivermsg vm src=0x5 mtype=0xcff vir=0xeffffb58 misc=0x40
VM: recv src=5 type=3327 hex=0xcff status=0x10001 i1=0 i2=15 i3=0
mini_receive: vm notify from=18446744073709551614 name=system
rv64: delivermsg vm src=0xfffffffffffffffe mtype=0x1000 vir=0xeffffb58 misc=0x40
rv64: vm recv from=0xa mtype=0xcff
mini_receive: vm from=10 name=mfs mtype=3327 src_rts=0x404 dst_getfrom=31744
rv64: delivermsg vm src=0xa mtype=0xcff vir=0xeffffb58 misc=0x40
VM: recv src=10 type=3327 hex=0xcff status=0x10001 i1=0 i2=13 i3=0
rv64: ipc pm call=0x1 r2=0x1 r3=0xeffff728
rv64: ipc pm call=0x1 r2=0x1 r3=0xeffff728
rv64: user pagefault ep=0x5 name=tty pc=0x80a628 ra=0x8018b4 sp=0xefffcdc0 addr=0xefffe000 cause=0xf satp=0x80000000000818c7 root=0x818c7000 p_seg=0x818c7000 p_seg_v=0x140005000
mini_send: enter to vm from=5 name=tty msg=0x802ac000 flags=0x0x100
rv64: to vm deliver mtype=0xcff from=0x5 m_ptr=0x802ac000
mini_send: deliver to vm from=5 name=tty mtype=3327 rts=0x8 misc=0x40
rv64: ipc vm op=0x3 src=0xa ptr=0xeffff628 mtype=0xc02
mini_send: enter to vm from=10 name=mfs msg=0xeffff628 flags=0x0x0
rv64: delivermsg vm src=0x5 mtype=0xcff vir=0xeffffb58 misc=0x40
VM: recv src=5 type=3327 hex=0xcff status=0x10001 i1=0 i2=15 i3=0
rv64: vm recv from=0xa mtype=0xc02
mini_receive: vm from=10 name=mfs mtype=3074 src_rts=0xc dst_getfrom=31744
VM: recv src=10 type=3074 hex=0xc02 status=0x3 i1=0 i2=0 i3=0
RS: got init ready ep=6 result=0
RS: wait init ready ep=31744
rv64: ipc pm call=0x1 r2=0x1 r3=0xeffff728
rv64: ipc pm call=0x1 r2=0x1 r3=0xeffff728
rv64: user pagefault ep=0x5 name=tty pc=0x8016fc ra=0x801970 sp=0xefffcd80 addr=0xefffcdb0 cause=0xf satp=0x80000000000818c7 root=0x818c7000 p_seg=0x818c7000 p_seg_v=0x140005000
mini_send: enter to vm from=5 name=tty msg=0x802ac000 flags=0x0x100
rv64: to vm deliver mtype=0xcff from=0x5 m_ptr=0x802ac000
mini_send: deliver to vm from=5 name=tty mtype=3327 rts=0x8 misc=0x40
rv64: ipc vm op=0x3 src=0xa ptr=0xeffff628 mtype=0xc02
VM: recv src=5 type=3327 hex=0xcff status=0x10001 i1=0 i2=15 i3=0
rv64: vm recv from=0xa mtype=0xc02
mini_receive: vm from=10 name=mfs mtype=3074 src_rts=0xc dst_getfrom=31744
VM: recv src=10 type=3074 hex=0xc02 status=0x3 i1=0 i2=0 i3=0
rv64: ipc pm call=0x1 r2=0x1 r3=0xeffff728
rv64: user pagefault ep=0xa name=mfs pc=0x8140b4 ra=0x812948 sp=0xeffff6c0 addr=0x846000 cause=0xf satp=0x8000000000081a75 root=0x81a75000 p_seg=0x81a75000 p_seg_v=0x14000a000
rv64: to vm deliver mtype=0xcff from=0xa m_ptr=0x802ac000
mini_send: deliver to vm from=10 name=mfs mtype=3327 rts=0x8 misc=0x40
VM: recv src=10 type=3327 hex=0xcff status=0x10001 i1=0 i2=15 i3=0
rv64: ipc vm op=0x3 src=0xa ptr=0xeffff6a8 mtype=0xc02
rv64: to vm deliver mtype=0xc02 from=0xa m_ptr=0xeffff6a8
mini_send: deliver to vm from=10 name=mfs mtype=3074 rts=0x8 misc=0x40
VM: recv src=10 type=3074 hex=0xc02 status=0x3 i1=0 i2=0 i3=0
rv64: user pagefault ep=0xa name=mfs pc=0x8140b4 ra=0x812948 sp=0xeffff740 addr=0x847000 cause=0xf satp=0x8000000000081a75 root=0x81a75000 p_seg=0x81a75000 p_seg_v=0x14000a000
rv64: to vm deliver mtype=0xcff from=0xa m_ptr=0x802ac000
mini_send: deliver to vm from=10 name=mfs mtype=3327 rts=0x8 misc=0x40
VM: recv src=10 type=3327 hex=0xcff status=0x10001 i1=0 i2=15 i3=0
rv64: user pagefault ep=0xa name=mfs pc=0x8140b4 ra=0x812948 sp=0xeffff740 addr=0x848000 cause=0xf satp=0x8000000000081a75 root=0x81a75000 p_seg=0x81a75000 p_seg_v=0x14000a000
rv64: to vm deliver mtype=0xcff from=0xa m_ptr=0x802ac000
mini_send: deliver to vm from=10 name=mfs mtype=3327 rts=0x8 misc=0x40
RS: got init ready ep=3 result=0
RS: wait init ready ep=31744
rv64: kcall GETINFO req=0x12 res=0x0
VM: recv src=10 type=3327 hex=0xcff status=0x10001 i1=0 i2=15 i3=0
rv64: kcall GETINFO req=0x12 res=0x0
rv64: ipc vm op=0x3 src=0x6 ptr=0xeffff638 mtype=0xc0a
rv64: user pagefault ep=0xa name=mfs pc=0x8140b4 ra=0x812948 sp=0xeffff740 addr=0x849000 cause=0xf satp=0x8000000000081a75 root=0x81a75000 p_seg=0x81a75000 p_seg_v=0x14000a000
Sched: start init ep=11 rv=0 prio=7 q=200
VM: recv src=6 type=3082 hex=0xc0a status=0x3 i1=0 i2=0 i3=4096
rv64: vm recv from=0xa mtype=0xcff
mini_receive: vm from=10 name=mfs mtype=3327 src_rts=0x404 dst_getfrom=31744
VM: recv src=10 type=3327 hex=0xcff status=0x10001 i1=0 i2=15 i3=0
PM: sched_start init ep=11 r=0
PM: from init call=28 hex=0x1c
rv64: user pagefault ep=0x6 name=ds pc=0x80d5d4 ra=0x80d9d8 sp=0xeffff690 addr=0xefbfe030 cause=0xd satp=0x8000000000083e56 root=0x83e56000 p_seg=0x83e56000 p_seg_v=0x140006000
rv64: user pagefault ep=0xa name=mfs pc=0x8140b4 ra=0x812948 sp=0xeffff740 addr=0x84a000 cause=0xf satp=0x8000000000081a75 root=0x81a75000 p_seg=0x81a75000 p_seg_v=0x14000a000
RS: got init ready ep=0 result=0
RS: wait init ready ep=31744
VM: recv src=6 type=3327 hex=0xcff status=0x10001 i1=0 i2=13 i3=0
rv64: vm recv from=0xa mtype=0xcff
mini_receive: vm from=10 name=mfs mtype=3327 src_rts=0x404 dst_getfrom=31744
VM: recv src=10 type=3327 hex=0xcff status=0x10001 i1=0 i2=15 i3=0
PM: from init call=6 hex=0x6
rv64: ipc vm op=0x3 src=0x6 ptr=0xeffff578 mtype=0xc02
rv64: user pagefault ep=0xa name=mfs pc=0x8140b4 ra=0x812948 sp=0xeffff740 addr=0x84b000 cause=0xf satp=0x8000000000081a75 root=0x81a75000 p_seg=0x81a75000 p_seg_v=0x14000a000
VM: recv src=6 type=3074 hex=0xc02 status=0x3 i1=0 i2=0 i3=0
rv64: vm recv from=0xa mtype=0xcff
mini_receive: vm from=10 name=mfs mtype=3327 src_rts=0x404 dst_getfrom=31744
VM: recv src=10 type=3327 hex=0xcff status=0x10001 i1=0 i2=15 i3=0
PM: from init call=4 hex=0x4
rv64: ipc vm op=0x3 src=0x6 ptr=0xeffff578 mtype=0xc02
rv64: user pagefault ep=0xa name=mfs pc=0x8140b4 ra=0x812948 sp=0xeffff740 addr=0x84c000 cause=0xf satp=0x8000000000081a75 root=0x81a75000 p_seg=0x81a75000 p_seg_v=0x14000a000
VM: recv src=6 type=3074 hex=0xc02 status=0x3 i1=0 i2=0 i3=0
VM: recv src=10 type=3327 hex=0xcff status=0x10001 i1=0 i2=15 i3=0
PM: from init call=15 hex=0xf
rv64: user pagefault ep=0x6 name=ds pc=0x80d76c ra=0x80d714 sp=0xeffff690 addr=0x834010 cause=0xf satp=0x8000000000083e56 root=0x83e56000 p_seg=0x83e56000 p_seg_v=0x140006000
rv64: user pagefault ep=0xa name=mfs pc=0x8140b4 ra=0x812948 sp=0xeffff740 addr=0x84d000 cause=0xf satp=0x8000000000081a75 root=0x81a75000 p_seg=0x81a75000 p_seg_v=0x14000a000
rv64: user pagefault ep=0xb name=init pc=0x8205b8 ra=0x8207c8 sp=0xefffe960 addr=0xefffe9a8 cause=0xf satp=0x8000000000081c20 root=0x81c20000 p_seg=0x81c20000 p_seg_v=0x14000b000
VM: recv src=6 type=3327 hex=0xcff status=0x10001 i1=0 i2=15 i3=0
VM: recv src=10 type=3327 hex=0xcff status=0x10001 i1=0 i2=15 i3=0
VM: recv src=11 type=3327 hex=0xcff status=0x10001 i1=0 i2=15 i3=0
rv64: ipc vm op=0x3 src=0x6 ptr=0xeffff5a8 mtype=0xc02
rv64: user pagefault ep=0xa name=mfs pc=0x8140b4 ra=0x812948 sp=0xeffff740 addr=0x84e000 cause=0xf satp=0x8000000000081a75 root=0x81a75000 p_seg=0x81a75000 p_seg_v=0x14000a000
VM: recv src=6 type=3074 hex=0xc02 status=0x3 i1=0 i2=0 i3=0
VM: recv src=10 type=3327 hex=0xcff status=0x10001 i1=0 i2=15 i3=0
rv64: ipc vm op=0x3 src=0x6 ptr=0xeffff558 mtype=0xc02
rv64: user pagefault ep=0xa name=mfs pc=0x8140b4 ra=0x812948 sp=0xeffff740 addr=0x84f000 cause=0xf satp=0x8000000000081a75 root=0x81a75000 p_seg=0x81a75000 p_seg_v=0x14000a000
VM: recv src=6 type=3074 hex=0xc02 status=0x3 i1=0 i2=0 i3=0
VM: recv src=10 type=3327 hex=0xcff status=0x10001 i1=0 i2=15 i3=0
rv64: user pagefault ep=0x6 name=ds pc=0x80d76c ra=0x80d714 sp=0xeffff670 addr=0x836010 cause=0xf satp=0x8000000000083e56 root=0x83e56000 p_seg=0x83e56000 p_seg_v=0x140006000
rv64: user pagefault ep=0xa name=mfs pc=0x8140b4 ra=0x812948 sp=0xeffff740 addr=0x850000 cause=0xf satp=0x8000000000081a75 root=0x81a75000 p_seg=0x81a75000 p_seg_v=0x14000a000
VM: recv src=6 type=3327 hex=0xcff status=0x10001 i1=0 i2=15 i3=0
VM: recv src=10 type=3327 hex=0xcff status=0x10001 i1=0 i2=15 i3=0
rv64: ipc vm op=0x3 src=0x6 ptr=0xeffff588 mtype=0xc02
rv64: user pagefault ep=0xa name=mfs pc=0x8140b4 ra=0x812948 sp=0xeffff740 addr=0x851000 cause=0xf satp=0x8000000000081a75 root=0x81a75000 p_seg=0x81a75000 p_seg_v=0x14000a000
VM: recv src=6 type=3074 hex=0xc02 status=0x3 i1=0 i2=0 i3=0
VM: recv src=10 type=3327 hex=0xcff status=0x10001 i1=0 i2=15 i3=0
rv64: user pagefault ep=0x6 name=ds pc=0x80ead8 ra=0x80df14 sp=0xeffff730 addr=0x837000 cause=0xf satp=0x8000000000083e56 root=0x83e56000 p_seg=0x83e56000 p_seg_v=0x140006000
rv64: user pagefault ep=0xa name=mfs pc=0x8140b4 ra=0x812948 sp=0xeffff740 addr=0x852000 cause=0xf satp=0x8000000000081a75 root=0x81a75000 p_seg=0x81a75000 p_seg_v=0x14000a000
VM: recv src=6 type=3327 hex=0xcff status=0x10001 i1=0 i2=15 i3=0
VM: recv src=10 type=3327 hex=0xcff status=0x10001 i1=0 i2=15 i3=0
rv64: user pagefault ep=0x6 name=ds pc=0x80accc ra=0x80ac84 sp=0xeffff750 addr=0x835068 cause=0xf satp=0x8000000000083e56 root=0x83e56000 p_seg=0x83e56000 p_seg_v=0x140006000
rv64: user pagefault ep=0xa name=mfs pc=0x8140b4 ra=0x812948 sp=0xeffff740 addr=0x853000 cause=0xf satp=0x8000000000081a75 root=0x81a75000 p_seg=0x81a75000 p_seg_v=0x14000a000
VM: recv src=6 type=3327 hex=0xcff status=0x10001 i1=0 i2=15 i3=0
VM: recv src=10 type=3327 hex=0xcff status=0x10001 i1=0 i2=15 i3=0
rv64: ipc vm op=0x3 src=0x6 ptr=0xeffff458 mtype=0xc02
rv64: user pagefault ep=0xa name=mfs pc=0x8140b4 ra=0x812948 sp=0xeffff740 addr=0x854000 cause=0xf satp=0x8000000000081a75 root=0x81a75000 p_seg=0x81a75000 p_seg_v=0x14000a000
VM: recv src=6 type=3074 hex=0xc02 status=0x3 i1=0 i2=0 i3=0
VM: recv src=10 type=3327 hex=0xcff status=0x10001 i1=0 i2=15 i3=0
rv64: user pagefault ep=0x6 name=ds pc=0x80ead8 ra=0x808ce8 sp=0xeffff640 addr=0x838100 cause=0xf satp=0x8000000000083e56 root=0x83e56000 p_seg=0x83e56000 p_seg_v=0x140006000
rv64: user pagefault ep=0xa name=mfs pc=0x8140b4 ra=0x812948 sp=0xeffff740 addr=0x855000 cause=0xf satp=0x8000000000081a75 root=0x81a75000 p_seg=0x81a75000 p_seg_v=0x14000a000
VM: recv src=6 type=3327 hex=0xcff status=0x10001 i1=0 i2=15 i3=0
VM: recv src=10 type=3327 hex=0xcff status=0x10001 i1=0 i2=15 i3=0
rv64: ipc vm op=0x3 src=0x6 ptr=0xeffff5a8 mtype=0xc02
rv64: user pagefault ep=0xa name=mfs pc=0x8140b4 ra=0x812948 sp=0xeffff740 addr=0x856000 cause=0xf satp=0x8000000000081a75 root=0x81a75000 p_seg=0x81a75000 p_seg_v=0x14000a000
VM: recv src=6 type=3074 hex=0xc02 status=0x3 i1=0 i2=0 i3=0
VM: recv src=10 type=3327 hex=0xcff status=0x10001 i1=0 i2=15 i3=0
rv64: user pagefault ep=0x6 name=ds pc=0x80d76c ra=0x80d714 sp=0xeffff6c0 addr=0x839010 cause=0xf satp=0x8000000000083e56 root=0x83e56000 p_seg=0x83e56000 p_seg_v=0x140006000
rv64: user pagefault ep=0xa name=mfs pc=0x8140b4 ra=0x812948 sp=0xeffff740 addr=0x857000 cause=0xf satp=0x8000000000081a75 root=0x81a75000 p_seg=0x81a75000 p_seg_v=0x14000a000
VM: recv src=6 type=3327 hex=0xcff status=0x10001 i1=0 i2=15 i3=0
VM: recv src=10 type=3327 hex=0xcff status=0x10001 i1=0 i2=15 i3=0
rv64: user pagefault ep=0xa name=mfs pc=0x8140b4 ra=0x812948 sp=0xeffff740 addr=0x858000 cause=0xf satp=0x8000000000081a75 root=0x81a75000 p_seg=0x81a75000 p_seg_v=0x14000a000
rv64: ipc vm op=0x3 src=0x1 ptr=0xefffd998 mtype=0xc0a
VM: recv src=10 type=3327 hex=0xcff status=0x10001 i1=0 i2=15 i3=0
VM: recv src=1 type=3082 hex=0xc0a status=0x3 i1=0 i2=0 i3=4096
rv64: user pagefault ep=0xa name=mfs pc=0x8140b4 ra=0x812948 sp=0xeffff740 addr=0x859000 cause=0xf satp=0x8000000000081a75 root=0x81a75000 p_seg=0x81a75000 p_seg_v=0x14000a000
rv64: user pagefault ep=0x1 name=vfs pc=0x821a98 ra=0x821eac sp=0xefffd9f0 addr=0xefbfe030 cause=0xd satp=0x8000000000081410 root=0x81410000 p_seg=0x81410000 p_seg_v=0x140001000
VM: recv src=10 type=3327 hex=0xcff status=0x10001 i1=0 i2=15 i3=0
VM: recv src=1 type=3327 hex=0xcff status=0x10001 i1=0 i2=13 i3=0
rv64: user pagefault ep=0xa name=mfs pc=0x8140b4 ra=0x812948 sp=0xeffff740 addr=0x85a000 cause=0xf satp=0x8000000000081a75 root=0x81a75000 p_seg=0x81a75000 p_seg_v=0x14000a000
rv64: ipc vm op=0x3 src=0x1 ptr=0xefffd8d8 mtype=0xc02
VM: recv src=10 type=3327 hex=0xcff status=0x10001 i1=0 i2=15 i3=0
VM: recv src=1 type=3074 hex=0xc02 status=0x3 i1=0 i2=0 i3=0
rv64: user pagefault ep=0xa name=mfs pc=0x8140b4 ra=0x812948 sp=0xeffff740 addr=0x85b000 cause=0xf satp=0x8000000000081a75 root=0x81a75000 p_seg=0x81a75000 p_seg_v=0x14000a000
rv64: ipc vm op=0x3 src=0x1 ptr=0xefffd8d8 mtype=0xc02
VM: recv src=10 type=3327 hex=0xcff status=0x10001 i1=0 i2=15 i3=0
VM: recv src=1 type=3074 hex=0xc02 status=0x3 i1=0 i2=0 i3=0
rv64: user pagefault ep=0xa name=mfs pc=0x8140b4 ra=0x812948 sp=0xeffff740 addr=0x85c000 cause=0xf satp=0x8000000000081a75 root=0x81a75000 p_seg=0x81a75000 p_seg_v=0x14000a000
rv64: user pagefault ep=0x1 name=vfs pc=0x8234e8 ra=0x8217ac sp=0xefffd970 addr=0x981000 cause=0xf satp=0x8000000000081410 root=0x81410000 p_seg=0x81410000 p_seg_v=0x140001000
VM: recv src=10 type=3327 hex=0xcff status=0x10001 i1=0 i2=15 i3=0
VM: recv src=1 type=3327 hex=0xcff status=0x10001 i1=0 i2=15 i3=0
rv64: ipc vm op=0x3 src=0xa ptr=0xeffff6a8 mtype=0xc02
rv64: ipc vm op=0x3 src=0x1 ptr=0xefffd908 mtype=0xc02
VM: recv src=10 type=3074 hex=0xc02 status=0x3 i1=0 i2=0 i3=0
VM: recv src=1 type=3074 hex=0xc02 status=0x3 i1=0 i2=0 i3=0
rv64: user pagefault ep=0xa name=mfs pc=0x8140b4 ra=0x812948 sp=0xeffff740 addr=0x85d000 cause=0xf satp=0x8000000000081a75 root=0x81a75000 p_seg=0x81a75000 p_seg_v=0x14000a000
rv64: user pagefault ep=0x1 name=vfs pc=0x8234e8 ra=0x8217ac sp=0xefffd9a0 addr=0x982000 cause=0xf satp=0x8000000000081410 root=0x81410000 p_seg=0x81410000 p_seg_v=0x140001000
VM: recv src=10 type=3327 hex=0xcff status=0x10001 i1=0 i2=15 i3=0
VM: recv src=1 type=3327 hex=0xcff status=0x10001 i1=0 i2=15 i3=0
rv64: user pagefault ep=0xa name=mfs pc=0x8140b4 ra=0x812948 sp=0xeffff740 addr=0x85e000 cause=0xf satp=0x8000000000081a75 root=0x81a75000 p_seg=0x81a75000 p_seg_v=0x14000a000
rv64: ipc vm op=0x3 src=0x1 ptr=0xefffd918 mtype=0xc02
VM: recv src=10 type=3327 hex=0xcff status=0x10001 i1=0 i2=15 i3=0
VM: recv src=1 type=3074 hex=0xc02 status=0x3 i1=0 i2=0 i3=0
rv64: user pagefault ep=0x1 name=vfs pc=0x8234e8 ra=0x8217ac sp=0xefffd9b0 addr=0x983000 cause=0xf satp=0x8000000000081410 root=0x81410000 p_seg=0x81410000 p_seg_v=0x140001000
RS: got init ready ep=10 result=0
RS: wait init ready ep=31744
VM: recv src=1 type=3327 hex=0xcff status=0x10001 i1=0 i2=15 i3=0
rv64: ipc vm op=0x3 src=0x1 ptr=0xefffd8a8 mtype=0xc02
VM: recv src=1 type=3074 hex=0xc02 status=0x3 i1=0 i2=0 i3=0
rv64: user pagefault ep=0x1 name=vfs pc=0x8234e8 ra=0x8217ac sp=0xefffd940 addr=0x984000 cause=0xf satp=0x8000000000081410 root=0x81410000 p_seg=0x81410000 p_seg_v=0x140001000
VM: recv src=1 type=3327 hex=0xcff status=0x10001 i1=0 i2=15 i3=0
rv64: ipc vm op=0x3 src=0x1 ptr=0xefffd9a8 mtype=0xc0a
rv64: ipc vm op=0x3 src=0x1 ptr=0xefffd9a8 mtype=0xc0a
rv64: ipc vm op=0x3 src=0x1 ptr=0xefffd9a8 mtype=0xc0a
rv64: ipc vm op=0x3 src=0x1 ptr=0xefffd9a8 mtype=0xc0a
rv64: ipc vm op=0x3 src=0x1 ptr=0xefffd9a8 mtype=0xc0a
rv64: ipc vm op=0x3 src=0x1 ptr=0xefffd9a8 mtype=0xc0a
rv64: ipc vm op=0x3 src=0x1 ptr=0xefffd9a8 mtype=0xc0a
rv64: ipc vm op=0x3 src=0x1 ptr=0xefffd9a8 mtype=0xc0a
rv64: ipc vm op=0x3 src=0x1 ptr=0xefffd9a8 mtype=0xc0a
rv64: ipc vm op=0x3 src=0x1 ptr=0xefffd9a8 mtype=0xc0a
rv64: ipc vm op=0x3 src=0x1 ptr=0xefffd9a8 mtype=0xc0a
rv64: ipc vm op=0x3 src=0x1 ptr=0xefffd9a8 mtype=0xc0a
rv64: ipc vm op=0x3 src=0x1 ptr=0xefffd9a8 mtype=0xc0a
rv64: ipc vm op=0x3 src=0x1 ptr=0xefffd9a8 mtype=0xc0a
rv64: ipc vm op=0x3 src=0x1 ptr=0xefffd9a8 mtype=0xc0a
rv64: ipc vm op=0x3 src=0x1 ptr=0xefffd9a8 mtype=0xc0a
rv64: ipc vm op=0x3 src=0x1 ptr=0xefffd8a8 mtype=0xc02
rv64: user pagefault ep=0x1 name=vfs pc=0x8234e8 ra=0x8217ac sp=0xefffd940 addr=0x985000 cause=0xf satp=0x8000000000081410 root=0x81410000 p_seg=0x81410000 p_seg_v=0x140001000
rv64: ipc vm op=0x3 src=0x1 ptr=0xefffd8a8 mtype=0xc02
rv64: user pagefault ep=0x1 name=vfs pc=0x8234e8 ra=0x8217ac sp=0xefffd940 addr=0x986000 cause=0xf satp=0x8000000000081410 root=0x81410000 p_seg=0x81410000 p_seg_v=0x140001000
rv64: ipc vm op=0x3 src=0x1 ptr=0xefffd9a8 mtype=0xc0a
rv64: ipc vm op=0x3 src=0x1 ptr=0xefffd9a8 mtype=0xc0a
rv64: user pagefault ep=0x1 name=vfs pc=0x81e760 ra=0x822f50 sp=0xefbfcff0 addr=0xefbfcff8 cause=0xf satp=0x8000000000081410 root=0x81410000 p_seg=0x81410000 p_seg_v=0x140001000
rv64: user pagefault ep=0x1 name=vfs pc=0x81e760 ra=0x822f50 sp=0xefbf3ff0 addr=0xefbf3ff8 cause=0xf satp=0x8000000000081410 root=0x81410000 p_seg=0x81410000 p_seg_v=0x140001000
rv64: user pagefault ep=0x1 name=vfs pc=0x81e760 ra=0x822f50 sp=0xefbeaff0 addr=0xefbeaff8 cause=0xf satp=0x8000000000081410 root=0x81410000 p_seg=0x81410000 p_seg_v=0x140001000
rv64: user pagefault ep=0x1 name=vfs pc=0x81e760 ra=0x822f50 sp=0xefbe1ff0 addr=0xefbe1ff8 cause=0xf satp=0x8000000000081410 root=0x81410000 p_seg=0x81410000 p_seg_v=0x140001000
rv64: user pagefault ep=0x1 name=vfs pc=0x81e760 ra=0x822f50 sp=0xefbd8ff0 addr=0xefbd8ff8 cause=0xf satp=0x8000000000081410 root=0x81410000 p_seg=0x81410000 p_seg_v=0x140001000
rv64: user pagefault ep=0x1 name=vfs pc=0x81e760 ra=0x822f50 sp=0xefbcfff0 addr=0xefbcfff8 cause=0xf satp=0x8000000000081410 root=0x81410000 p_seg=0x81410000 p_seg_v=0x140001000
rv64: user pagefault ep=0x1 name=vfs pc=0x81e760 ra=0x822f50 sp=0xefbc6ff0 addr=0xefbc6ff8 cause=0xf satp=0x8000000000081410 root=0x81410000 p_seg=0x81410000 p_seg_v=0x140001000
rv64: user pagefault ep=0x1 name=vfs pc=0x81e760 ra=0x822f50 sp=0xefbbdff0 addr=0xefbbdff8 cause=0xf satp=0x8000000000081410 root=0x81410000 p_seg=0x81410000 p_seg_v=0x140001000
rv64: user pagefault ep=0x1 name=vfs pc=0x81e760 ra=0x822f50 sp=0xefbb4ff0 addr=0xefbb4ff8 cause=0xf satp=0x8000000000081410 root=0x81410000 p_seg=0x81410000 p_seg_v=0x140001000
rv64: ipc vm op=0x3 src=0x1 ptr=0xefffd8f8 mtype=0xc02
rv64: user pagefault ep=0x1 name=vfs pc=0x8234e8 ra=0x8217ac sp=0xefffd990 addr=0x987000 cause=0xf satp=0x8000000000081410 root=0x81410000 p_seg=0x81410000 p_seg_v=0x140001000
rv64: kcall safecopy err=0xfffffffffffffc1c caller=vfs/0x1 from_to=0x2 gid=0x1 off=0x0 addr=0xefffdb58 bytes=0x1be4
rv64: ipc vm op=0x3 src=0x1 ptr=0xefffd928 mtype=0xc02
rv64: user pagefault ep=0x1 name=vfs pc=0x8234e8 ra=0x8217ac sp=0xefffd9c0 addr=0x988000 cause=0xf satp=0x8000000000081410 root=0x81410000 p_seg=0x81410000 p_seg_v=0x140001000
rv64: ipc vm op=0x3 src=0x1 ptr=0xefffd928 mtype=0xc02
rv64: user pagefault ep=0x1 name=vfs pc=0x8234e8 ra=0x8217ac sp=0xefffd9c0 addr=0x989000 cause=0xf satp=0x8000000000081410 root=0x81410000 p_seg=0x81410000 p_seg_v=0x140001000
rv64: ipc vm op=0x3 src=0x1 ptr=0xefffd908 mtype=0xc02
rv64: user pagefault ep=0x1 name=vfs pc=0x8234e8 ra=0x8217ac sp=0xefffd9a0 addr=0x98a000 cause=0xf satp=0x8000000000081410 root=0x81410000 p_seg=0x81410000 p_seg_v=0x140001000
rv64: ipc vm op=0x3 src=0x1 ptr=0xefffd908 mtype=0xc02
rv64: user pagefault ep=0x1 name=vfs pc=0x8234e8 ra=0x8217ac sp=0xefffd9a0 addr=0x98b000 cause=0xf satp=0x8000000000081410 root=0x81410000 p_seg=0x81410000 p_seg_v=0x140001000
rv64: ipc vm op=0x3 src=0x1 ptr=0xefffd908 mtype=0xc02
rv64: user pagefault ep=0x1 name=vfs pc=0x8234e8 ra=0x8217ac sp=0xefffd9a0 addr=0x98c000 cause=0xf satp=0x8000000000081410 root=0x81410000 p_seg=0x81410000 p_seg_v=0x140001000
rv64: ipc vm op=0x3 src=0x1 ptr=0xefffd908 mtype=0xc02
rv64: user pagefault ep=0x1 name=vfs pc=0x8234e8 ra=0x8217ac sp=0xefffd9a0 addr=0x98d000 cause=0xf satp=0x8000000000081410 root=0x81410000 p_seg=0x81410000 p_seg_v=0x140001000
rv64: ipc vm op=0x3 src=0x1 ptr=0xefffd908 mtype=0xc02
rv64: user pagefault ep=0x1 name=vfs pc=0x8234e8 ra=0x8217ac sp=0xefffd9a0 addr=0x98e000 cause=0xf satp=0x8000000000081410 root=0x81410000 p_seg=0x81410000 p_seg_v=0x140001000
rv64: ipc vm op=0x3 src=0x1 ptr=0xefffd908 mtype=0xc02
rv64: user pagefault ep=0x1 name=vfs pc=0x8234e8 ra=0x8217ac sp=0xefffd9a0 addr=0x98f000 cause=0xf satp=0x8000000000081410 root=0x81410000 p_seg=0x81410000 p_seg_v=0x140001000
rv64: ipc vm op=0x3 src=0x1 ptr=0xefffd908 mtype=0xc02
rv64: ipc vm op=0x3 src=0x1 ptr=0xefffd908 mtype=0xc02
RS: got init ready ep=1 result=0
RS: wait init ready ep=31744
Started VFS: 9 worker thread(s)
VFS: init_root start
VFS: recv src=6 type=4096 hex=0x1000 proc=6
VFS: recv src=0 type=2305 hex=0x901 proc=0
VFS: recv src=11 type=257 hex=0x101 proc=11
RS: got init ready ep=9 result=0
VFS: recv src=9 type=2817 hex=0xb01 proc=9
VFS: init_root pfs mounted
fsdriver: vfs src=1 type=169609985 hex=0xa1c0b01 call=2588 trans=2817 mounted=0
rv64: ipc vm op=0x3 src=0xa ptr=0xeffff648 mtype=0xc0a
rv64: ipc vm op=0x3 src=0xa ptr=0xeffff6e8 mtype=0xc11
rv64: ipc vm op=0x3 src=0xa ptr=0xeffff618 mtype=0xc02
taskcall: who=8 call=3112
rv64: ipc vm op=0x3 src=0xa ptr=0xeffff6e8 mtype=0xc28
taskcall: who=8 call=3098
rv64: ipc vm op=0x3 src=0xa ptr=0xeffff628 mtype=0xc1a
rv64: ipc vm op=0x3 src=0xa ptr=0xeffff5f8 mtype=0xc0a
taskcall: who=8 call=3099
rv64: ipc vm op=0x3 src=0xa ptr=0xeffff6a8 mtype=0xc1b
rv64: kcall GETINFO req=0xc res=0x0
taskcall: who=8 call=3112
rv64: ipc vm op=0x3 src=0xa ptr=0xeffff6f8 mtype=0xc28
rv64: ipc vm op=0x3 src=0xa ptr=0xeffff698 mtype=0xc11
rv64: ipc vm op=0x3 src=0xa ptr=0xeffff528 mtype=0xc02
rv64: ipc vm op=0x3 src=0xa ptr=0xeffff5c8 mtype=0xc02
taskcall: who=8 call=3098
rv64: ipc vm op=0x3 src=0xa ptr=0xeffff648 mtype=0xc1a
rv64: ipc vm op=0x3 src=0xa ptr=0xeffff618 mtype=0xc0a
taskcall: who=8 call=3099
taskcall: who=8 call=3098
taskcall: who=8 call=3099
fsdriver: vfs reply call=2588 trans=2817 r=0 mounted=1
VFS: recv src=10 type=2817 hex=0xb01 proc=10
fsdriver: vfs src=1 type=168430337 hex=0xa0a0b01 call=2570 trans=2817 mounted=1
fsdriver: vfs reply call=2570 trans=2817 r=0 mounted=1
VFS: recv src=10 type=2817 hex=0xb01 proc=10
VFS: init_root mount_fs r=0
VFS: init_root done
VFS: recv src=11 type=257 hex=0x101 proc=11
PM: from init call=31 hex=0x1f
VFS: recv src=11 type=276 hex=0x114 proc=11
fsdriver: vfs src=1 type=169478913 hex=0xa1a0b01 call=2586 trans=2817 mounted=1
fsdriver: vfs reply call=2586 trans=2817 r=-2 mounted=1
VFS: recv src=10 type=-128255 hex=0xfffe0b01 proc=10
VFS: req_lookup ENOENT path="/etc/malloc.conf" dir_ino=1 root_ino=1 fs=10 flags=0x8
PM: from init call=31 hex=0x1f
VFS: recv src=11 type=259 hex=0x103 proc=11
fsdriver: vfs src=1 type=169478913 hex=0xa1a0b01 call=2586 trans=2817 mounted=1
fsdriver: vfs reply call=2586 trans=2817 r=-2 mounted=1
VFS: recv src=10 type=-128255 hex=0xfffe0b01 proc=10
VFS: req_lookup ENOENT path="/usr/share/nls/nls.alias.db" dir_ino=1 root_ino=1 fs=10 flags=0x0
VFS: recv src=11 type=259 hex=0x103 proc=11
fsdriver: vfs src=1 type=169478913 hex=0xa1a0b01 call=2586 trans=2817 mounted=1
fsdriver: vfs reply call=2586 trans=2817 r=-2 mounted=1
VFS: recv src=10 type=-128255 hex=0xfffe0b01 proc=10
VFS: req_lookup ENOENT path="/usr/share/nls/nls.alias" dir_ino=1 root_ino=1 fs=10 flags=0x0
VFS: recv src=11 type=259 hex=0x103 proc=11
fsdriver: vfs src=1 type=169478913 hex=0xa1a0b01 call=2586 trans=2817 mounted=1
fsdriver: vfs reply call=2586 trans=2817 r=-2 mounted=1
VFS: recv src=10 type=-128255 hex=0xfffe0b01 proc=10
VFS: req_lookup ENOENT path="/usr/share/nls/C/libc.cat" dir_ino=1 root_ino=1 fs=10 flags=0x0
VFS: recv src=11 type=259 hex=0x103 proc=11
fsdriver: vfs src=1 type=169478913 hex=0xa1a0b01 call=2586 trans=2817 mounted=1
fsdriver: vfs reply call=2586 trans=2817 r=-2 mounted=1
VFS: recv src=10 type=-128255 hex=0xfffe0b01 proc=10
VFS: req_lookup ENOENT path="/usr/share/nls/libc/C" dir_ino=1 root_ino=1 fs=10 flags=0x0
VFS: recv src=11 type=271 hex=0x10f proc=11
fsdriver: vfs src=1 type=169478913 hex=0xa1a0b01 call=2586 trans=2817 mounted=1
fsdriver: vfs reply call=2586 trans=2817 r=0 mounted=1
VFS: recv src=10 type=2817 hex=0xb01 proc=10
fsdriver: vfs src=1 type=167906049 hex=0xa020b01 call=2562 trans=2817 mounted=1
fsdriver: vfs reply call=2562 trans=2817 r=0 mounted=1
VFS: recv src=10 type=2817 hex=0xb01 proc=10
PM: from init call=20 hex=0x14
PM: from init call=20 hex=0x14
PM: from init call=20 hex=0x14
PM: from init call=20 hex=0x14
PM: from init call=20 hex=0x14
PM: from init call=20 hex=0x14
PM: from init call=20 hex=0x14
PM: from init call=20 hex=0x14
PM: from init call=20 hex=0x14
PM: from init call=20 hex=0x14
PM: from init call=23 hex=0x17
PM: from init call=20 hex=0x14
PM: from init call=20 hex=0x14
VFS: recv src=11 type=261 hex=0x105 proc=11
VFS: recv src=11 type=261 hex=0x105 proc=11
VFS: recv src=11 type=261 hex=0x105 proc=11
VFS: recv src=11 type=259 hex=0x103 proc=11
fsdriver: vfs src=1 type=169478913 hex=0xa1a0b01 call=2586 trans=2817 mounted=1
fsdriver: vfs reply call=2586 trans=2817 r=0 mounted=1
VFS: recv src=10 type=2817 hex=0xb01 proc=10
VFS: recv src=5 type=1152 hex=0x480 proc=5
VFS: open /dev/console flags=0x1 r=0
VFS: recv src=11 type=281 hex=0x119 proc=11
VFS: recv src=11 type=261 hex=0x105 proc=11
VFS: recv src=11 type=281 hex=0x119 proc=11
VFS: recv src=11 type=281 hex=0x119 proc=11
VFS: recv src=11 type=261 hex=0x105 proc=11
VFS: recv src=11 type=281 hex=0x119 proc=11
VFS: recv src=11 type=259 hex=0x103 proc=11
fsdriver: vfs src=1 type=169478913 hex=0xa1a0b01 call=2586 trans=2817 mounted=1
fsdriver: vfs reply call=2586 trans=2817 r=0 mounted=1
VFS: recv src=10 type=2817 hex=0xb01 proc=10
VFS: recv src=5 type=1152 hex=0x480 proc=5
VFS: open /dev/console flags=0x1 r=3
VFS: recv src=11 type=257 hex=0x101 proc=11
VFS: recv src=5 type=1152 hex=0x480 proc=5
VFS: recv src=11 type=261 hex=0x105 proc=11
VFS: recv src=5 type=1152 hex=0x480 proc=5
VFS: recv src=11 type=259 hex=0x103 proc=11
fsdriver: vfs src=1 type=169478913 hex=0xa1a0b01 call=2586 trans=2817 mounted=1
fsdriver: vfs reply call=2586 trans=2817 r=0 mounted=1
VFS: recv src=10 type=2817 hex=0xb01 proc=10
VFS: recv src=5 type=1152 hex=0x480 proc=5
VFS: open /dev/console flags=0x1 r=3
VFS: recv src=11 type=257 hex=0x101 proc=11
VFS: recv src=5 type=1152 hex=0x480 proc=5
VFS: recv src=11 type=261 hex=0x105 proc=11
VFS: recv src=5 type=1152 hex=0x480 proc=5
VFS: recv src=11 type=259 hex=0x103 proc=11
fsdriver: vfs src=1 type=169478913 hex=0xa1a0b01 call=2586 trans=2817 mounted=1
fsdriver: vfs reply call=2586 trans=2817 r=0 mounted=1
VFS: recv src=10 type=2817 hex=0xb01 proc=10
VFS: recv src=5 type=1152 hex=0x480 proc=5
VFS: open /dev/console flags=0x1 r=3
VFS: recv src=11 type=257 hex=0x101 proc=11
VFS: recv src=5 type=1152 hex=0x480 proc=5
VFS: recv src=11 type=261 hex=0x105 proc=11
VFS: recv src=5 type=1152 hex=0x480 proc=5
PM: from init call=2 hex=0x2
taskcall: who=8 call=3073
VM: pt_bind set_addrspace r=0
VFS: recv src=0 type=2311 hex=0x907 proc=0
PM: from init call=3 hex=0x3
VFS: recv src=0 type=2307 hex=0x903 proc=0
VFS: recv src=32780 type=286 hex=0x11e proc=12
qemu-system-riscv64: terminating on signal 15 from pid 3115643 (timeout)
